{"/home/pawan/vscodeagent/Solution/src/commands/bc2-sync.js": {"path":"/home/pawan/vscodeagent/Solution/src/commands/bc2-sync.js","statementMap":{"0":{"start":{"line":11,"column":25},"end":{"line":11,"column":35}},"1":{"start":{"line":12,"column":29},"end":{"line":12,"column":42}},"2":{"start":{"line":15,"column":21},"end":{"line":17,"column":18}},"3":{"start":{"line":18,"column":2},"end":{"line":18,"column":59}},"4":{"start":{"line":22,"column":2},"end":{"line":22,"column":26}},"5":{"start":{"line":22,"column":14},"end":{"line":22,"column":26}},"6":{"start":{"line":23,"column":16},"end":{"line":23,"column":36}},"7":{"start":{"line":24,"column":15},"end":{"line":24,"column":30}},"8":{"start":{"line":25,"column":2},"end":{"line":27,"column":3}},"9":{"start":{"line":26,"column":4},"end":{"line":26,"column":59}},"10":{"start":{"line":28,"column":2},"end":{"line":28,"column":28}},"11":{"start":{"line":32,"column":18},"end":{"line":32,"column":46}},"12":{"start":{"line":33,"column":2},"end":{"line":33,"column":43}},"13":{"start":{"line":33,"column":16},"end":{"line":33,"column":43}},"14":{"start":{"line":34,"column":22},"end":{"line":34,"column":76}},"15":{"start":{"line":35,"column":2},"end":{"line":35,"column":265}},"16":{"start":{"line":39,"column":17},"end":{"line":39,"column":19}},"17":{"start":{"line":40,"column":2},"end":{"line":40,"column":38}},"18":{"start":{"line":40,"column":16},"end":{"line":40,"column":38}},"19":{"start":{"line":41,"column":2},"end":{"line":41,"column":16}},"20":{"start":{"line":48,"column":13},"end":{"line":51,"column":4}},"21":{"start":{"line":52,"column":2},"end":{"line":64,"column":3}},"22":{"start":{"line":53,"column":18},"end":{"line":53,"column":38}},"23":{"start":{"line":54,"column":17},"end":{"line":54,"column":64}},"24":{"start":{"line":55,"column":4},"end":{"line":55,"column":40}},"25":{"start":{"line":55,"column":30},"end":{"line":55,"column":40}},"26":{"start":{"line":56,"column":4},"end":{"line":56,"column":28}},"27":{"start":{"line":56,"column":16},"end":{"line":56,"column":28}},"28":{"start":{"line":57,"column":22},"end":{"line":57,"column":37}},"29":{"start":{"line":58,"column":4},"end":{"line":61,"column":7}},"30":{"start":{"line":59,"column":17},"end":{"line":59,"column":55}},"31":{"start":{"line":60,"column":6},"end":{"line":60,"column":62}},"32":{"start":{"line":63,"column":4},"end":{"line":63,"column":15}},"33":{"start":{"line":75,"column":22},"end":{"line":81,"column":7}},"34":{"start":{"line":83,"column":2},"end":{"line":85,"column":3}},"35":{"start":{"line":83,"column":47},"end":{"line":83,"column":51}},"36":{"start":{"line":84,"column":4},"end":{"line":84,"column":60}},"37":{"start":{"line":87,"column":19},"end":{"line":87,"column":36}},"38":{"start":{"line":88,"column":18},"end":{"line":143,"column":3}},"39":{"start":{"line":89,"column":20},"end":{"line":92,"column":6}},"40":{"start":{"line":93,"column":19},"end":{"line":106,"column":57}},"41":{"start":{"line":94,"column":21},"end":{"line":105,"column":7}},"42":{"start":{"line":106,"column":25},"end":{"line":106,"column":56}},"43":{"start":{"line":108,"column":4},"end":{"line":110,"column":5}},"44":{"start":{"line":109,"column":6},"end":{"line":109,"column":78}},"45":{"start":{"line":112,"column":4},"end":{"line":121,"column":5}},"46":{"start":{"line":113,"column":6},"end":{"line":120,"column":8}},"47":{"start":{"line":123,"column":21},"end":{"line":123,"column":54}},"48":{"start":{"line":124,"column":4},"end":{"line":124,"column":32}},"49":{"start":{"line":125,"column":19},"end":{"line":130,"column":6}},"50":{"start":{"line":131,"column":4},"end":{"line":131,"column":30}},"51":{"start":{"line":133,"column":21},"end":{"line":133,"column":72}},"52":{"start":{"line":134,"column":20},"end":{"line":134,"column":44}},"53":{"start":{"line":135,"column":4},"end":{"line":142,"column":6}},"54":{"start":{"line":145,"column":2},"end":{"line":147,"column":3}},"55":{"start":{"line":146,"column":4},"end":{"line":146,"column":21}},"56":{"start":{"line":149,"column":17},"end":{"line":151,"column":11}},"57":{"start":{"line":152,"column":15},"end":{"line":152,"column":20}},"58":{"start":{"line":153,"column":2},"end":{"line":153,"column":18}},"59":{"start":{"line":154,"column":16},"end":{"line":164,"column":26}},"60":{"start":{"line":155,"column":4},"end":{"line":155,"column":23}},"61":{"start":{"line":155,"column":16},"end":{"line":155,"column":23}},"62":{"start":{"line":156,"column":4},"end":{"line":156,"column":18}},"63":{"start":{"line":157,"column":4},"end":{"line":163,"column":5}},"64":{"start":{"line":158,"column":6},"end":{"line":158,"column":22}},"65":{"start":{"line":160,"column":6},"end":{"line":160,"column":64}},"66":{"start":{"line":162,"column":6},"end":{"line":162,"column":21}},"67":{"start":{"line":166,"column":2},"end":{"line":171,"column":5}},"68":{"start":{"line":167,"column":4},"end":{"line":167,"column":25}},"69":{"start":{"line":168,"column":4},"end":{"line":168,"column":19}},"70":{"start":{"line":169,"column":4},"end":{"line":169,"column":54}},"71":{"start":{"line":170,"column":4},"end":{"line":170,"column":20}},"72":{"start":{"line":173,"column":2},"end":{"line":173,"column":56}},"73":{"start":{"line":177,"column":18},"end":{"line":181,"column":5}},"74":{"start":{"line":183,"column":2},"end":{"line":223,"column":7}},"75":{"start":{"line":194,"column":21},"end":{"line":194,"column":56}},"76":{"start":{"line":195,"column":6},"end":{"line":222,"column":7}},"77":{"start":{"line":196,"column":23},"end":{"line":203,"column":10}},"78":{"start":{"line":204,"column":8},"end":{"line":204,"column":46}},"79":{"start":{"line":205,"column":8},"end":{"line":217,"column":9}},"80":{"start":{"line":206,"column":10},"end":{"line":208,"column":12}},"81":{"start":{"line":209,"column":15},"end":{"line":217,"column":9}},"82":{"start":{"line":210,"column":10},"end":{"line":212,"column":12}},"83":{"start":{"line":214,"column":10},"end":{"line":216,"column":12}},"84":{"start":{"line":219,"column":8},"end":{"line":219,"column":23}},"85":{"start":{"line":220,"column":8},"end":{"line":220,"column":62}},"86":{"start":{"line":221,"column":8},"end":{"line":221,"column":29}}},"fnMap":{"0":{"name":"normalizeRole","decl":{"start":{"line":14,"column":9},"end":{"line":14,"column":22}},"loc":{"start":{"line":14,"column":29},"end":{"line":19,"column":1}},"line":14},"1":{"name":"parseSince","decl":{"start":{"line":21,"column":9},"end":{"line":21,"column":19}},"loc":{"start":{"line":21,"column":27},"end":{"line":29,"column":1}},"line":21},"2":{"name":"buildQuery","decl":{"start":{"line":31,"column":9},"end":{"line":31,"column":19}},"loc":{"start":{"line":31,"column":30},"end":{"line":36,"column":1}},"line":31},"3":{"name":"buildParams","decl":{"start":{"line":38,"column":9},"end":{"line":38,"column":20}},"loc":{"start":{"line":38,"column":31},"end":{"line":42,"column":1}},"line":38},"4":{"name":"fetchBc2Messages","decl":{"start":{"line":44,"column":22},"end":{"line":44,"column":38}},"loc":{"start":{"line":47,"column":2},"end":{"line":65,"column":1}},"line":47},"5":{"name":"(anonymous_5)","decl":{"start":{"line":58,"column":23},"end":{"line":58,"column":24}},"loc":{"start":{"line":58,"column":32},"end":{"line":61,"column":5}},"line":58},"6":{"name":"syncBc2Messages","decl":{"start":{"line":67,"column":22},"end":{"line":67,"column":37}},"loc":{"start":{"line":74,"column":8},"end":{"line":174,"column":1}},"line":74},"7":{"name":"(anonymous_7)","decl":{"start":{"line":83,"column":41},"end":{"line":83,"column":42}},"loc":{"start":{"line":83,"column":47},"end":{"line":83,"column":51}},"line":83},"8":{"name":"(anonymous_8)","decl":{"start":{"line":88,"column":18},"end":{"line":88,"column":23}},"loc":{"start":{"line":88,"column":30},"end":{"line":143,"column":3}},"line":88},"9":{"name":"(anonymous_9)","decl":{"start":{"line":94,"column":11},"end":{"line":94,"column":12}},"loc":{"start":{"line":94,"column":21},"end":{"line":105,"column":7}},"line":94},"10":{"name":"(anonymous_10)","decl":{"start":{"line":106,"column":14},"end":{"line":106,"column":15}},"loc":{"start":{"line":106,"column":25},"end":{"line":106,"column":56}},"line":106},"11":{"name":"(anonymous_11)","decl":{"start":{"line":154,"column":28},"end":{"line":154,"column":33}},"loc":{"start":{"line":154,"column":40},"end":{"line":164,"column":3}},"line":154},"12":{"name":"(anonymous_12)","decl":{"start":{"line":166,"column":23},"end":{"line":166,"column":24}},"loc":{"start":{"line":166,"column":29},"end":{"line":171,"column":3}},"line":166},"13":{"name":"bindBc2SyncCommand","decl":{"start":{"line":176,"column":16},"end":{"line":176,"column":34}},"loc":{"start":{"line":176,"column":44},"end":{"line":224,"column":1}},"line":176},"14":{"name":"(anonymous_14)","decl":{"start":{"line":193,"column":12},"end":{"line":193,"column":17}},"loc":{"start":{"line":193,"column":31},"end":{"line":223,"column":5}},"line":193}},"branchMap":{"0":{"loc":{"start":{"line":15,"column":28},"end":{"line":15,"column":38}},"type":"binary-expr","locations":[{"start":{"line":15,"column":28},"end":{"line":15,"column":32}},{"start":{"line":15,"column":36},"end":{"line":15,"column":38}}],"line":15},"1":{"loc":{"start":{"line":18,"column":9},"end":{"line":18,"column":58}},"type":"cond-expr","locations":[{"start":{"line":18,"column":38},"end":{"line":18,"column":49}},{"start":{"line":18,"column":52},"end":{"line":18,"column":58}}],"line":18},"2":{"loc":{"start":{"line":22,"column":2},"end":{"line":22,"column":26}},"type":"if","locations":[{"start":{"line":22,"column":2},"end":{"line":22,"column":26}},{"start":{},"end":{}}],"line":22},"3":{"loc":{"start":{"line":25,"column":2},"end":{"line":27,"column":3}},"type":"if","locations":[{"start":{"line":25,"column":2},"end":{"line":27,"column":3}},{"start":{},"end":{}}],"line":25},"4":{"loc":{"start":{"line":33,"column":2},"end":{"line":33,"column":43}},"type":"if","locations":[{"start":{"line":33,"column":2},"end":{"line":33,"column":43}},{"start":{},"end":{}}],"line":33},"5":{"loc":{"start":{"line":34,"column":22},"end":{"line":34,"column":76}},"type":"cond-expr","locations":[{"start":{"line":34,"column":39},"end":{"line":34,"column":71}},{"start":{"line":34,"column":74},"end":{"line":34,"column":76}}],"line":34},"6":{"loc":{"start":{"line":40,"column":2},"end":{"line":40,"column":38}},"type":"if","locations":[{"start":{"line":40,"column":2},"end":{"line":40,"column":38}},{"start":{},"end":{}}],"line":40},"7":{"loc":{"start":{"line":46,"column":2},"end":{"line":46,"column":26}},"type":"default-arg","locations":[{"start":{"line":46,"column":24},"end":{"line":46,"column":26}}],"line":46},"8":{"loc":{"start":{"line":55,"column":4},"end":{"line":55,"column":40}},"type":"if","locations":[{"start":{"line":55,"column":4},"end":{"line":55,"column":40}},{"start":{},"end":{}}],"line":55},"9":{"loc":{"start":{"line":56,"column":4},"end":{"line":56,"column":28}},"type":"if","locations":[{"start":{"line":56,"column":4},"end":{"line":56,"column":28}},{"start":{},"end":{}}],"line":56},"10":{"loc":{"start":{"line":59,"column":33},"end":{"line":59,"column":53}},"type":"binary-expr","locations":[{"start":{"line":59,"column":33},"end":{"line":59,"column":47}},{"start":{"line":59,"column":51},"end":{"line":59,"column":53}}],"line":59},"11":{"loc":{"start":{"line":60,"column":13},"end":{"line":60,"column":61}},"type":"binary-expr","locations":[{"start":{"line":60,"column":13},"end":{"line":60,"column":42}},{"start":{"line":60,"column":46},"end":{"line":60,"column":61}}],"line":60},"12":{"loc":{"start":{"line":67,"column":38},"end":{"line":74,"column":6}},"type":"default-arg","locations":[{"start":{"line":74,"column":4},"end":{"line":74,"column":6}}],"line":67},"13":{"loc":{"start":{"line":72,"column":2},"end":{"line":72,"column":16}},"type":"default-arg","locations":[{"start":{"line":72,"column":11},"end":{"line":72,"column":16}}],"line":72},"14":{"loc":{"start":{"line":73,"column":2},"end":{"line":73,"column":18}},"type":"default-arg","locations":[{"start":{"line":73,"column":13},"end":{"line":73,"column":18}}],"line":73},"15":{"loc":{"start":{"line":75,"column":22},"end":{"line":81,"column":7}},"type":"cond-expr","locations":[{"start":{"line":76,"column":6},"end":{"line":76,"column":33}},{"start":{"line":77,"column":6},"end":{"line":81,"column":7}}],"line":75},"16":{"loc":{"start":{"line":78,"column":8},"end":{"line":78,"column":76}},"type":"binary-expr","locations":[{"start":{"line":78,"column":8},"end":{"line":78,"column":27}},{"start":{"line":78,"column":31},"end":{"line":78,"column":76}}],"line":78},"17":{"loc":{"start":{"line":83,"column":2},"end":{"line":85,"column":3}},"type":"if","locations":[{"start":{"line":83,"column":2},"end":{"line":85,"column":3}},{"start":{},"end":{}}],"line":83},"18":{"loc":{"start":{"line":95,"column":24},"end":{"line":95,"column":41}},"type":"binary-expr","locations":[{"start":{"line":95,"column":24},"end":{"line":95,"column":35}},{"start":{"line":95,"column":39},"end":{"line":95,"column":41}}],"line":95},"19":{"loc":{"start":{"line":97,"column":18},"end":{"line":97,"column":38}},"type":"binary-expr","locations":[{"start":{"line":97,"column":18},"end":{"line":97,"column":30}},{"start":{"line":97,"column":34},"end":{"line":97,"column":38}}],"line":97},"20":{"loc":{"start":{"line":98,"column":24},"end":{"line":98,"column":66}},"type":"binary-expr","locations":[{"start":{"line":98,"column":24},"end":{"line":98,"column":38}},{"start":{"line":98,"column":42},"end":{"line":98,"column":66}}],"line":98},"21":{"loc":{"start":{"line":100,"column":33},"end":{"line":100,"column":57}},"type":"binary-expr","locations":[{"start":{"line":100,"column":33},"end":{"line":100,"column":51}},{"start":{"line":100,"column":55},"end":{"line":100,"column":57}}],"line":100},"22":{"loc":{"start":{"line":101,"column":33},"end":{"line":101,"column":58}},"type":"binary-expr","locations":[{"start":{"line":101,"column":33},"end":{"line":101,"column":52}},{"start":{"line":101,"column":56},"end":{"line":101,"column":58}}],"line":101},"23":{"loc":{"start":{"line":103,"column":29},"end":{"line":103,"column":71}},"type":"binary-expr","locations":[{"start":{"line":103,"column":29},"end":{"line":103,"column":43}},{"start":{"line":103,"column":47},"end":{"line":103,"column":71}}],"line":103},"24":{"loc":{"start":{"line":108,"column":4},"end":{"line":110,"column":5}},"type":"if","locations":[{"start":{"line":108,"column":4},"end":{"line":110,"column":5}},{"start":{},"end":{}}],"line":108},"25":{"loc":{"start":{"line":112,"column":4},"end":{"line":121,"column":5}},"type":"if","locations":[{"start":{"line":112,"column":4},"end":{"line":121,"column":5}},{"start":{},"end":{}}],"line":112},"26":{"loc":{"start":{"line":133,"column":21},"end":{"line":133,"column":72}},"type":"cond-expr","locations":[{"start":{"line":133,"column":50},"end":{"line":133,"column":68}},{"start":{"line":133,"column":71},"end":{"line":133,"column":72}}],"line":133},"27":{"loc":{"start":{"line":145,"column":2},"end":{"line":147,"column":3}},"type":"if","locations":[{"start":{"line":145,"column":2},"end":{"line":147,"column":3}},{"start":{},"end":{}}],"line":145},"28":{"loc":{"start":{"line":155,"column":4},"end":{"line":155,"column":23}},"type":"if","locations":[{"start":{"line":155,"column":4},"end":{"line":155,"column":23}},{"start":{},"end":{}}],"line":155},"29":{"loc":{"start":{"line":160,"column":37},"end":{"line":160,"column":60}},"type":"binary-expr","locations":[{"start":{"line":160,"column":37},"end":{"line":160,"column":51}},{"start":{"line":160,"column":55},"end":{"line":160,"column":60}}],"line":160},"30":{"loc":{"start":{"line":205,"column":8},"end":{"line":217,"column":9}},"type":"if","locations":[{"start":{"line":205,"column":8},"end":{"line":217,"column":9}},{"start":{"line":209,"column":15},"end":{"line":217,"column":9}}],"line":205},"31":{"loc":{"start":{"line":209,"column":15},"end":{"line":217,"column":9}},"type":"if","locations":[{"start":{"line":209,"column":15},"end":{"line":217,"column":9}},{"start":{"line":213,"column":15},"end":{"line":217,"column":9}}],"line":209},"32":{"loc":{"start":{"line":220,"column":39},"end":{"line":220,"column":58}},"type":"binary-expr","locations":[{"start":{"line":220,"column":39},"end":{"line":220,"column":51}},{"start":{"line":220,"column":55},"end":{"line":220,"column":58}}],"line":220}},"s":{"0":1,"1":1,"2":22,"3":22,"4":13,"5":9,"6":4,"7":4,"8":4,"9":2,"10":2,"11":16,"12":16,"13":2,"14":16,"15":16,"16":16,"17":16,"18":2,"19":16,"20":17,"21":17,"22":17,"23":17,"24":17,"25":0,"26":16,"27":12,"28":4,"29":4,"30":10,"31":10,"32":16,"33":16,"34":16,"35":3,"36":3,"37":13,"38":13,"39":13,"40":12,"41":22,"42":22,"43":12,"44":1,"45":11,"46":7,"47":4,"48":4,"49":4,"50":4,"51":4,"52":13,"53":13,"54":13,"55":7,"56":4,"57":4,"58":4,"59":4,"60":2,"61":0,"62":2,"63":2,"64":2,"65":1,"66":2,"67":4,"68":1,"69":1,"70":1,"71":1,"72":4,"73":5,"74":5,"75":4,"76":4,"77":4,"78":3,"79":3,"80":1,"81":2,"82":1,"83":1,"84":1,"85":1,"86":1},"f":{"0":22,"1":13,"2":16,"3":16,"4":17,"5":10,"6":16,"7":3,"8":13,"9":22,"10":22,"11":2,"12":1,"13":5,"14":4},"b":{"0":[22,0],"1":[11,11],"2":[9,4],"3":[2,2],"4":[2,14],"5":[16,0],"6":[2,14],"7":[17],"8":[0,17],"9":[12,4],"10":[10,0],"11":[10,9],"12":[16],"13":[16],"14":[16],"15":[15,1],"16":[1,1],"17":[3,13],"18":[22,0],"19":[22,0],"20":[22,0],"21":[22,0],"22":[22,0],"23":[22,0],"24":[1,11],"25":[7,4],"26":[4,0],"27":[7,6],"28":[0,2],"29":[1,0],"30":[1,2],"31":[1,1],"32":[1,0]},"meta":{"lastBranch":33,"lastFunction":15,"lastStatement":87,"seen":{"s:11:25:11:35":0,"s:12:29:12:42":1,"f:14:9:14:22":0,"s:15:21:17:18":2,"b:15:28:15:32:15:36:15:38":0,"s:18:2:18:59":3,"b:18:38:18:49:18:52:18:58":1,"f:21:9:21:19":1,"b:22:2:22:26:undefined:undefined:undefined:undefined":2,"s:22:2:22:26":4,"s:22:14:22:26":5,"s:23:16:23:36":6,"s:24:15:24:30":7,"b:25:2:27:3:undefined:undefined:undefined:undefined":3,"s:25:2:27:3":8,"s:26:4:26:59":9,"s:28:2:28:28":10,"f:31:9:31:19":2,"s:32:18:32:46":11,"b:33:2:33:43:undefined:undefined:undefined:undefined":4,"s:33:2:33:43":12,"s:33:16:33:43":13,"s:34:22:34:76":14,"b:34:39:34:71:34:74:34:76":5,"s:35:2:35:265":15,"f:38:9:38:20":3,"s:39:17:39:19":16,"b:40:2:40:38:undefined:undefined:undefined:undefined":6,"s:40:2:40:38":17,"s:40:16:40:38":18,"s:41:2:41:16":19,"f:44:22:44:38":4,"b:46:24:46:26":7,"s:48:13:51:4":20,"s:52:2:64:3":21,"s:53:18:53:38":22,"s:54:17:54:64":23,"b:55:4:55:40:undefined:undefined:undefined:undefined":8,"s:55:4:55:40":24,"s:55:30:55:40":25,"b:56:4:56:28:undefined:undefined:undefined:undefined":9,"s:56:4:56:28":26,"s:56:16:56:28":27,"s:57:22:57:37":28,"s:58:4:61:7":29,"f:58:23:58:24":5,"s:59:17:59:55":30,"b:59:33:59:47:59:51:59:53":10,"s:60:6:60:62":31,"b:60:13:60:42:60:46:60:61":11,"s:63:4:63:15":32,"f:67:22:67:37":6,"b:74:4:74:6":12,"b:72:11:72:16":13,"b:73:13:73:18":14,"s:75:22:81:7":33,"b:76:6:76:33:77:6:81:7":15,"b:78:8:78:27:78:31:78:76":16,"b:83:2:85:3:undefined:undefined:undefined:undefined":17,"s:83:2:85:3":34,"f:83:41:83:42":7,"s:83:47:83:51":35,"s:84:4:84:60":36,"s:87:19:87:36":37,"s:88:18:143:3":38,"f:88:18:88:23":8,"s:89:20:92:6":39,"s:93:19:106:57":40,"f:94:11:94:12":9,"s:94:21:105:7":41,"b:95:24:95:35:95:39:95:41":18,"b:97:18:97:30:97:34:97:38":19,"b:98:24:98:38:98:42:98:66":20,"b:100:33:100:51:100:55:100:57":21,"b:101:33:101:52:101:56:101:58":22,"b:103:29:103:43:103:47:103:71":23,"f:106:14:106:15":10,"s:106:25:106:56":42,"b:108:4:110:5:undefined:undefined:undefined:undefined":24,"s:108:4:110:5":43,"s:109:6:109:78":44,"b:112:4:121:5:undefined:undefined:undefined:undefined":25,"s:112:4:121:5":45,"s:113:6:120:8":46,"s:123:21:123:54":47,"s:124:4:124:32":48,"s:125:19:130:6":49,"s:131:4:131:30":50,"s:133:21:133:72":51,"b:133:50:133:68:133:71:133:72":26,"s:134:20:134:44":52,"s:135:4:142:6":53,"b:145:2:147:3:undefined:undefined:undefined:undefined":27,"s:145:2:147:3":54,"s:146:4:146:21":55,"s:149:17:151:11":56,"s:152:15:152:20":57,"s:153:2:153:18":58,"s:154:16:164:26":59,"f:154:28:154:33":11,"b:155:4:155:23:undefined:undefined:undefined:undefined":28,"s:155:4:155:23":60,"s:155:16:155:23":61,"s:156:4:156:18":62,"s:157:4:163:5":63,"s:158:6:158:22":64,"s:160:6:160:64":65,"b:160:37:160:51:160:55:160:60":29,"s:162:6:162:21":66,"s:166:2:171:5":67,"f:166:23:166:24":12,"s:167:4:167:25":68,"s:168:4:168:19":69,"s:169:4:169:54":70,"s:170:4:170:20":71,"s:173:2:173:56":72,"f:176:16:176:34":13,"s:177:18:181:5":73,"s:183:2:223:7":74,"f:193:12:193:17":14,"s:194:21:194:56":75,"s:195:6:222:7":76,"s:196:23:203:10":77,"s:204:8:204:46":78,"b:205:8:217:9:209:15:217:9":30,"s:205:8:217:9":79,"s:206:10:208:12":80,"b:209:15:217:9:213:15:217:9":31,"s:209:15:217:9":81,"s:210:10:212:12":82,"s:214:10:216:12":83,"s:219:8:219:23":84,"s:220:8:220:62":85,"b:220:39:220:51:220:55:220:58":32,"s:221:8:221:29":86}}}
}
