{"/home/pawan/vscodeagent/Solution/src/commands/ai.js": {"path":"/home/pawan/vscodeagent/Solution/src/commands/ai.js","statementMap":{"0":{"start":{"line":21,"column":2},"end":{"line":21,"column":31}},"1":{"start":{"line":21,"column":21},"end":{"line":21,"column":31}},"2":{"start":{"line":22,"column":2},"end":{"line":22,"column":41}},"3":{"start":{"line":22,"column":28},"end":{"line":22,"column":41}},"4":{"start":{"line":24,"column":2},"end":{"line":28,"column":3}},"5":{"start":{"line":25,"column":4},"end":{"line":25,"column":29}},"6":{"start":{"line":27,"column":4},"end":{"line":27,"column":27}},"7":{"start":{"line":32,"column":2},"end":{"line":34,"column":3}},"8":{"start":{"line":33,"column":4},"end":{"line":33,"column":28}},"9":{"start":{"line":36,"column":2},"end":{"line":36,"column":53}},"10":{"start":{"line":40,"column":2},"end":{"line":40,"column":80}},"11":{"start":{"line":44,"column":2},"end":{"line":49,"column":3}},"12":{"start":{"line":45,"column":16},"end":{"line":45,"column":66}},"13":{"start":{"line":46,"column":4},"end":{"line":46,"column":27}},"14":{"start":{"line":48,"column":4},"end":{"line":48,"column":16}},"15":{"start":{"line":61,"column":2},"end":{"line":61,"column":48}},"16":{"start":{"line":62,"column":2},"end":{"line":72,"column":3}},"17":{"start":{"line":63,"column":4},"end":{"line":71,"column":6}},"18":{"start":{"line":66,"column":27},"end":{"line":68,"column":14}},"19":{"start":{"line":69,"column":8},"end":{"line":69,"column":65}},"20":{"start":{"line":73,"column":2},"end":{"line":73,"column":16}},"21":{"start":{"line":75,"column":2},"end":{"line":84,"column":3}},"22":{"start":{"line":76,"column":4},"end":{"line":76,"column":74}},"23":{"start":{"line":77,"column":4},"end":{"line":77,"column":61}},"24":{"start":{"line":78,"column":4},"end":{"line":78,"column":77}},"25":{"start":{"line":79,"column":4},"end":{"line":79,"column":65}},"26":{"start":{"line":80,"column":4},"end":{"line":80,"column":69}},"27":{"start":{"line":81,"column":4},"end":{"line":81,"column":66}},"28":{"start":{"line":83,"column":4},"end":{"line":83,"column":60}},"29":{"start":{"line":86,"column":2},"end":{"line":86,"column":16}},"30":{"start":{"line":88,"column":2},"end":{"line":100,"column":3}},"31":{"start":{"line":89,"column":4},"end":{"line":89,"column":48}},"32":{"start":{"line":90,"column":4},"end":{"line":90,"column":52}},"33":{"start":{"line":91,"column":4},"end":{"line":91,"column":73}},"34":{"start":{"line":92,"column":4},"end":{"line":92,"column":69}},"35":{"start":{"line":93,"column":4},"end":{"line":96,"column":6}},"36":{"start":{"line":97,"column":4},"end":{"line":97,"column":60}},"37":{"start":{"line":99,"column":4},"end":{"line":99,"column":61}},"38":{"start":{"line":102,"column":2},"end":{"line":102,"column":16}},"39":{"start":{"line":104,"column":2},"end":{"line":112,"column":3}},"40":{"start":{"line":105,"column":4},"end":{"line":105,"column":53}},"41":{"start":{"line":106,"column":4},"end":{"line":106,"column":59}},"42":{"start":{"line":107,"column":4},"end":{"line":107,"column":60}},"43":{"start":{"line":108,"column":4},"end":{"line":108,"column":60}},"44":{"start":{"line":109,"column":4},"end":{"line":109,"column":62}},"45":{"start":{"line":111,"column":4},"end":{"line":111,"column":60}},"46":{"start":{"line":114,"column":2},"end":{"line":114,"column":16}},"47":{"start":{"line":116,"column":2},"end":{"line":130,"column":3}},"48":{"start":{"line":117,"column":4},"end":{"line":117,"column":63}},"49":{"start":{"line":119,"column":4},"end":{"line":127,"column":7}},"50":{"start":{"line":120,"column":6},"end":{"line":120,"column":66}},"51":{"start":{"line":122,"column":28},"end":{"line":122,"column":61}},"52":{"start":{"line":124,"column":6},"end":{"line":126,"column":7}},"53":{"start":{"line":125,"column":8},"end":{"line":125,"column":60}},"54":{"start":{"line":129,"column":4},"end":{"line":129,"column":70}},"55":{"start":{"line":132,"column":2},"end":{"line":132,"column":16}},"56":{"start":{"line":134,"column":2},"end":{"line":142,"column":3}},"57":{"start":{"line":135,"column":4},"end":{"line":135,"column":55}},"58":{"start":{"line":137,"column":4},"end":{"line":139,"column":7}},"59":{"start":{"line":138,"column":6},"end":{"line":138,"column":64}},"60":{"start":{"line":141,"column":4},"end":{"line":141,"column":62}},"61":{"start":{"line":144,"column":2},"end":{"line":144,"column":16}},"62":{"start":{"line":146,"column":2},"end":{"line":154,"column":3}},"63":{"start":{"line":147,"column":4},"end":{"line":147,"column":59}},"64":{"start":{"line":149,"column":4},"end":{"line":151,"column":7}},"65":{"start":{"line":150,"column":6},"end":{"line":150,"column":75}},"66":{"start":{"line":153,"column":4},"end":{"line":153,"column":66}},"67":{"start":{"line":163,"column":13},"end":{"line":163,"column":40}},"68":{"start":{"line":165,"column":2},"end":{"line":174,"column":4}},"69":{"start":{"line":173,"column":17},"end":{"line":173,"column":27}},"70":{"start":{"line":181,"column":2},"end":{"line":194,"column":3}},"71":{"start":{"line":183,"column":15},"end":{"line":183,"column":42}},"72":{"start":{"line":184,"column":4},"end":{"line":193,"column":6}},"73":{"start":{"line":192,"column":19},"end":{"line":192,"column":29}},"74":{"start":{"line":196,"column":2},"end":{"line":196,"column":33}},"75":{"start":{"line":200,"column":18},"end":{"line":200,"column":41}},"76":{"start":{"line":202,"column":22},"end":{"line":202,"column":52}},"77":{"start":{"line":203,"column":16},"end":{"line":203,"column":47}},"78":{"start":{"line":205,"column":25},"end":{"line":205,"column":57}},"79":{"start":{"line":207,"column":2},"end":{"line":219,"column":3}},"80":{"start":{"line":208,"column":21},"end":{"line":208,"column":53}},"81":{"start":{"line":210,"column":4},"end":{"line":218,"column":5}},"82":{"start":{"line":211,"column":6},"end":{"line":213,"column":7}},"83":{"start":{"line":212,"column":8},"end":{"line":212,"column":62}},"84":{"start":{"line":215,"column":6},"end":{"line":217,"column":7}},"85":{"start":{"line":216,"column":8},"end":{"line":216,"column":55}},"86":{"start":{"line":221,"column":19},"end":{"line":229,"column":3}},"87":{"start":{"line":230,"column":2},"end":{"line":230,"column":18}},"88":{"start":{"line":231,"column":2},"end":{"line":231,"column":18}},"89":{"start":{"line":235,"column":13},"end":{"line":237,"column":50}},"90":{"start":{"line":239,"column":2},"end":{"line":285,"column":7}},"91":{"start":{"line":242,"column":21},"end":{"line":242,"column":57}},"92":{"start":{"line":244,"column":6},"end":{"line":284,"column":7}},"93":{"start":{"line":245,"column":24},"end":{"line":245,"column":45}},"94":{"start":{"line":247,"column":28},"end":{"line":247,"column":58}},"95":{"start":{"line":248,"column":22},"end":{"line":248,"column":53}},"96":{"start":{"line":250,"column":31},"end":{"line":250,"column":63}},"97":{"start":{"line":252,"column":8},"end":{"line":264,"column":9}},"98":{"start":{"line":253,"column":27},"end":{"line":253,"column":59}},"99":{"start":{"line":255,"column":10},"end":{"line":263,"column":11}},"100":{"start":{"line":256,"column":12},"end":{"line":258,"column":13}},"101":{"start":{"line":257,"column":14},"end":{"line":257,"column":68}},"102":{"start":{"line":260,"column":12},"end":{"line":262,"column":13}},"103":{"start":{"line":261,"column":14},"end":{"line":261,"column":61}},"104":{"start":{"line":266,"column":25},"end":{"line":274,"column":9}},"105":{"start":{"line":275,"column":8},"end":{"line":275,"column":24}},"106":{"start":{"line":277,"column":8},"end":{"line":277,"column":23}},"107":{"start":{"line":279,"column":8},"end":{"line":279,"column":32}},"108":{"start":{"line":281,"column":8},"end":{"line":281,"column":23}},"109":{"start":{"line":282,"column":8},"end":{"line":282,"column":62}},"110":{"start":{"line":283,"column":8},"end":{"line":283,"column":29}},"111":{"start":{"line":287,"column":2},"end":{"line":333,"column":7}},"112":{"start":{"line":290,"column":21},"end":{"line":290,"column":60}},"113":{"start":{"line":292,"column":6},"end":{"line":332,"column":7}},"114":{"start":{"line":293,"column":24},"end":{"line":293,"column":45}},"115":{"start":{"line":295,"column":28},"end":{"line":295,"column":58}},"116":{"start":{"line":296,"column":22},"end":{"line":296,"column":53}},"117":{"start":{"line":298,"column":31},"end":{"line":298,"column":63}},"118":{"start":{"line":300,"column":8},"end":{"line":312,"column":9}},"119":{"start":{"line":301,"column":27},"end":{"line":301,"column":59}},"120":{"start":{"line":303,"column":10},"end":{"line":311,"column":11}},"121":{"start":{"line":304,"column":12},"end":{"line":306,"column":13}},"122":{"start":{"line":305,"column":14},"end":{"line":305,"column":68}},"123":{"start":{"line":308,"column":12},"end":{"line":310,"column":13}},"124":{"start":{"line":309,"column":14},"end":{"line":309,"column":61}},"125":{"start":{"line":314,"column":25},"end":{"line":322,"column":9}},"126":{"start":{"line":323,"column":8},"end":{"line":323,"column":24}},"127":{"start":{"line":325,"column":8},"end":{"line":325,"column":23}},"128":{"start":{"line":327,"column":8},"end":{"line":327,"column":32}},"129":{"start":{"line":329,"column":8},"end":{"line":329,"column":23}},"130":{"start":{"line":330,"column":8},"end":{"line":330,"column":62}},"131":{"start":{"line":331,"column":8},"end":{"line":331,"column":29}},"132":{"start":{"line":339,"column":18},"end":{"line":341,"column":45}},"133":{"start":{"line":343,"column":2},"end":{"line":378,"column":7}},"134":{"start":{"line":351,"column":21},"end":{"line":351,"column":53}},"135":{"start":{"line":353,"column":6},"end":{"line":377,"column":7}},"136":{"start":{"line":354,"column":24},"end":{"line":354,"column":45}},"137":{"start":{"line":356,"column":23},"end":{"line":366,"column":10}},"138":{"start":{"line":363,"column":32},"end":{"line":363,"column":44}},"139":{"start":{"line":367,"column":8},"end":{"line":367,"column":24}},"140":{"start":{"line":369,"column":8},"end":{"line":369,"column":23}},"141":{"start":{"line":371,"column":8},"end":{"line":371,"column":36}},"142":{"start":{"line":372,"column":8},"end":{"line":372,"column":53}},"143":{"start":{"line":374,"column":8},"end":{"line":374,"column":23}},"144":{"start":{"line":375,"column":8},"end":{"line":375,"column":62}},"145":{"start":{"line":376,"column":8},"end":{"line":376,"column":29}},"146":{"start":{"line":380,"column":2},"end":{"line":412,"column":7}},"147":{"start":{"line":384,"column":21},"end":{"line":384,"column":55}},"148":{"start":{"line":386,"column":6},"end":{"line":411,"column":7}},"149":{"start":{"line":387,"column":24},"end":{"line":387,"column":45}},"150":{"start":{"line":389,"column":21},"end":{"line":389,"column":47}},"151":{"start":{"line":390,"column":8},"end":{"line":390,"column":24}},"152":{"start":{"line":392,"column":8},"end":{"line":392,"column":23}},"153":{"start":{"line":394,"column":8},"end":{"line":397,"column":9}},"154":{"start":{"line":395,"column":10},"end":{"line":395,"column":57}},"155":{"start":{"line":396,"column":10},"end":{"line":396,"column":17}},"156":{"start":{"line":399,"column":8},"end":{"line":406,"column":10}},"157":{"start":{"line":400,"column":29},"end":{"line":405,"column":11}},"158":{"start":{"line":408,"column":8},"end":{"line":408,"column":23}},"159":{"start":{"line":409,"column":8},"end":{"line":409,"column":62}},"160":{"start":{"line":410,"column":8},"end":{"line":410,"column":29}},"161":{"start":{"line":418,"column":20},"end":{"line":420,"column":50}},"162":{"start":{"line":422,"column":2},"end":{"line":459,"column":7}},"163":{"start":{"line":431,"column":21},"end":{"line":431,"column":55}},"164":{"start":{"line":433,"column":6},"end":{"line":458,"column":7}},"165":{"start":{"line":434,"column":24},"end":{"line":434,"column":45}},"166":{"start":{"line":436,"column":23},"end":{"line":447,"column":10}},"167":{"start":{"line":443,"column":32},"end":{"line":443,"column":44}},"168":{"start":{"line":448,"column":8},"end":{"line":448,"column":24}},"169":{"start":{"line":450,"column":8},"end":{"line":450,"column":23}},"170":{"start":{"line":452,"column":8},"end":{"line":452,"column":38}},"171":{"start":{"line":453,"column":8},"end":{"line":453,"column":53}},"172":{"start":{"line":455,"column":8},"end":{"line":455,"column":23}},"173":{"start":{"line":456,"column":8},"end":{"line":456,"column":62}},"174":{"start":{"line":457,"column":8},"end":{"line":457,"column":29}},"175":{"start":{"line":461,"column":2},"end":{"line":493,"column":7}},"176":{"start":{"line":465,"column":21},"end":{"line":465,"column":57}},"177":{"start":{"line":467,"column":6},"end":{"line":492,"column":7}},"178":{"start":{"line":468,"column":24},"end":{"line":468,"column":45}},"179":{"start":{"line":470,"column":21},"end":{"line":470,"column":49}},"180":{"start":{"line":471,"column":8},"end":{"line":471,"column":24}},"181":{"start":{"line":473,"column":8},"end":{"line":473,"column":23}},"182":{"start":{"line":475,"column":8},"end":{"line":478,"column":9}},"183":{"start":{"line":476,"column":10},"end":{"line":476,"column":59}},"184":{"start":{"line":477,"column":10},"end":{"line":477,"column":17}},"185":{"start":{"line":480,"column":8},"end":{"line":487,"column":10}},"186":{"start":{"line":481,"column":29},"end":{"line":486,"column":11}},"187":{"start":{"line":489,"column":8},"end":{"line":489,"column":23}},"188":{"start":{"line":490,"column":8},"end":{"line":490,"column":62}},"189":{"start":{"line":491,"column":8},"end":{"line":491,"column":29}},"190":{"start":{"line":499,"column":19},"end":{"line":499,"column":78}},"191":{"start":{"line":501,"column":2},"end":{"line":548,"column":7}},"192":{"start":{"line":509,"column":21},"end":{"line":509,"column":58}},"193":{"start":{"line":511,"column":6},"end":{"line":547,"column":7}},"194":{"start":{"line":512,"column":24},"end":{"line":512,"column":47}},"195":{"start":{"line":513,"column":24},"end":{"line":513,"column":47}},"196":{"start":{"line":515,"column":8},"end":{"line":517,"column":9}},"197":{"start":{"line":516,"column":10},"end":{"line":516,"column":70}},"198":{"start":{"line":519,"column":8},"end":{"line":521,"column":9}},"199":{"start":{"line":520,"column":10},"end":{"line":520,"column":70}},"200":{"start":{"line":523,"column":8},"end":{"line":528,"column":9}},"201":{"start":{"line":524,"column":10},"end":{"line":527,"column":12}},"202":{"start":{"line":530,"column":24},"end":{"line":530,"column":45}},"203":{"start":{"line":532,"column":31},"end":{"line":536,"column":10}},"204":{"start":{"line":537,"column":8},"end":{"line":537,"column":24}},"205":{"start":{"line":539,"column":8},"end":{"line":539,"column":23}},"206":{"start":{"line":541,"column":8},"end":{"line":541,"column":41}},"207":{"start":{"line":542,"column":8},"end":{"line":542,"column":61}},"208":{"start":{"line":544,"column":8},"end":{"line":544,"column":23}},"209":{"start":{"line":545,"column":8},"end":{"line":545,"column":62}},"210":{"start":{"line":546,"column":8},"end":{"line":546,"column":29}},"211":{"start":{"line":554,"column":19},"end":{"line":556,"column":56}},"212":{"start":{"line":558,"column":2},"end":{"line":591,"column":7}},"213":{"start":{"line":565,"column":21},"end":{"line":565,"column":54}},"214":{"start":{"line":567,"column":6},"end":{"line":590,"column":7}},"215":{"start":{"line":568,"column":24},"end":{"line":568,"column":45}},"216":{"start":{"line":573,"column":10},"end":{"line":573,"column":74}},"217":{"start":{"line":575,"column":23},"end":{"line":579,"column":10}},"218":{"start":{"line":580,"column":8},"end":{"line":580,"column":24}},"219":{"start":{"line":582,"column":8},"end":{"line":582,"column":23}},"220":{"start":{"line":584,"column":8},"end":{"line":584,"column":37}},"221":{"start":{"line":585,"column":8},"end":{"line":585,"column":53}},"222":{"start":{"line":587,"column":8},"end":{"line":587,"column":23}},"223":{"start":{"line":588,"column":8},"end":{"line":588,"column":62}},"224":{"start":{"line":589,"column":8},"end":{"line":589,"column":29}},"225":{"start":{"line":593,"column":2},"end":{"line":624,"column":7}},"226":{"start":{"line":597,"column":21},"end":{"line":597,"column":56}},"227":{"start":{"line":599,"column":6},"end":{"line":623,"column":7}},"228":{"start":{"line":600,"column":24},"end":{"line":600,"column":45}},"229":{"start":{"line":602,"column":21},"end":{"line":602,"column":48}},"230":{"start":{"line":603,"column":8},"end":{"line":603,"column":24}},"231":{"start":{"line":605,"column":8},"end":{"line":605,"column":23}},"232":{"start":{"line":607,"column":8},"end":{"line":610,"column":9}},"233":{"start":{"line":608,"column":10},"end":{"line":608,"column":58}},"234":{"start":{"line":609,"column":10},"end":{"line":609,"column":17}},"235":{"start":{"line":612,"column":8},"end":{"line":618,"column":11}},"236":{"start":{"line":613,"column":10},"end":{"line":617,"column":12}},"237":{"start":{"line":620,"column":8},"end":{"line":620,"column":23}},"238":{"start":{"line":621,"column":8},"end":{"line":621,"column":62}},"239":{"start":{"line":622,"column":8},"end":{"line":622,"column":29}}},"fnMap":{"0":{"name":"safeJson","decl":{"start":{"line":20,"column":9},"end":{"line":20,"column":17}},"loc":{"start":{"line":20,"column":25},"end":{"line":29,"column":1}},"line":20},"1":{"name":"renderArray","decl":{"start":{"line":31,"column":9},"end":{"line":31,"column":20}},"loc":{"start":{"line":31,"column":35},"end":{"line":37,"column":1}},"line":31},"2":{"name":"aiSnapshotPointerPath","decl":{"start":{"line":39,"column":9},"end":{"line":39,"column":30}},"loc":{"start":{"line":39,"column":33},"end":{"line":41,"column":1}},"line":39},"3":{"name":"loadSnapshotPointer","decl":{"start":{"line":43,"column":15},"end":{"line":43,"column":34}},"loc":{"start":{"line":43,"column":37},"end":{"line":50,"column":1}},"line":43},"4":{"name":"renderSummary","decl":{"start":{"line":52,"column":9},"end":{"line":52,"column":22}},"loc":{"start":{"line":60,"column":3},"end":{"line":155,"column":1}},"line":60},"5":{"name":"(anonymous_5)","decl":{"start":{"line":65,"column":7},"end":{"line":65,"column":8}},"loc":{"start":{"line":65,"column":13},"end":{"line":70,"column":7}},"line":65},"6":{"name":"(anonymous_6)","decl":{"start":{"line":119,"column":34},"end":{"line":119,"column":35}},"loc":{"start":{"line":119,"column":48},"end":{"line":127,"column":5}},"line":119},"7":{"name":"(anonymous_7)","decl":{"start":{"line":137,"column":32},"end":{"line":137,"column":33}},"loc":{"start":{"line":137,"column":44},"end":{"line":139,"column":5}},"line":137},"8":{"name":"(anonymous_8)","decl":{"start":{"line":149,"column":33},"end":{"line":149,"column":34}},"loc":{"start":{"line":149,"column":46},"end":{"line":151,"column":5}},"line":149},"9":{"name":"createDbContext","decl":{"start":{"line":162,"column":15},"end":{"line":162,"column":30}},"loc":{"start":{"line":162,"column":33},"end":{"line":175,"column":1}},"line":162},"10":{"name":"(anonymous_10)","decl":{"start":{"line":173,"column":11},"end":{"line":173,"column":12}},"loc":{"start":{"line":173,"column":17},"end":{"line":173,"column":27}},"line":173},"11":{"name":"getContext","decl":{"start":{"line":180,"column":15},"end":{"line":180,"column":25}},"loc":{"start":{"line":180,"column":31},"end":{"line":197,"column":1}},"line":180},"12":{"name":"(anonymous_12)","decl":{"start":{"line":192,"column":13},"end":{"line":192,"column":14}},"loc":{"start":{"line":192,"column":19},"end":{"line":192,"column":29}},"line":192},"13":{"name":"loadAiMemoryContext","decl":{"start":{"line":199,"column":15},"end":{"line":199,"column":34}},"loc":{"start":{"line":199,"column":37},"end":{"line":232,"column":1}},"line":199},"14":{"name":"bindAiCommands","decl":{"start":{"line":234,"column":16},"end":{"line":234,"column":30}},"loc":{"start":{"line":234,"column":45},"end":{"line":625,"column":1}},"line":234},"15":{"name":"(anonymous_15)","decl":{"start":{"line":241,"column":12},"end":{"line":241,"column":17}},"loc":{"start":{"line":241,"column":24},"end":{"line":285,"column":5}},"line":241},"16":{"name":"(anonymous_16)","decl":{"start":{"line":289,"column":12},"end":{"line":289,"column":17}},"loc":{"start":{"line":289,"column":24},"end":{"line":333,"column":5}},"line":289},"17":{"name":"(anonymous_17)","decl":{"start":{"line":350,"column":12},"end":{"line":350,"column":17}},"loc":{"start":{"line":350,"column":31},"end":{"line":378,"column":5}},"line":350},"18":{"name":"(anonymous_18)","decl":{"start":{"line":363,"column":21},"end":{"line":363,"column":22}},"loc":{"start":{"line":363,"column":32},"end":{"line":363,"column":44}},"line":363},"19":{"name":"(anonymous_19)","decl":{"start":{"line":383,"column":12},"end":{"line":383,"column":17}},"loc":{"start":{"line":383,"column":24},"end":{"line":412,"column":5}},"line":383},"20":{"name":"(anonymous_20)","decl":{"start":{"line":400,"column":19},"end":{"line":400,"column":20}},"loc":{"start":{"line":400,"column":29},"end":{"line":405,"column":11}},"line":400},"21":{"name":"(anonymous_21)","decl":{"start":{"line":430,"column":12},"end":{"line":430,"column":17}},"loc":{"start":{"line":430,"column":31},"end":{"line":459,"column":5}},"line":430},"22":{"name":"(anonymous_22)","decl":{"start":{"line":443,"column":21},"end":{"line":443,"column":22}},"loc":{"start":{"line":443,"column":32},"end":{"line":443,"column":44}},"line":443},"23":{"name":"(anonymous_23)","decl":{"start":{"line":464,"column":12},"end":{"line":464,"column":17}},"loc":{"start":{"line":464,"column":24},"end":{"line":493,"column":5}},"line":464},"24":{"name":"(anonymous_24)","decl":{"start":{"line":481,"column":19},"end":{"line":481,"column":20}},"loc":{"start":{"line":481,"column":29},"end":{"line":486,"column":11}},"line":481},"25":{"name":"(anonymous_25)","decl":{"start":{"line":508,"column":12},"end":{"line":508,"column":17}},"loc":{"start":{"line":508,"column":31},"end":{"line":548,"column":5}},"line":508},"26":{"name":"(anonymous_26)","decl":{"start":{"line":564,"column":12},"end":{"line":564,"column":17}},"loc":{"start":{"line":564,"column":31},"end":{"line":591,"column":5}},"line":564},"27":{"name":"(anonymous_27)","decl":{"start":{"line":596,"column":12},"end":{"line":596,"column":17}},"loc":{"start":{"line":596,"column":24},"end":{"line":624,"column":5}},"line":596},"28":{"name":"(anonymous_28)","decl":{"start":{"line":612,"column":21},"end":{"line":612,"column":22}},"loc":{"start":{"line":612,"column":30},"end":{"line":618,"column":9}},"line":612}},"branchMap":{"0":{"loc":{"start":{"line":21,"column":2},"end":{"line":21,"column":31}},"type":"if","locations":[{"start":{"line":21,"column":2},"end":{"line":21,"column":31}},{"start":{},"end":{}}],"line":21},"1":{"loc":{"start":{"line":22,"column":2},"end":{"line":22,"column":41}},"type":"if","locations":[{"start":{"line":22,"column":2},"end":{"line":22,"column":41}},{"start":{},"end":{}}],"line":22},"2":{"loc":{"start":{"line":32,"column":2},"end":{"line":34,"column":3}},"type":"if","locations":[{"start":{"line":32,"column":2},"end":{"line":34,"column":3}},{"start":{},"end":{}}],"line":32},"3":{"loc":{"start":{"line":32,"column":6},"end":{"line":32,"column":34}},"type":"binary-expr","locations":[{"start":{"line":32,"column":6},"end":{"line":32,"column":12}},{"start":{"line":32,"column":16},"end":{"line":32,"column":34}}],"line":32},"4":{"loc":{"start":{"line":56,"column":2},"end":{"line":56,"column":14}},"type":"default-arg","locations":[{"start":{"line":56,"column":12},"end":{"line":56,"column":14}}],"line":56},"5":{"loc":{"start":{"line":57,"column":2},"end":{"line":57,"column":16}},"type":"default-arg","locations":[{"start":{"line":57,"column":14},"end":{"line":57,"column":16}}],"line":57},"6":{"loc":{"start":{"line":58,"column":2},"end":{"line":58,"column":15}},"type":"default-arg","locations":[{"start":{"line":58,"column":13},"end":{"line":58,"column":15}}],"line":58},"7":{"loc":{"start":{"line":59,"column":2},"end":{"line":59,"column":24}},"type":"default-arg","locations":[{"start":{"line":59,"column":20},"end":{"line":59,"column":24}}],"line":59},"8":{"loc":{"start":{"line":62,"column":2},"end":{"line":72,"column":3}},"type":"if","locations":[{"start":{"line":62,"column":2},"end":{"line":72,"column":3}},{"start":{},"end":{}}],"line":62},"9":{"loc":{"start":{"line":62,"column":6},"end":{"line":62,"column":51}},"type":"binary-expr","locations":[{"start":{"line":62,"column":6},"end":{"line":62,"column":26}},{"start":{"line":62,"column":30},"end":{"line":62,"column":51}}],"line":62},"10":{"loc":{"start":{"line":66,"column":27},"end":{"line":68,"column":14}},"type":"cond-expr","locations":[{"start":{"line":67,"column":12},"end":{"line":67,"column":40}},{"start":{"line":68,"column":12},"end":{"line":68,"column":14}}],"line":66},"11":{"loc":{"start":{"line":69,"column":18},"end":{"line":69,"column":49}},"type":"binary-expr","locations":[{"start":{"line":69,"column":18},"end":{"line":69,"column":37}},{"start":{"line":69,"column":41},"end":{"line":69,"column":49}}],"line":69},"12":{"loc":{"start":{"line":75,"column":2},"end":{"line":84,"column":3}},"type":"if","locations":[{"start":{"line":75,"column":2},"end":{"line":84,"column":3}},{"start":{"line":82,"column":9},"end":{"line":84,"column":3}}],"line":75},"13":{"loc":{"start":{"line":78,"column":37},"end":{"line":78,"column":75}},"type":"binary-expr","locations":[{"start":{"line":78,"column":37},"end":{"line":78,"column":63}},{"start":{"line":78,"column":67},"end":{"line":78,"column":75}}],"line":78},"14":{"loc":{"start":{"line":88,"column":2},"end":{"line":100,"column":3}},"type":"if","locations":[{"start":{"line":88,"column":2},"end":{"line":100,"column":3}},{"start":{"line":98,"column":9},"end":{"line":100,"column":3}}],"line":88},"15":{"loc":{"start":{"line":90,"column":16},"end":{"line":90,"column":50}},"type":"binary-expr","locations":[{"start":{"line":90,"column":16},"end":{"line":90,"column":38}},{"start":{"line":90,"column":42},"end":{"line":90,"column":50}}],"line":90},"16":{"loc":{"start":{"line":95,"column":6},"end":{"line":95,"column":43}},"type":"binary-expr","locations":[{"start":{"line":95,"column":6},"end":{"line":95,"column":31}},{"start":{"line":95,"column":35},"end":{"line":95,"column":43}}],"line":95},"17":{"loc":{"start":{"line":104,"column":2},"end":{"line":112,"column":3}},"type":"if","locations":[{"start":{"line":104,"column":2},"end":{"line":112,"column":3}},{"start":{"line":110,"column":9},"end":{"line":112,"column":3}}],"line":104},"18":{"loc":{"start":{"line":109,"column":26},"end":{"line":109,"column":58}},"type":"binary-expr","locations":[{"start":{"line":109,"column":26},"end":{"line":109,"column":46}},{"start":{"line":109,"column":50},"end":{"line":109,"column":58}}],"line":109},"19":{"loc":{"start":{"line":116,"column":2},"end":{"line":130,"column":3}},"type":"if","locations":[{"start":{"line":116,"column":2},"end":{"line":130,"column":3}},{"start":{"line":128,"column":9},"end":{"line":130,"column":3}}],"line":116},"20":{"loc":{"start":{"line":124,"column":6},"end":{"line":126,"column":7}},"type":"if","locations":[{"start":{"line":124,"column":6},"end":{"line":126,"column":7}},{"start":{},"end":{}}],"line":124},"21":{"loc":{"start":{"line":134,"column":2},"end":{"line":142,"column":3}},"type":"if","locations":[{"start":{"line":134,"column":2},"end":{"line":142,"column":3}},{"start":{"line":140,"column":9},"end":{"line":142,"column":3}}],"line":134},"22":{"loc":{"start":{"line":146,"column":2},"end":{"line":154,"column":3}},"type":"if","locations":[{"start":{"line":146,"column":2},"end":{"line":154,"column":3}},{"start":{"line":152,"column":9},"end":{"line":154,"column":3}}],"line":146},"23":{"loc":{"start":{"line":181,"column":2},"end":{"line":194,"column":3}},"type":"if","locations":[{"start":{"line":181,"column":2},"end":{"line":194,"column":3}},{"start":{},"end":{}}],"line":181},"24":{"loc":{"start":{"line":207,"column":2},"end":{"line":219,"column":3}},"type":"if","locations":[{"start":{"line":207,"column":2},"end":{"line":219,"column":3}},{"start":{},"end":{}}],"line":207},"25":{"loc":{"start":{"line":207,"column":6},"end":{"line":207,"column":32}},"type":"binary-expr","locations":[{"start":{"line":207,"column":6},"end":{"line":207,"column":20}},{"start":{"line":207,"column":24},"end":{"line":207,"column":32}}],"line":207},"26":{"loc":{"start":{"line":210,"column":4},"end":{"line":218,"column":5}},"type":"if","locations":[{"start":{"line":210,"column":4},"end":{"line":218,"column":5}},{"start":{},"end":{}}],"line":210},"27":{"loc":{"start":{"line":211,"column":6},"end":{"line":213,"column":7}},"type":"if","locations":[{"start":{"line":211,"column":6},"end":{"line":213,"column":7}},{"start":{},"end":{}}],"line":211},"28":{"loc":{"start":{"line":215,"column":6},"end":{"line":217,"column":7}},"type":"if","locations":[{"start":{"line":215,"column":6},"end":{"line":217,"column":7}},{"start":{},"end":{}}],"line":215},"29":{"loc":{"start":{"line":252,"column":8},"end":{"line":264,"column":9}},"type":"if","locations":[{"start":{"line":252,"column":8},"end":{"line":264,"column":9}},{"start":{},"end":{}}],"line":252},"30":{"loc":{"start":{"line":252,"column":12},"end":{"line":252,"column":38}},"type":"binary-expr","locations":[{"start":{"line":252,"column":12},"end":{"line":252,"column":26}},{"start":{"line":252,"column":30},"end":{"line":252,"column":38}}],"line":252},"31":{"loc":{"start":{"line":255,"column":10},"end":{"line":263,"column":11}},"type":"if","locations":[{"start":{"line":255,"column":10},"end":{"line":263,"column":11}},{"start":{},"end":{}}],"line":255},"32":{"loc":{"start":{"line":256,"column":12},"end":{"line":258,"column":13}},"type":"if","locations":[{"start":{"line":256,"column":12},"end":{"line":258,"column":13}},{"start":{},"end":{}}],"line":256},"33":{"loc":{"start":{"line":260,"column":12},"end":{"line":262,"column":13}},"type":"if","locations":[{"start":{"line":260,"column":12},"end":{"line":262,"column":13}},{"start":{},"end":{}}],"line":260},"34":{"loc":{"start":{"line":282,"column":39},"end":{"line":282,"column":58}},"type":"binary-expr","locations":[{"start":{"line":282,"column":39},"end":{"line":282,"column":51}},{"start":{"line":282,"column":55},"end":{"line":282,"column":58}}],"line":282},"35":{"loc":{"start":{"line":300,"column":8},"end":{"line":312,"column":9}},"type":"if","locations":[{"start":{"line":300,"column":8},"end":{"line":312,"column":9}},{"start":{},"end":{}}],"line":300},"36":{"loc":{"start":{"line":300,"column":12},"end":{"line":300,"column":38}},"type":"binary-expr","locations":[{"start":{"line":300,"column":12},"end":{"line":300,"column":26}},{"start":{"line":300,"column":30},"end":{"line":300,"column":38}}],"line":300},"37":{"loc":{"start":{"line":303,"column":10},"end":{"line":311,"column":11}},"type":"if","locations":[{"start":{"line":303,"column":10},"end":{"line":311,"column":11}},{"start":{},"end":{}}],"line":303},"38":{"loc":{"start":{"line":304,"column":12},"end":{"line":306,"column":13}},"type":"if","locations":[{"start":{"line":304,"column":12},"end":{"line":306,"column":13}},{"start":{},"end":{}}],"line":304},"39":{"loc":{"start":{"line":308,"column":12},"end":{"line":310,"column":13}},"type":"if","locations":[{"start":{"line":308,"column":12},"end":{"line":310,"column":13}},{"start":{},"end":{}}],"line":308},"40":{"loc":{"start":{"line":330,"column":39},"end":{"line":330,"column":58}},"type":"binary-expr","locations":[{"start":{"line":330,"column":39},"end":{"line":330,"column":51}},{"start":{"line":330,"column":55},"end":{"line":330,"column":58}}],"line":330},"41":{"loc":{"start":{"line":360,"column":25},"end":{"line":365,"column":16}},"type":"cond-expr","locations":[{"start":{"line":361,"column":14},"end":{"line":364,"column":32}},{"start":{"line":365,"column":14},"end":{"line":365,"column":16}}],"line":360},"42":{"loc":{"start":{"line":375,"column":39},"end":{"line":375,"column":58}},"type":"binary-expr","locations":[{"start":{"line":375,"column":39},"end":{"line":375,"column":51}},{"start":{"line":375,"column":55},"end":{"line":375,"column":58}}],"line":375},"43":{"loc":{"start":{"line":394,"column":8},"end":{"line":397,"column":9}},"type":"if","locations":[{"start":{"line":394,"column":8},"end":{"line":397,"column":9}},{"start":{},"end":{}}],"line":394},"44":{"loc":{"start":{"line":409,"column":39},"end":{"line":409,"column":58}},"type":"binary-expr","locations":[{"start":{"line":409,"column":39},"end":{"line":409,"column":51}},{"start":{"line":409,"column":55},"end":{"line":409,"column":58}}],"line":409},"45":{"loc":{"start":{"line":440,"column":26},"end":{"line":445,"column":16}},"type":"cond-expr","locations":[{"start":{"line":441,"column":14},"end":{"line":444,"column":32}},{"start":{"line":445,"column":14},"end":{"line":445,"column":16}}],"line":440},"46":{"loc":{"start":{"line":446,"column":25},"end":{"line":446,"column":53}},"type":"binary-expr","locations":[{"start":{"line":446,"column":25},"end":{"line":446,"column":45}},{"start":{"line":446,"column":49},"end":{"line":446,"column":53}}],"line":446},"47":{"loc":{"start":{"line":456,"column":39},"end":{"line":456,"column":58}},"type":"binary-expr","locations":[{"start":{"line":456,"column":39},"end":{"line":456,"column":51}},{"start":{"line":456,"column":55},"end":{"line":456,"column":58}}],"line":456},"48":{"loc":{"start":{"line":475,"column":8},"end":{"line":478,"column":9}},"type":"if","locations":[{"start":{"line":475,"column":8},"end":{"line":478,"column":9}},{"start":{},"end":{}}],"line":475},"49":{"loc":{"start":{"line":485,"column":27},"end":{"line":485,"column":50}},"type":"binary-expr","locations":[{"start":{"line":485,"column":27},"end":{"line":485,"column":44}},{"start":{"line":485,"column":48},"end":{"line":485,"column":50}}],"line":485},"50":{"loc":{"start":{"line":490,"column":39},"end":{"line":490,"column":58}},"type":"binary-expr","locations":[{"start":{"line":490,"column":39},"end":{"line":490,"column":51}},{"start":{"line":490,"column":55},"end":{"line":490,"column":58}}],"line":490},"51":{"loc":{"start":{"line":515,"column":8},"end":{"line":517,"column":9}},"type":"if","locations":[{"start":{"line":515,"column":8},"end":{"line":517,"column":9}},{"start":{},"end":{}}],"line":515},"52":{"loc":{"start":{"line":515,"column":12},"end":{"line":515,"column":53}},"type":"binary-expr","locations":[{"start":{"line":515,"column":12},"end":{"line":515,"column":38}},{"start":{"line":515,"column":42},"end":{"line":515,"column":53}}],"line":515},"53":{"loc":{"start":{"line":519,"column":8},"end":{"line":521,"column":9}},"type":"if","locations":[{"start":{"line":519,"column":8},"end":{"line":521,"column":9}},{"start":{},"end":{}}],"line":519},"54":{"loc":{"start":{"line":519,"column":12},"end":{"line":519,"column":53}},"type":"binary-expr","locations":[{"start":{"line":519,"column":12},"end":{"line":519,"column":38}},{"start":{"line":519,"column":42},"end":{"line":519,"column":53}}],"line":519},"55":{"loc":{"start":{"line":523,"column":8},"end":{"line":528,"column":9}},"type":"if","locations":[{"start":{"line":523,"column":8},"end":{"line":528,"column":9}},{"start":{},"end":{}}],"line":523},"56":{"loc":{"start":{"line":523,"column":12},"end":{"line":523,"column":48}},"type":"binary-expr","locations":[{"start":{"line":523,"column":12},"end":{"line":523,"column":23}},{"start":{"line":523,"column":27},"end":{"line":523,"column":48}}],"line":523},"57":{"loc":{"start":{"line":535,"column":17},"end":{"line":535,"column":36}},"type":"binary-expr","locations":[{"start":{"line":535,"column":17},"end":{"line":535,"column":30}},{"start":{"line":535,"column":34},"end":{"line":535,"column":36}}],"line":535},"58":{"loc":{"start":{"line":545,"column":39},"end":{"line":545,"column":58}},"type":"binary-expr","locations":[{"start":{"line":545,"column":39},"end":{"line":545,"column":51}},{"start":{"line":545,"column":55},"end":{"line":545,"column":58}}],"line":545},"59":{"loc":{"start":{"line":573,"column":10},"end":{"line":573,"column":74}},"type":"binary-expr","locations":[{"start":{"line":573,"column":10},"end":{"line":573,"column":35}},{"start":{"line":573,"column":39},"end":{"line":573,"column":68}},{"start":{"line":573,"column":72},"end":{"line":573,"column":74}}],"line":573},"60":{"loc":{"start":{"line":578,"column":17},"end":{"line":578,"column":36}},"type":"binary-expr","locations":[{"start":{"line":578,"column":17},"end":{"line":578,"column":30}},{"start":{"line":578,"column":34},"end":{"line":578,"column":36}}],"line":578},"61":{"loc":{"start":{"line":588,"column":39},"end":{"line":588,"column":58}},"type":"binary-expr","locations":[{"start":{"line":588,"column":39},"end":{"line":588,"column":51}},{"start":{"line":588,"column":55},"end":{"line":588,"column":58}}],"line":588},"62":{"loc":{"start":{"line":607,"column":8},"end":{"line":610,"column":9}},"type":"if","locations":[{"start":{"line":607,"column":8},"end":{"line":610,"column":9}},{"start":{},"end":{}}],"line":607},"63":{"loc":{"start":{"line":615,"column":14},"end":{"line":615,"column":29}},"type":"binary-expr","locations":[{"start":{"line":615,"column":14},"end":{"line":615,"column":23}},{"start":{"line":615,"column":27},"end":{"line":615,"column":29}}],"line":615},"64":{"loc":{"start":{"line":621,"column":39},"end":{"line":621,"column":58}},"type":"binary-expr","locations":[{"start":{"line":621,"column":39},"end":{"line":621,"column":51}},{"start":{"line":621,"column":55},"end":{"line":621,"column":58}}],"line":621}},"s":{"0":5,"1":1,"2":4,"3":4,"4":2,"5":2,"6":1,"7":18,"8":18,"9":0,"10":15,"11":15,"12":15,"13":3,"14":12,"15":15,"16":15,"17":3,"18":3,"19":3,"20":15,"21":15,"22":5,"23":5,"24":5,"25":5,"26":5,"27":5,"28":10,"29":15,"30":15,"31":4,"32":4,"33":4,"34":4,"35":4,"36":4,"37":11,"38":15,"39":15,"40":2,"41":2,"42":2,"43":2,"44":2,"45":13,"46":15,"47":15,"48":5,"49":5,"50":5,"51":5,"52":5,"53":3,"54":10,"55":15,"56":15,"57":1,"58":1,"59":1,"60":14,"61":15,"62":15,"63":1,"64":1,"65":1,"66":14,"67":3,"68":3,"69":0,"70":46,"71":43,"72":41,"73":32,"74":3,"75":0,"76":0,"77":0,"78":0,"79":0,"80":0,"81":0,"82":0,"83":0,"84":0,"85":0,"86":0,"87":0,"88":0,"89":49,"90":49,"91":16,"92":16,"93":16,"94":14,"95":14,"96":14,"97":14,"98":13,"99":13,"100":3,"101":2,"102":3,"103":2,"104":14,"105":14,"106":14,"107":14,"108":2,"109":2,"110":2,"111":49,"112":3,"113":3,"114":3,"115":1,"116":1,"117":1,"118":1,"119":1,"120":1,"121":0,"122":0,"123":0,"124":0,"125":1,"126":1,"127":1,"128":1,"129":2,"130":2,"131":2,"132":49,"133":49,"134":4,"135":4,"136":4,"137":4,"138":2,"139":4,"140":4,"141":4,"142":4,"143":2,"144":2,"145":2,"146":49,"147":4,"148":4,"149":4,"150":3,"151":3,"152":3,"153":3,"154":1,"155":1,"156":1,"157":1,"158":2,"159":2,"160":2,"161":49,"162":49,"163":4,"164":4,"165":4,"166":4,"167":2,"168":4,"169":4,"170":4,"171":4,"172":2,"173":2,"174":2,"175":49,"176":4,"177":4,"178":4,"179":4,"180":4,"181":4,"182":4,"183":1,"184":1,"185":2,"186":2,"187":1,"188":1,"189":1,"190":49,"191":49,"192":6,"193":6,"194":6,"195":6,"196":6,"197":1,"198":5,"199":1,"200":4,"201":1,"202":3,"203":3,"204":6,"205":6,"206":6,"207":6,"208":3,"209":3,"210":3,"211":49,"212":49,"213":4,"214":4,"215":4,"216":4,"217":4,"218":4,"219":4,"220":4,"221":4,"222":2,"223":2,"224":2,"225":49,"226":4,"227":4,"228":4,"229":4,"230":4,"231":4,"232":4,"233":1,"234":1,"235":2,"236":2,"237":1,"238":1,"239":1},"f":{"0":5,"1":18,"2":15,"3":15,"4":15,"5":3,"6":5,"7":1,"8":1,"9":3,"10":0,"11":46,"12":32,"13":0,"14":49,"15":16,"16":3,"17":4,"18":2,"19":4,"20":1,"21":4,"22":2,"23":4,"24":2,"25":6,"26":4,"27":4,"28":2},"b":{"0":[1,4],"1":[2,2],"2":[18,0],"3":[18,10],"4":[15],"5":[15],"6":[15],"7":[15],"8":[3,12],"9":[15,12],"10":[1,2],"11":[3,0],"12":[5,10],"13":[5,2],"14":[4,11],"15":[4,2],"16":[4,2],"17":[2,13],"18":[2,1],"19":[5,10],"20":[3,2],"21":[1,14],"22":[1,14],"23":[43,3],"24":[0,0],"25":[0,0],"26":[0,0],"27":[0,0],"28":[0,0],"29":[13,1],"30":[14,2],"31":[3,10],"32":[2,1],"33":[2,1],"34":[2,0],"35":[1,0],"36":[1,1],"37":[0,1],"38":[0,0],"39":[0,0],"40":[2,0],"41":[1,3],"42":[2,1],"43":[1,2],"44":[2,0],"45":[1,3],"46":[4,3],"47":[2,1],"48":[1,3],"49":[2,2],"50":[1,0],"51":[1,5],"52":[6,5],"53":[1,4],"54":[5,4],"55":[1,3],"56":[4,2],"57":[3,2],"58":[3,0],"59":[4,0,0],"60":[4,3],"61":[2,1],"62":[1,3],"63":[2,1],"64":[1,0]},"meta":{"lastBranch":65,"lastFunction":29,"lastStatement":240,"seen":{"f:20:9:20:17":0,"b:21:2:21:31:undefined:undefined:undefined:undefined":0,"s:21:2:21:31":0,"s:21:21:21:31":1,"b:22:2:22:41:undefined:undefined:undefined:undefined":1,"s:22:2:22:41":2,"s:22:28:22:41":3,"s:24:2:28:3":4,"s:25:4:25:29":5,"s:27:4:27:27":6,"f:31:9:31:20":1,"b:32:2:34:3:undefined:undefined:undefined:undefined":2,"s:32:2:34:3":7,"b:32:6:32:12:32:16:32:34":3,"s:33:4:33:28":8,"s:36:2:36:53":9,"f:39:9:39:30":2,"s:40:2:40:80":10,"f:43:15:43:34":3,"s:44:2:49:3":11,"s:45:16:45:66":12,"s:46:4:46:27":13,"s:48:4:48:16":14,"f:52:9:52:22":4,"b:56:12:56:14":4,"b:57:14:57:16":5,"b:58:13:58:15":6,"b:59:20:59:24":7,"s:61:2:61:48":15,"b:62:2:72:3:undefined:undefined:undefined:undefined":8,"s:62:2:72:3":16,"b:62:6:62:26:62:30:62:51":9,"s:63:4:71:6":17,"f:65:7:65:8":5,"s:66:27:68:14":18,"b:67:12:67:40:68:12:68:14":10,"s:69:8:69:65":19,"b:69:18:69:37:69:41:69:49":11,"s:73:2:73:16":20,"b:75:2:84:3:82:9:84:3":12,"s:75:2:84:3":21,"s:76:4:76:74":22,"s:77:4:77:61":23,"s:78:4:78:77":24,"b:78:37:78:63:78:67:78:75":13,"s:79:4:79:65":25,"s:80:4:80:69":26,"s:81:4:81:66":27,"s:83:4:83:60":28,"s:86:2:86:16":29,"b:88:2:100:3:98:9:100:3":14,"s:88:2:100:3":30,"s:89:4:89:48":31,"s:90:4:90:52":32,"b:90:16:90:38:90:42:90:50":15,"s:91:4:91:73":33,"s:92:4:92:69":34,"s:93:4:96:6":35,"b:95:6:95:31:95:35:95:43":16,"s:97:4:97:60":36,"s:99:4:99:61":37,"s:102:2:102:16":38,"b:104:2:112:3:110:9:112:3":17,"s:104:2:112:3":39,"s:105:4:105:53":40,"s:106:4:106:59":41,"s:107:4:107:60":42,"s:108:4:108:60":43,"s:109:4:109:62":44,"b:109:26:109:46:109:50:109:58":18,"s:111:4:111:60":45,"s:114:2:114:16":46,"b:116:2:130:3:128:9:130:3":19,"s:116:2:130:3":47,"s:117:4:117:63":48,"s:119:4:127:7":49,"f:119:34:119:35":6,"s:120:6:120:66":50,"s:122:28:122:61":51,"b:124:6:126:7:undefined:undefined:undefined:undefined":20,"s:124:6:126:7":52,"s:125:8:125:60":53,"s:129:4:129:70":54,"s:132:2:132:16":55,"b:134:2:142:3:140:9:142:3":21,"s:134:2:142:3":56,"s:135:4:135:55":57,"s:137:4:139:7":58,"f:137:32:137:33":7,"s:138:6:138:64":59,"s:141:4:141:62":60,"s:144:2:144:16":61,"b:146:2:154:3:152:9:154:3":22,"s:146:2:154:3":62,"s:147:4:147:59":63,"s:149:4:151:7":64,"f:149:33:149:34":8,"s:150:6:150:75":65,"s:153:4:153:66":66,"f:162:15:162:30":9,"s:163:13:163:40":67,"s:165:2:174:4":68,"f:173:11:173:12":10,"s:173:17:173:27":69,"f:180:15:180:25":11,"b:181:2:194:3:undefined:undefined:undefined:undefined":23,"s:181:2:194:3":70,"s:183:15:183:42":71,"s:184:4:193:6":72,"f:192:13:192:14":12,"s:192:19:192:29":73,"s:196:2:196:33":74,"f:199:15:199:34":13,"s:200:18:200:41":75,"s:202:22:202:52":76,"s:203:16:203:47":77,"s:205:25:205:57":78,"b:207:2:219:3:undefined:undefined:undefined:undefined":24,"s:207:2:219:3":79,"b:207:6:207:20:207:24:207:32":25,"s:208:21:208:53":80,"b:210:4:218:5:undefined:undefined:undefined:undefined":26,"s:210:4:218:5":81,"b:211:6:213:7:undefined:undefined:undefined:undefined":27,"s:211:6:213:7":82,"s:212:8:212:62":83,"b:215:6:217:7:undefined:undefined:undefined:undefined":28,"s:215:6:217:7":84,"s:216:8:216:55":85,"s:221:19:229:3":86,"s:230:2:230:18":87,"s:231:2:231:18":88,"f:234:16:234:30":14,"s:235:13:237:50":89,"s:239:2:285:7":90,"f:241:12:241:17":15,"s:242:21:242:57":91,"s:244:6:284:7":92,"s:245:24:245:45":93,"s:247:28:247:58":94,"s:248:22:248:53":95,"s:250:31:250:63":96,"b:252:8:264:9:undefined:undefined:undefined:undefined":29,"s:252:8:264:9":97,"b:252:12:252:26:252:30:252:38":30,"s:253:27:253:59":98,"b:255:10:263:11:undefined:undefined:undefined:undefined":31,"s:255:10:263:11":99,"b:256:12:258:13:undefined:undefined:undefined:undefined":32,"s:256:12:258:13":100,"s:257:14:257:68":101,"b:260:12:262:13:undefined:undefined:undefined:undefined":33,"s:260:12:262:13":102,"s:261:14:261:61":103,"s:266:25:274:9":104,"s:275:8:275:24":105,"s:277:8:277:23":106,"s:279:8:279:32":107,"s:281:8:281:23":108,"s:282:8:282:62":109,"b:282:39:282:51:282:55:282:58":34,"s:283:8:283:29":110,"s:287:2:333:7":111,"f:289:12:289:17":16,"s:290:21:290:60":112,"s:292:6:332:7":113,"s:293:24:293:45":114,"s:295:28:295:58":115,"s:296:22:296:53":116,"s:298:31:298:63":117,"b:300:8:312:9:undefined:undefined:undefined:undefined":35,"s:300:8:312:9":118,"b:300:12:300:26:300:30:300:38":36,"s:301:27:301:59":119,"b:303:10:311:11:undefined:undefined:undefined:undefined":37,"s:303:10:311:11":120,"b:304:12:306:13:undefined:undefined:undefined:undefined":38,"s:304:12:306:13":121,"s:305:14:305:68":122,"b:308:12:310:13:undefined:undefined:undefined:undefined":39,"s:308:12:310:13":123,"s:309:14:309:61":124,"s:314:25:322:9":125,"s:323:8:323:24":126,"s:325:8:325:23":127,"s:327:8:327:32":128,"s:329:8:329:23":129,"s:330:8:330:62":130,"b:330:39:330:51:330:55:330:58":40,"s:331:8:331:29":131,"s:339:18:341:45":132,"s:343:2:378:7":133,"f:350:12:350:17":17,"s:351:21:351:53":134,"s:353:6:377:7":135,"s:354:24:354:45":136,"s:356:23:366:10":137,"b:361:14:364:32:365:14:365:16":41,"f:363:21:363:22":18,"s:363:32:363:44":138,"s:367:8:367:24":139,"s:369:8:369:23":140,"s:371:8:371:36":141,"s:372:8:372:53":142,"s:374:8:374:23":143,"s:375:8:375:62":144,"b:375:39:375:51:375:55:375:58":42,"s:376:8:376:29":145,"s:380:2:412:7":146,"f:383:12:383:17":19,"s:384:21:384:55":147,"s:386:6:411:7":148,"s:387:24:387:45":149,"s:389:21:389:47":150,"s:390:8:390:24":151,"s:392:8:392:23":152,"b:394:8:397:9:undefined:undefined:undefined:undefined":43,"s:394:8:397:9":153,"s:395:10:395:57":154,"s:396:10:396:17":155,"s:399:8:406:10":156,"f:400:19:400:20":20,"s:400:29:405:11":157,"s:408:8:408:23":158,"s:409:8:409:62":159,"b:409:39:409:51:409:55:409:58":44,"s:410:8:410:29":160,"s:418:20:420:50":161,"s:422:2:459:7":162,"f:430:12:430:17":21,"s:431:21:431:55":163,"s:433:6:458:7":164,"s:434:24:434:45":165,"s:436:23:447:10":166,"b:441:14:444:32:445:14:445:16":45,"f:443:21:443:22":22,"s:443:32:443:44":167,"b:446:25:446:45:446:49:446:53":46,"s:448:8:448:24":168,"s:450:8:450:23":169,"s:452:8:452:38":170,"s:453:8:453:53":171,"s:455:8:455:23":172,"s:456:8:456:62":173,"b:456:39:456:51:456:55:456:58":47,"s:457:8:457:29":174,"s:461:2:493:7":175,"f:464:12:464:17":23,"s:465:21:465:57":176,"s:467:6:492:7":177,"s:468:24:468:45":178,"s:470:21:470:49":179,"s:471:8:471:24":180,"s:473:8:473:23":181,"b:475:8:478:9:undefined:undefined:undefined:undefined":48,"s:475:8:478:9":182,"s:476:10:476:59":183,"s:477:10:477:17":184,"s:480:8:487:10":185,"f:481:19:481:20":24,"s:481:29:486:11":186,"b:485:27:485:44:485:48:485:50":49,"s:489:8:489:23":187,"s:490:8:490:62":188,"b:490:39:490:51:490:55:490:58":50,"s:491:8:491:29":189,"s:499:19:499:78":190,"s:501:2:548:7":191,"f:508:12:508:17":25,"s:509:21:509:58":192,"s:511:6:547:7":193,"s:512:24:512:47":194,"s:513:24:513:47":195,"b:515:8:517:9:undefined:undefined:undefined:undefined":51,"s:515:8:517:9":196,"b:515:12:515:38:515:42:515:53":52,"s:516:10:516:70":197,"b:519:8:521:9:undefined:undefined:undefined:undefined":53,"s:519:8:521:9":198,"b:519:12:519:38:519:42:519:53":54,"s:520:10:520:70":199,"b:523:8:528:9:undefined:undefined:undefined:undefined":55,"s:523:8:528:9":200,"b:523:12:523:23:523:27:523:48":56,"s:524:10:527:12":201,"s:530:24:530:45":202,"s:532:31:536:10":203,"b:535:17:535:30:535:34:535:36":57,"s:537:8:537:24":204,"s:539:8:539:23":205,"s:541:8:541:41":206,"s:542:8:542:61":207,"s:544:8:544:23":208,"s:545:8:545:62":209,"b:545:39:545:51:545:55:545:58":58,"s:546:8:546:29":210,"s:554:19:556:56":211,"s:558:2:591:7":212,"f:564:12:564:17":26,"s:565:21:565:54":213,"s:567:6:590:7":214,"s:568:24:568:45":215,"s:573:10:573:74":216,"b:573:10:573:35:573:39:573:68:573:72:573:74":59,"s:575:23:579:10":217,"b:578:17:578:30:578:34:578:36":60,"s:580:8:580:24":218,"s:582:8:582:23":219,"s:584:8:584:37":220,"s:585:8:585:53":221,"s:587:8:587:23":222,"s:588:8:588:62":223,"b:588:39:588:51:588:55:588:58":61,"s:589:8:589:29":224,"s:593:2:624:7":225,"f:596:12:596:17":27,"s:597:21:597:56":226,"s:599:6:623:7":227,"s:600:24:600:45":228,"s:602:21:602:48":229,"s:603:8:603:24":230,"s:605:8:605:23":231,"b:607:8:610:9:undefined:undefined:undefined:undefined":62,"s:607:8:610:9":232,"s:608:10:608:58":233,"s:609:10:609:17":234,"s:612:8:618:11":235,"f:612:21:612:22":28,"s:613:10:617:12":236,"b:615:14:615:23:615:27:615:29":63,"s:620:8:620:23":237,"s:621:8:621:62":238,"b:621:39:621:51:621:55:621:58":64,"s:622:8:622:29":239}}}
,"/home/pawan/vscodeagent/Solution/src/commands/bc2-sync.js": {"path":"/home/pawan/vscodeagent/Solution/src/commands/bc2-sync.js","statementMap":{"0":{"start":{"line":11,"column":25},"end":{"line":11,"column":35}},"1":{"start":{"line":12,"column":29},"end":{"line":12,"column":42}},"2":{"start":{"line":15,"column":21},"end":{"line":17,"column":18}},"3":{"start":{"line":18,"column":2},"end":{"line":18,"column":59}},"4":{"start":{"line":22,"column":2},"end":{"line":22,"column":26}},"5":{"start":{"line":22,"column":14},"end":{"line":22,"column":26}},"6":{"start":{"line":23,"column":16},"end":{"line":23,"column":36}},"7":{"start":{"line":24,"column":15},"end":{"line":24,"column":30}},"8":{"start":{"line":25,"column":2},"end":{"line":27,"column":3}},"9":{"start":{"line":26,"column":4},"end":{"line":26,"column":59}},"10":{"start":{"line":28,"column":2},"end":{"line":28,"column":28}},"11":{"start":{"line":32,"column":18},"end":{"line":32,"column":46}},"12":{"start":{"line":33,"column":2},"end":{"line":33,"column":43}},"13":{"start":{"line":33,"column":16},"end":{"line":33,"column":43}},"14":{"start":{"line":34,"column":22},"end":{"line":34,"column":76}},"15":{"start":{"line":35,"column":2},"end":{"line":35,"column":265}},"16":{"start":{"line":39,"column":17},"end":{"line":39,"column":19}},"17":{"start":{"line":40,"column":2},"end":{"line":40,"column":38}},"18":{"start":{"line":40,"column":16},"end":{"line":40,"column":38}},"19":{"start":{"line":41,"column":2},"end":{"line":41,"column":16}},"20":{"start":{"line":48,"column":13},"end":{"line":51,"column":4}},"21":{"start":{"line":52,"column":2},"end":{"line":64,"column":3}},"22":{"start":{"line":53,"column":18},"end":{"line":53,"column":38}},"23":{"start":{"line":54,"column":17},"end":{"line":54,"column":64}},"24":{"start":{"line":55,"column":4},"end":{"line":55,"column":40}},"25":{"start":{"line":55,"column":30},"end":{"line":55,"column":40}},"26":{"start":{"line":56,"column":4},"end":{"line":56,"column":28}},"27":{"start":{"line":56,"column":16},"end":{"line":56,"column":28}},"28":{"start":{"line":57,"column":22},"end":{"line":57,"column":37}},"29":{"start":{"line":58,"column":4},"end":{"line":61,"column":7}},"30":{"start":{"line":59,"column":17},"end":{"line":59,"column":55}},"31":{"start":{"line":60,"column":6},"end":{"line":60,"column":62}},"32":{"start":{"line":63,"column":4},"end":{"line":63,"column":15}},"33":{"start":{"line":75,"column":22},"end":{"line":81,"column":7}},"34":{"start":{"line":83,"column":2},"end":{"line":85,"column":3}},"35":{"start":{"line":83,"column":47},"end":{"line":83,"column":51}},"36":{"start":{"line":84,"column":4},"end":{"line":84,"column":60}},"37":{"start":{"line":87,"column":19},"end":{"line":87,"column":36}},"38":{"start":{"line":88,"column":18},"end":{"line":143,"column":3}},"39":{"start":{"line":89,"column":20},"end":{"line":92,"column":6}},"40":{"start":{"line":93,"column":19},"end":{"line":106,"column":57}},"41":{"start":{"line":94,"column":21},"end":{"line":105,"column":7}},"42":{"start":{"line":106,"column":25},"end":{"line":106,"column":56}},"43":{"start":{"line":108,"column":4},"end":{"line":110,"column":5}},"44":{"start":{"line":109,"column":6},"end":{"line":109,"column":78}},"45":{"start":{"line":112,"column":4},"end":{"line":121,"column":5}},"46":{"start":{"line":113,"column":6},"end":{"line":120,"column":8}},"47":{"start":{"line":123,"column":21},"end":{"line":123,"column":54}},"48":{"start":{"line":124,"column":4},"end":{"line":124,"column":32}},"49":{"start":{"line":125,"column":19},"end":{"line":130,"column":6}},"50":{"start":{"line":131,"column":4},"end":{"line":131,"column":30}},"51":{"start":{"line":133,"column":21},"end":{"line":133,"column":72}},"52":{"start":{"line":134,"column":20},"end":{"line":134,"column":44}},"53":{"start":{"line":135,"column":4},"end":{"line":142,"column":6}},"54":{"start":{"line":145,"column":2},"end":{"line":147,"column":3}},"55":{"start":{"line":146,"column":4},"end":{"line":146,"column":21}},"56":{"start":{"line":149,"column":17},"end":{"line":151,"column":11}},"57":{"start":{"line":152,"column":15},"end":{"line":152,"column":20}},"58":{"start":{"line":153,"column":2},"end":{"line":153,"column":18}},"59":{"start":{"line":154,"column":16},"end":{"line":164,"column":26}},"60":{"start":{"line":155,"column":4},"end":{"line":155,"column":23}},"61":{"start":{"line":155,"column":16},"end":{"line":155,"column":23}},"62":{"start":{"line":156,"column":4},"end":{"line":156,"column":18}},"63":{"start":{"line":157,"column":4},"end":{"line":163,"column":5}},"64":{"start":{"line":158,"column":6},"end":{"line":158,"column":22}},"65":{"start":{"line":160,"column":6},"end":{"line":160,"column":64}},"66":{"start":{"line":162,"column":6},"end":{"line":162,"column":21}},"67":{"start":{"line":166,"column":2},"end":{"line":171,"column":5}},"68":{"start":{"line":167,"column":4},"end":{"line":167,"column":25}},"69":{"start":{"line":168,"column":4},"end":{"line":168,"column":19}},"70":{"start":{"line":169,"column":4},"end":{"line":169,"column":54}},"71":{"start":{"line":170,"column":4},"end":{"line":170,"column":20}},"72":{"start":{"line":173,"column":2},"end":{"line":173,"column":56}},"73":{"start":{"line":177,"column":18},"end":{"line":181,"column":5}},"74":{"start":{"line":183,"column":2},"end":{"line":223,"column":7}},"75":{"start":{"line":194,"column":21},"end":{"line":194,"column":56}},"76":{"start":{"line":195,"column":6},"end":{"line":222,"column":7}},"77":{"start":{"line":196,"column":23},"end":{"line":203,"column":10}},"78":{"start":{"line":204,"column":8},"end":{"line":204,"column":46}},"79":{"start":{"line":205,"column":8},"end":{"line":217,"column":9}},"80":{"start":{"line":206,"column":10},"end":{"line":208,"column":12}},"81":{"start":{"line":209,"column":15},"end":{"line":217,"column":9}},"82":{"start":{"line":210,"column":10},"end":{"line":212,"column":12}},"83":{"start":{"line":214,"column":10},"end":{"line":216,"column":12}},"84":{"start":{"line":219,"column":8},"end":{"line":219,"column":23}},"85":{"start":{"line":220,"column":8},"end":{"line":220,"column":62}},"86":{"start":{"line":221,"column":8},"end":{"line":221,"column":29}}},"fnMap":{"0":{"name":"normalizeRole","decl":{"start":{"line":14,"column":9},"end":{"line":14,"column":22}},"loc":{"start":{"line":14,"column":29},"end":{"line":19,"column":1}},"line":14},"1":{"name":"parseSince","decl":{"start":{"line":21,"column":9},"end":{"line":21,"column":19}},"loc":{"start":{"line":21,"column":27},"end":{"line":29,"column":1}},"line":21},"2":{"name":"buildQuery","decl":{"start":{"line":31,"column":9},"end":{"line":31,"column":19}},"loc":{"start":{"line":31,"column":30},"end":{"line":36,"column":1}},"line":31},"3":{"name":"buildParams","decl":{"start":{"line":38,"column":9},"end":{"line":38,"column":20}},"loc":{"start":{"line":38,"column":31},"end":{"line":42,"column":1}},"line":38},"4":{"name":"fetchBc2Messages","decl":{"start":{"line":44,"column":22},"end":{"line":44,"column":38}},"loc":{"start":{"line":47,"column":2},"end":{"line":65,"column":1}},"line":47},"5":{"name":"(anonymous_5)","decl":{"start":{"line":58,"column":23},"end":{"line":58,"column":24}},"loc":{"start":{"line":58,"column":32},"end":{"line":61,"column":5}},"line":58},"6":{"name":"syncBc2Messages","decl":{"start":{"line":67,"column":22},"end":{"line":67,"column":37}},"loc":{"start":{"line":74,"column":8},"end":{"line":174,"column":1}},"line":74},"7":{"name":"(anonymous_7)","decl":{"start":{"line":83,"column":41},"end":{"line":83,"column":42}},"loc":{"start":{"line":83,"column":47},"end":{"line":83,"column":51}},"line":83},"8":{"name":"(anonymous_8)","decl":{"start":{"line":88,"column":18},"end":{"line":88,"column":23}},"loc":{"start":{"line":88,"column":30},"end":{"line":143,"column":3}},"line":88},"9":{"name":"(anonymous_9)","decl":{"start":{"line":94,"column":11},"end":{"line":94,"column":12}},"loc":{"start":{"line":94,"column":21},"end":{"line":105,"column":7}},"line":94},"10":{"name":"(anonymous_10)","decl":{"start":{"line":106,"column":14},"end":{"line":106,"column":15}},"loc":{"start":{"line":106,"column":25},"end":{"line":106,"column":56}},"line":106},"11":{"name":"(anonymous_11)","decl":{"start":{"line":154,"column":28},"end":{"line":154,"column":33}},"loc":{"start":{"line":154,"column":40},"end":{"line":164,"column":3}},"line":154},"12":{"name":"(anonymous_12)","decl":{"start":{"line":166,"column":23},"end":{"line":166,"column":24}},"loc":{"start":{"line":166,"column":29},"end":{"line":171,"column":3}},"line":166},"13":{"name":"bindBc2SyncCommand","decl":{"start":{"line":176,"column":16},"end":{"line":176,"column":34}},"loc":{"start":{"line":176,"column":44},"end":{"line":224,"column":1}},"line":176},"14":{"name":"(anonymous_14)","decl":{"start":{"line":193,"column":12},"end":{"line":193,"column":17}},"loc":{"start":{"line":193,"column":31},"end":{"line":223,"column":5}},"line":193}},"branchMap":{"0":{"loc":{"start":{"line":15,"column":28},"end":{"line":15,"column":38}},"type":"binary-expr","locations":[{"start":{"line":15,"column":28},"end":{"line":15,"column":32}},{"start":{"line":15,"column":36},"end":{"line":15,"column":38}}],"line":15},"1":{"loc":{"start":{"line":18,"column":9},"end":{"line":18,"column":58}},"type":"cond-expr","locations":[{"start":{"line":18,"column":38},"end":{"line":18,"column":49}},{"start":{"line":18,"column":52},"end":{"line":18,"column":58}}],"line":18},"2":{"loc":{"start":{"line":22,"column":2},"end":{"line":22,"column":26}},"type":"if","locations":[{"start":{"line":22,"column":2},"end":{"line":22,"column":26}},{"start":{},"end":{}}],"line":22},"3":{"loc":{"start":{"line":25,"column":2},"end":{"line":27,"column":3}},"type":"if","locations":[{"start":{"line":25,"column":2},"end":{"line":27,"column":3}},{"start":{},"end":{}}],"line":25},"4":{"loc":{"start":{"line":33,"column":2},"end":{"line":33,"column":43}},"type":"if","locations":[{"start":{"line":33,"column":2},"end":{"line":33,"column":43}},{"start":{},"end":{}}],"line":33},"5":{"loc":{"start":{"line":34,"column":22},"end":{"line":34,"column":76}},"type":"cond-expr","locations":[{"start":{"line":34,"column":39},"end":{"line":34,"column":71}},{"start":{"line":34,"column":74},"end":{"line":34,"column":76}}],"line":34},"6":{"loc":{"start":{"line":40,"column":2},"end":{"line":40,"column":38}},"type":"if","locations":[{"start":{"line":40,"column":2},"end":{"line":40,"column":38}},{"start":{},"end":{}}],"line":40},"7":{"loc":{"start":{"line":46,"column":2},"end":{"line":46,"column":26}},"type":"default-arg","locations":[{"start":{"line":46,"column":24},"end":{"line":46,"column":26}}],"line":46},"8":{"loc":{"start":{"line":55,"column":4},"end":{"line":55,"column":40}},"type":"if","locations":[{"start":{"line":55,"column":4},"end":{"line":55,"column":40}},{"start":{},"end":{}}],"line":55},"9":{"loc":{"start":{"line":56,"column":4},"end":{"line":56,"column":28}},"type":"if","locations":[{"start":{"line":56,"column":4},"end":{"line":56,"column":28}},{"start":{},"end":{}}],"line":56},"10":{"loc":{"start":{"line":59,"column":33},"end":{"line":59,"column":53}},"type":"binary-expr","locations":[{"start":{"line":59,"column":33},"end":{"line":59,"column":47}},{"start":{"line":59,"column":51},"end":{"line":59,"column":53}}],"line":59},"11":{"loc":{"start":{"line":60,"column":13},"end":{"line":60,"column":61}},"type":"binary-expr","locations":[{"start":{"line":60,"column":13},"end":{"line":60,"column":42}},{"start":{"line":60,"column":46},"end":{"line":60,"column":61}}],"line":60},"12":{"loc":{"start":{"line":67,"column":38},"end":{"line":74,"column":6}},"type":"default-arg","locations":[{"start":{"line":74,"column":4},"end":{"line":74,"column":6}}],"line":67},"13":{"loc":{"start":{"line":72,"column":2},"end":{"line":72,"column":16}},"type":"default-arg","locations":[{"start":{"line":72,"column":11},"end":{"line":72,"column":16}}],"line":72},"14":{"loc":{"start":{"line":73,"column":2},"end":{"line":73,"column":18}},"type":"default-arg","locations":[{"start":{"line":73,"column":13},"end":{"line":73,"column":18}}],"line":73},"15":{"loc":{"start":{"line":75,"column":22},"end":{"line":81,"column":7}},"type":"cond-expr","locations":[{"start":{"line":76,"column":6},"end":{"line":76,"column":33}},{"start":{"line":77,"column":6},"end":{"line":81,"column":7}}],"line":75},"16":{"loc":{"start":{"line":78,"column":8},"end":{"line":78,"column":76}},"type":"binary-expr","locations":[{"start":{"line":78,"column":8},"end":{"line":78,"column":27}},{"start":{"line":78,"column":31},"end":{"line":78,"column":76}}],"line":78},"17":{"loc":{"start":{"line":83,"column":2},"end":{"line":85,"column":3}},"type":"if","locations":[{"start":{"line":83,"column":2},"end":{"line":85,"column":3}},{"start":{},"end":{}}],"line":83},"18":{"loc":{"start":{"line":95,"column":24},"end":{"line":95,"column":41}},"type":"binary-expr","locations":[{"start":{"line":95,"column":24},"end":{"line":95,"column":35}},{"start":{"line":95,"column":39},"end":{"line":95,"column":41}}],"line":95},"19":{"loc":{"start":{"line":97,"column":18},"end":{"line":97,"column":38}},"type":"binary-expr","locations":[{"start":{"line":97,"column":18},"end":{"line":97,"column":30}},{"start":{"line":97,"column":34},"end":{"line":97,"column":38}}],"line":97},"20":{"loc":{"start":{"line":98,"column":24},"end":{"line":98,"column":66}},"type":"binary-expr","locations":[{"start":{"line":98,"column":24},"end":{"line":98,"column":38}},{"start":{"line":98,"column":42},"end":{"line":98,"column":66}}],"line":98},"21":{"loc":{"start":{"line":100,"column":33},"end":{"line":100,"column":57}},"type":"binary-expr","locations":[{"start":{"line":100,"column":33},"end":{"line":100,"column":51}},{"start":{"line":100,"column":55},"end":{"line":100,"column":57}}],"line":100},"22":{"loc":{"start":{"line":101,"column":33},"end":{"line":101,"column":58}},"type":"binary-expr","locations":[{"start":{"line":101,"column":33},"end":{"line":101,"column":52}},{"start":{"line":101,"column":56},"end":{"line":101,"column":58}}],"line":101},"23":{"loc":{"start":{"line":103,"column":29},"end":{"line":103,"column":71}},"type":"binary-expr","locations":[{"start":{"line":103,"column":29},"end":{"line":103,"column":43}},{"start":{"line":103,"column":47},"end":{"line":103,"column":71}}],"line":103},"24":{"loc":{"start":{"line":108,"column":4},"end":{"line":110,"column":5}},"type":"if","locations":[{"start":{"line":108,"column":4},"end":{"line":110,"column":5}},{"start":{},"end":{}}],"line":108},"25":{"loc":{"start":{"line":112,"column":4},"end":{"line":121,"column":5}},"type":"if","locations":[{"start":{"line":112,"column":4},"end":{"line":121,"column":5}},{"start":{},"end":{}}],"line":112},"26":{"loc":{"start":{"line":133,"column":21},"end":{"line":133,"column":72}},"type":"cond-expr","locations":[{"start":{"line":133,"column":50},"end":{"line":133,"column":68}},{"start":{"line":133,"column":71},"end":{"line":133,"column":72}}],"line":133},"27":{"loc":{"start":{"line":145,"column":2},"end":{"line":147,"column":3}},"type":"if","locations":[{"start":{"line":145,"column":2},"end":{"line":147,"column":3}},{"start":{},"end":{}}],"line":145},"28":{"loc":{"start":{"line":155,"column":4},"end":{"line":155,"column":23}},"type":"if","locations":[{"start":{"line":155,"column":4},"end":{"line":155,"column":23}},{"start":{},"end":{}}],"line":155},"29":{"loc":{"start":{"line":160,"column":37},"end":{"line":160,"column":60}},"type":"binary-expr","locations":[{"start":{"line":160,"column":37},"end":{"line":160,"column":51}},{"start":{"line":160,"column":55},"end":{"line":160,"column":60}}],"line":160},"30":{"loc":{"start":{"line":205,"column":8},"end":{"line":217,"column":9}},"type":"if","locations":[{"start":{"line":205,"column":8},"end":{"line":217,"column":9}},{"start":{"line":209,"column":15},"end":{"line":217,"column":9}}],"line":205},"31":{"loc":{"start":{"line":209,"column":15},"end":{"line":217,"column":9}},"type":"if","locations":[{"start":{"line":209,"column":15},"end":{"line":217,"column":9}},{"start":{"line":213,"column":15},"end":{"line":217,"column":9}}],"line":209},"32":{"loc":{"start":{"line":220,"column":39},"end":{"line":220,"column":58}},"type":"binary-expr","locations":[{"start":{"line":220,"column":39},"end":{"line":220,"column":51}},{"start":{"line":220,"column":55},"end":{"line":220,"column":58}}],"line":220}},"s":{"0":1,"1":1,"2":32,"3":32,"4":17,"5":11,"6":6,"7":6,"8":6,"9":2,"10":4,"11":22,"12":22,"13":2,"14":22,"15":22,"16":22,"17":22,"18":2,"19":22,"20":23,"21":23,"22":23,"23":23,"24":23,"25":0,"26":22,"27":16,"28":6,"29":6,"30":16,"31":16,"32":22,"33":21,"34":21,"35":4,"36":4,"37":17,"38":17,"39":19,"40":18,"41":32,"42":32,"43":18,"44":1,"45":17,"46":12,"47":5,"48":5,"49":5,"50":5,"51":5,"52":19,"53":19,"54":17,"55":10,"56":5,"57":5,"58":5,"59":5,"60":4,"61":0,"62":4,"63":4,"64":4,"65":1,"66":4,"67":5,"68":1,"69":1,"70":1,"71":1,"72":5,"73":6,"74":6,"75":5,"76":5,"77":5,"78":3,"79":3,"80":1,"81":2,"82":1,"83":1,"84":2,"85":2,"86":2},"f":{"0":32,"1":17,"2":22,"3":22,"4":23,"5":16,"6":21,"7":4,"8":19,"9":32,"10":32,"11":4,"12":1,"13":6,"14":5},"b":{"0":[32,1],"1":[15,17],"2":[11,6],"3":[2,4],"4":[2,20],"5":[22,0],"6":[2,20],"7":[23],"8":[0,23],"9":[16,6],"10":[16,0],"11":[16,15],"12":[21],"13":[21],"14":[21],"15":[20,1],"16":[1,1],"17":[4,17],"18":[32,0],"19":[32,1],"20":[32,0],"21":[32,0],"22":[32,0],"23":[32,0],"24":[1,17],"25":[12,5],"26":[4,1],"27":[10,7],"28":[0,4],"29":[1,0],"30":[1,2],"31":[1,1],"32":[2,0]},"meta":{"lastBranch":33,"lastFunction":15,"lastStatement":87,"seen":{"s:11:25:11:35":0,"s:12:29:12:42":1,"f:14:9:14:22":0,"s:15:21:17:18":2,"b:15:28:15:32:15:36:15:38":0,"s:18:2:18:59":3,"b:18:38:18:49:18:52:18:58":1,"f:21:9:21:19":1,"b:22:2:22:26:undefined:undefined:undefined:undefined":2,"s:22:2:22:26":4,"s:22:14:22:26":5,"s:23:16:23:36":6,"s:24:15:24:30":7,"b:25:2:27:3:undefined:undefined:undefined:undefined":3,"s:25:2:27:3":8,"s:26:4:26:59":9,"s:28:2:28:28":10,"f:31:9:31:19":2,"s:32:18:32:46":11,"b:33:2:33:43:undefined:undefined:undefined:undefined":4,"s:33:2:33:43":12,"s:33:16:33:43":13,"s:34:22:34:76":14,"b:34:39:34:71:34:74:34:76":5,"s:35:2:35:265":15,"f:38:9:38:20":3,"s:39:17:39:19":16,"b:40:2:40:38:undefined:undefined:undefined:undefined":6,"s:40:2:40:38":17,"s:40:16:40:38":18,"s:41:2:41:16":19,"f:44:22:44:38":4,"b:46:24:46:26":7,"s:48:13:51:4":20,"s:52:2:64:3":21,"s:53:18:53:38":22,"s:54:17:54:64":23,"b:55:4:55:40:undefined:undefined:undefined:undefined":8,"s:55:4:55:40":24,"s:55:30:55:40":25,"b:56:4:56:28:undefined:undefined:undefined:undefined":9,"s:56:4:56:28":26,"s:56:16:56:28":27,"s:57:22:57:37":28,"s:58:4:61:7":29,"f:58:23:58:24":5,"s:59:17:59:55":30,"b:59:33:59:47:59:51:59:53":10,"s:60:6:60:62":31,"b:60:13:60:42:60:46:60:61":11,"s:63:4:63:15":32,"f:67:22:67:37":6,"b:74:4:74:6":12,"b:72:11:72:16":13,"b:73:13:73:18":14,"s:75:22:81:7":33,"b:76:6:76:33:77:6:81:7":15,"b:78:8:78:27:78:31:78:76":16,"b:83:2:85:3:undefined:undefined:undefined:undefined":17,"s:83:2:85:3":34,"f:83:41:83:42":7,"s:83:47:83:51":35,"s:84:4:84:60":36,"s:87:19:87:36":37,"s:88:18:143:3":38,"f:88:18:88:23":8,"s:89:20:92:6":39,"s:93:19:106:57":40,"f:94:11:94:12":9,"s:94:21:105:7":41,"b:95:24:95:35:95:39:95:41":18,"b:97:18:97:30:97:34:97:38":19,"b:98:24:98:38:98:42:98:66":20,"b:100:33:100:51:100:55:100:57":21,"b:101:33:101:52:101:56:101:58":22,"b:103:29:103:43:103:47:103:71":23,"f:106:14:106:15":10,"s:106:25:106:56":42,"b:108:4:110:5:undefined:undefined:undefined:undefined":24,"s:108:4:110:5":43,"s:109:6:109:78":44,"b:112:4:121:5:undefined:undefined:undefined:undefined":25,"s:112:4:121:5":45,"s:113:6:120:8":46,"s:123:21:123:54":47,"s:124:4:124:32":48,"s:125:19:130:6":49,"s:131:4:131:30":50,"s:133:21:133:72":51,"b:133:50:133:68:133:71:133:72":26,"s:134:20:134:44":52,"s:135:4:142:6":53,"b:145:2:147:3:undefined:undefined:undefined:undefined":27,"s:145:2:147:3":54,"s:146:4:146:21":55,"s:149:17:151:11":56,"s:152:15:152:20":57,"s:153:2:153:18":58,"s:154:16:164:26":59,"f:154:28:154:33":11,"b:155:4:155:23:undefined:undefined:undefined:undefined":28,"s:155:4:155:23":60,"s:155:16:155:23":61,"s:156:4:156:18":62,"s:157:4:163:5":63,"s:158:6:158:22":64,"s:160:6:160:64":65,"b:160:37:160:51:160:55:160:60":29,"s:162:6:162:21":66,"s:166:2:171:5":67,"f:166:23:166:24":12,"s:167:4:167:25":68,"s:168:4:168:19":69,"s:169:4:169:54":70,"s:170:4:170:20":71,"s:173:2:173:56":72,"f:176:16:176:34":13,"s:177:18:181:5":73,"s:183:2:223:7":74,"f:193:12:193:17":14,"s:194:21:194:56":75,"s:195:6:222:7":76,"s:196:23:203:10":77,"s:204:8:204:46":78,"b:205:8:217:9:209:15:217:9":30,"s:205:8:217:9":79,"s:206:10:208:12":80,"b:209:15:217:9:213:15:217:9":31,"s:209:15:217:9":81,"s:210:10:212:12":82,"s:214:10:216:12":83,"s:219:8:219:23":84,"s:220:8:220:62":85,"b:220:39:220:51:220:55:220:58":32,"s:221:8:221:29":86}}}
}
