<?xml version="1.0" ?>
<!DOCTYPE coverage SYSTEM "http://cobertura.sourceforge.net/xml/coverage-04.dtd">
<coverage lines-valid="910" lines-covered="673" line-rate="0.7395" branches-valid="575" branches-covered="319" branch-rate="0.5547" timestamp="1779805630171" complexity="0" version="0.1">
  <sources>
    <source>C:/SW Development/VS Code Agent/Solution</source>
  </sources>
  <packages>
    <package name="main" line-rate="0.7395" branch-rate="0.5547">
      <classes>
        <class name="agent-handoff.js" filename="src\agent-handoff.js" line-rate="0.7512000000000001" branch-rate="0.4578">
          <methods>
            <method name="formatValidationError" hits="1" signature="()V">
              <lines>
                <line number="40" hits="1"/>
              </lines>
            </method>
            <method name="(anonymous_1)" hits="1" signature="()V">
              <lines>
                <line number="43" hits="1"/>
              </lines>
            </method>
            <method name="createSprintInvalidError" hits="1" signature="()V">
              <lines>
                <line number="49" hits="1"/>
              </lines>
            </method>
            <method name="parseSprintOrThrowDomainError" hits="24" signature="()V">
              <lines>
                <line number="57" hits="24"/>
              </lines>
            </method>
            <method name="sprintRoot" hits="28" signature="()V">
              <lines>
                <line number="68" hits="28"/>
              </lines>
            </method>
            <method name="sprintFileName" hits="12" signature="()V">
              <lines>
                <line number="72" hits="12"/>
              </lines>
            </method>
            <method name="ensureSprintDirectory" hits="28" signature="()V">
              <lines>
                <line number="77" hits="28"/>
              </lines>
            </method>
            <method name="quarantineSprintFile" hits="2" signature="()V">
              <lines>
                <line number="83" hits="2"/>
              </lines>
            </method>
            <method name="findSprintFilePath" hits="11" signature="()V">
              <lines>
                <line number="92" hits="11"/>
              </lines>
            </method>
            <method name="(anonymous_9)" hits="11" signature="()V">
              <lines>
                <line number="95" hits="11"/>
              </lines>
            </method>
            <method name="buildResumePrompt" hits="3" signature="()V">
              <lines>
                <line number="106" hits="3"/>
              </lines>
            </method>
            <method name="(anonymous_11)" hits="1" signature="()V">
              <lines>
                <line number="108" hits="1"/>
              </lines>
            </method>
            <method name="(anonymous_12)" hits="0" signature="()V">
              <lines>
                <line number="113" hits="0"/>
              </lines>
            </method>
            <method name="(anonymous_13)" hits="0" signature="()V">
              <lines>
                <line number="114" hits="0"/>
              </lines>
            </method>
            <method name="(anonymous_14)" hits="1" signature="()V">
              <lines>
                <line number="118" hits="1"/>
              </lines>
            </method>
            <method name="(anonymous_15)" hits="0" signature="()V">
              <lines>
                <line number="122" hits="0"/>
              </lines>
            </method>
            <method name="(anonymous_16)" hits="0" signature="()V">
              <lines>
                <line number="125" hits="0"/>
              </lines>
            </method>
            <method name="normalizeStatus" hits="6" signature="()V">
              <lines>
                <line number="147" hits="6"/>
              </lines>
            </method>
            <method name="normalizeAgent" hits="4" signature="()V">
              <lines>
                <line number="155" hits="4"/>
              </lines>
            </method>
            <method name="saveSprint" hits="13" signature="()V">
              <lines>
                <line number="163" hits="13"/>
              </lines>
            </method>
            <method name="loadSprint" hits="11" signature="()V">
              <lines>
                <line number="171" hits="11"/>
              </lines>
            </method>
            <method name="(anonymous_21)" hits="0" signature="()V">
              <lines>
                <line number="173" hits="0"/>
              </lines>
            </method>
            <method name="listSprints" hits="3" signature="()V">
              <lines>
                <line number="199" hits="3"/>
              </lines>
            </method>
            <method name="(anonymous_23)" hits="0" signature="()V">
              <lines>
                <line number="224" hits="0"/>
              </lines>
            </method>
            <method name="createSprint" hits="4" signature="()V">
              <lines>
                <line number="227" hits="4"/>
              </lines>
            </method>
            <method name="setTokenBudget" hits="2" signature="()V">
              <lines>
                <line number="271" hits="2"/>
              </lines>
            </method>
            <method name="updateSprint" hits="0" signature="()V">
              <lines>
                <line number="294" hits="0"/>
              </lines>
            </method>
            <method name="addPendingTask" hits="1" signature="()V">
              <lines>
                <line number="318" hits="1"/>
              </lines>
            </method>
            <method name="completeTask" hits="1" signature="()V">
              <lines>
                <line number="345" hits="1"/>
              </lines>
            </method>
            <method name="(anonymous_29)" hits="1" signature="()V">
              <lines>
                <line number="349" hits="1"/>
              </lines>
            </method>
            <method name="addBlocker" hits="1" signature="()V">
              <lines>
                <line number="373" hits="1"/>
              </lines>
            </method>
            <method name="closeSprint" hits="2" signature="()V">
              <lines>
                <line number="397" hits="2"/>
              </lines>
            </method>
            <method name="getActiveSprint" hits="1" signature="()V">
              <lines>
                <line number="421" hits="1"/>
              </lines>
            </method>
            <method name="(anonymous_33)" hits="1" signature="()V">
              <lines>
                <line number="423" hits="1"/>
              </lines>
            </method>
            <method name="loadLatestSprintManifest" hits="2" signature="()V">
              <lines>
                <line number="426" hits="2"/>
              </lines>
            </method>
            <method name="(anonymous_35)" hits="2" signature="()V">
              <lines>
                <line number="430" hits="2"/>
              </lines>
            </method>
            <method name="(anonymous_36)" hits="2" signature="()V">
              <lines>
                <line number="431" hits="2"/>
              </lines>
            </method>
            <method name="(anonymous_37)" hits="0" signature="()V">
              <lines>
                <line number="439" hits="0"/>
              </lines>
            </method>
            <method name="mapSprintManifestToSnapshot" hits="2" signature="()V">
              <lines>
                <line number="455" hits="2"/>
              </lines>
            </method>
            <method name="(anonymous_39)" hits="0" signature="()V">
              <lines>
                <line number="458" hits="0"/>
              </lines>
            </method>
            <method name="(anonymous_40)" hits="0" signature="()V">
              <lines>
                <line number="467" hits="0"/>
              </lines>
            </method>
            <method name="mapSprintManifestToHandoff" hits="2" signature="()V">
              <lines>
                <line number="483" hits="2"/>
              </lines>
            </method>
            <method name="(anonymous_42)" hits="0" signature="()V">
              <lines>
                <line number="486" hits="0"/>
              </lines>
            </method>
            <method name="(anonymous_43)" hits="0" signature="()V">
              <lines>
                <line number="489" hits="0"/>
              </lines>
            </method>
          </methods>
          <lines>
            <line number="10" hits="11" branch="false"/>
            <line number="12" hits="11" branch="false"/>
            <line number="13" hits="11" branch="false"/>
            <line number="14" hits="11" branch="false"/>
            <line number="16" hits="11" branch="false"/>
            <line number="22" hits="11" branch="false"/>
            <line number="28" hits="11" branch="false"/>
            <line number="33" hits="11" branch="false"/>
            <line number="38" hits="11" branch="false"/>
            <line number="41" hits="1" branch="true" condition-coverage="50% (1/2)"/>
            <line number="42" hits="1" branch="false"/>
            <line number="43" hits="1" branch="true" condition-coverage="50% (1/2)"/>
            <line number="46" hits="0" branch="true" condition-coverage="0% (0/2)"/>
            <line number="50" hits="1" branch="false"/>
            <line number="51" hits="1" branch="false"/>
            <line number="58" hits="24" branch="false"/>
            <line number="59" hits="24" branch="false"/>
            <line number="61" hits="1" branch="true" condition-coverage="50% (1/2)"/>
            <line number="62" hits="0" branch="false"/>
            <line number="64" hits="1" branch="false"/>
            <line number="69" hits="28" branch="true" condition-coverage="100% (2/2)"/>
            <line number="73" hits="12" branch="false"/>
            <line number="74" hits="12" branch="false"/>
            <line number="78" hits="28" branch="false"/>
            <line number="79" hits="28" branch="false"/>
            <line number="80" hits="28" branch="false"/>
            <line number="84" hits="2" branch="false"/>
            <line number="85" hits="2" branch="false"/>
            <line number="86" hits="2" branch="false"/>
            <line number="87" hits="2" branch="false"/>
            <line number="88" hits="2" branch="false"/>
            <line number="93" hits="11" branch="false"/>
            <line number="94" hits="11" branch="false"/>
            <line number="95" hits="11" branch="false"/>
            <line number="96" hits="11" branch="true" condition-coverage="50% (1/2)"/>
            <line number="97" hits="0" branch="false"/>
            <line number="103" hits="11" branch="false"/>
            <line number="107" hits="3" branch="true" condition-coverage="100% (2/2)"/>
            <line number="108" hits="1" branch="false"/>
            <line number="110" hits="3" branch="true" condition-coverage="50% (1/2)"/>
            <line number="113" hits="0" branch="false"/>
            <line number="114" hits="0" branch="false"/>
            <line number="117" hits="3" branch="true" condition-coverage="100% (2/2)"/>
            <line number="118" hits="1" branch="false"/>
            <line number="120" hits="3" branch="false"/>
            <line number="121" hits="3" branch="true" condition-coverage="50% (1/2)"/>
            <line number="122" hits="0" branch="false"/>
            <line number="124" hits="3" branch="true" condition-coverage="50% (1/2)"/>
            <line number="125" hits="0" branch="false"/>
            <line number="128" hits="3" branch="false"/>
            <line number="144" hits="3" branch="false"/>
            <line number="148" hits="6" branch="true" condition-coverage="50% (1/2)"/>
            <line number="149" hits="6" branch="true" condition-coverage="50% (1/2)"/>
            <line number="150" hits="6" branch="false"/>
            <line number="152" hits="0" branch="false"/>
            <line number="156" hits="4" branch="true" condition-coverage="50% (1/2)"/>
            <line number="157" hits="4" branch="true" condition-coverage="50% (1/2)"/>
            <line number="158" hits="4" branch="false"/>
            <line number="160" hits="0" branch="false"/>
            <line number="164" hits="13" branch="false"/>
            <line number="165" hits="13" branch="false"/>
            <line number="166" hits="12" branch="false"/>
            <line number="167" hits="12" branch="false"/>
            <line number="168" hits="12" branch="false"/>
            <line number="172" hits="11" branch="false"/>
            <line number="173" hits="11" branch="false"/>
            <line number="174" hits="0" branch="true" condition-coverage="0% (0/2)"/>
            <line number="175" hits="0" branch="false"/>
            <line number="181" hits="0" branch="false"/>
            <line number="185" hits="11" branch="false"/>
            <line number="186" hits="11" branch="false"/>
            <line number="188" hits="2" branch="false"/>
            <line number="189" hits="2" branch="false"/>
            <line number="195" hits="9" branch="false"/>
            <line number="196" hits="9" branch="false"/>
            <line number="200" hits="3" branch="false"/>
            <line number="201" hits="3" branch="false"/>
            <line number="202" hits="3" branch="false"/>
            <line number="203" hits="3" branch="false"/>
            <line number="204" hits="3" branch="true" condition-coverage="100% (2/2)"/>
            <line number="205" hits="2" branch="false"/>
            <line number="206" hits="2" branch="false"/>
            <line number="207" hits="2" branch="false"/>
            <line number="208" hits="2" branch="false"/>
            <line number="209" hits="2" branch="false"/>
            <line number="210" hits="2" branch="false"/>
            <line number="212" hits="0" branch="true" condition-coverage="0% (0/2)"/>
            <line number="215" hits="0" branch="false"/>
            <line number="221" hits="0" branch="false"/>
            <line number="224" hits="3" branch="false"/>
            <line number="228" hits="4" branch="false"/>
            <line number="229" hits="4" branch="false"/>
            <line number="230" hits="4" branch="false"/>
            <line number="231" hits="4" branch="true" condition-coverage="75% (3/4)"/>
            <line number="232" hits="0" branch="false"/>
            <line number="235" hits="4" branch="false"/>
            <line number="254" hits="4" branch="true" condition-coverage="75% (3/4)"/>
            <line number="255" hits="0" branch="false"/>
            <line number="258" hits="4" branch="false"/>
            <line number="259" hits="4" branch="false"/>
            <line number="260" hits="4" branch="false"/>
            <line number="262" hits="0" branch="false"/>
            <line number="267" hits="0" branch="false"/>
            <line number="272" hits="2" branch="false"/>
            <line number="273" hits="2" branch="false"/>
            <line number="274" hits="2" branch="true" condition-coverage="50% (1/2)"/>
            <line number="275" hits="2" branch="true" condition-coverage="50% (1/2)"/>
            <line number="277" hits="2" branch="false"/>
            <line number="278" hits="2" branch="true" condition-coverage="50% (1/2)"/>
            <line number="279" hits="2" branch="true" condition-coverage="100% (2/2)"/>
            <line number="280" hits="1" branch="false"/>
            <line number="281" hits="1" branch="false"/>
            <line number="282" hits="1" branch="true" condition-coverage="50% (1/2)"/>
            <line number="283" hits="1" branch="false"/>
            <line number="286" hits="2" branch="true" condition-coverage="100% (4/4)"/>
            <line number="287" hits="1" branch="false"/>
            <line number="290" hits="2" branch="false"/>
            <line number="291" hits="2" branch="false"/>
            <line number="295" hits="0" branch="false"/>
            <line number="296" hits="0" branch="false"/>
            <line number="298" hits="0" branch="true" condition-coverage="0% (0/2)"/>
            <line number="299" hits="0" branch="false"/>
            <line number="301" hits="0" branch="true" condition-coverage="0% (0/2)"/>
            <line number="302" hits="0" branch="false"/>
            <line number="304" hits="0" branch="true" condition-coverage="0% (0/2)"/>
            <line number="305" hits="0" branch="false"/>
            <line number="307" hits="0" branch="true" condition-coverage="0% (0/2)"/>
            <line number="308" hits="0" branch="false"/>
            <line number="311" hits="0" branch="true" condition-coverage="0% (0/4)"/>
            <line number="312" hits="0" branch="false"/>
            <line number="315" hits="0" branch="false"/>
            <line number="319" hits="1" branch="false"/>
            <line number="320" hits="1" branch="false"/>
            <line number="321" hits="1" branch="false"/>
            <line number="322" hits="1" branch="false"/>
            <line number="327" hits="1" branch="false"/>
            <line number="328" hits="1" branch="false"/>
            <line number="329" hits="1" branch="false"/>
            <line number="334" hits="1" branch="false"/>
            <line number="336" hits="0" branch="false"/>
            <line number="341" hits="0" branch="false"/>
            <line number="346" hits="1" branch="false"/>
            <line number="347" hits="1" branch="false"/>
            <line number="348" hits="1" branch="false"/>
            <line number="349" hits="1" branch="false"/>
            <line number="350" hits="1" branch="true" condition-coverage="50% (1/2)"/>
            <line number="351" hits="0" branch="false"/>
            <line number="353" hits="1" branch="false"/>
            <line number="354" hits="1" branch="false"/>
            <line number="355" hits="1" branch="false"/>
            <line number="356" hits="1" branch="false"/>
            <line number="361" hits="1" branch="false"/>
            <line number="363" hits="0" branch="false"/>
            <line number="369" hits="0" branch="false"/>
            <line number="374" hits="1" branch="false"/>
            <line number="375" hits="1" branch="false"/>
            <line number="376" hits="1" branch="false"/>
            <line number="377" hits="1" branch="false"/>
            <line number="381" hits="1" branch="false"/>
            <line number="382" hits="1" branch="false"/>
            <line number="386" hits="1" branch="false"/>
            <line number="388" hits="0" branch="false"/>
            <line number="393" hits="0" branch="false"/>
            <line number="398" hits="2" branch="false"/>
            <line number="399" hits="2" branch="false"/>
            <line number="400" hits="2" branch="false"/>
            <line number="401" hits="2" branch="false"/>
            <line number="402" hits="2" branch="true" condition-coverage="100% (4/4)"/>
            <line number="403" hits="1" branch="false"/>
            <line number="405" hits="1" branch="false"/>
            <line number="407" hits="2" branch="false"/>
            <line number="408" hits="2" branch="false"/>
            <line number="409" hits="2" branch="false"/>
            <line number="411" hits="0" branch="false"/>
            <line number="417" hits="0" branch="false"/>
            <line number="422" hits="1" branch="false"/>
            <line number="423" hits="1" branch="true" condition-coverage="50% (1/2)"/>
            <line number="427" hits="2" branch="false"/>
            <line number="428" hits="2" branch="false"/>
            <line number="429" hits="2" branch="false"/>
            <line number="430" hits="2" branch="false"/>
            <line number="432" hits="2" branch="false"/>
            <line number="433" hits="2" branch="false"/>
            <line number="440" hits="0" branch="false"/>
            <line number="441" hits="0" branch="true" condition-coverage="0% (0/2)"/>
            <line number="442" hits="0" branch="false"/>
            <line number="445" hits="2" branch="true" condition-coverage="50% (1/2)"/>
            <line number="447" hits="2" branch="false"/>
            <line number="448" hits="2" branch="false"/>
            <line number="449" hits="2" branch="false"/>
            <line number="451" hits="0" branch="false"/>
            <line number="456" hits="2" branch="true" condition-coverage="50% (1/2)"/>
            <line number="457" hits="2" branch="true" condition-coverage="50% (1/2)"/>
            <line number="459" hits="0" branch="true" condition-coverage="0% (0/2)"/>
            <line number="460" hits="0" branch="true" condition-coverage="0% (0/2)"/>
            <line number="466" hits="2" branch="true" condition-coverage="50% (1/2)"/>
            <line number="468" hits="0" branch="true" condition-coverage="0% (0/2)"/>
            <line number="469" hits="0" branch="true" condition-coverage="0% (0/4)"/>
            <line number="473" hits="2" branch="false"/>
            <line number="484" hits="2" branch="true" condition-coverage="50% (1/2)"/>
            <line number="485" hits="2" branch="true" condition-coverage="50% (1/2)"/>
            <line number="486" hits="0" branch="true" condition-coverage="0% (0/4)"/>
            <line number="488" hits="2" branch="true" condition-coverage="50% (1/2)"/>
            <line number="490" hits="0" branch="true" condition-coverage="0% (0/2)"/>
            <line number="496" hits="2" branch="false"/>
          </lines>
        </class>
        <class name="browser-bridge.js" filename="src\browser-bridge.js" line-rate="0.7249" branch-rate="0.5527000000000001">
          <methods>
            <method name="loadPlaywright" hits="4" signature="()V">
              <lines>
                <line number="18" hits="4"/>
              </lines>
            </method>
            <method name="homeDir" hits="136" signature="()V">
              <lines>
                <line number="23" hits="136"/>
              </lines>
            </method>
            <method name="rotatorPath" hits="136" signature="()V">
              <lines>
                <line number="27" hits="136"/>
              </lines>
            </method>
            <method name="browserProfilesDir" hits="24" signature="()V">
              <lines>
                <line number="37" hits="24"/>
              </lines>
            </method>
            <method name="browserResponsesDir" hits="36" signature="()V">
              <lines>
                <line number="41" hits="36"/>
              </lines>
            </method>
            <method name="getBrowserResponsePlatform" hits="4" signature="()V">
              <lines>
                <line number="45" hits="4"/>
              </lines>
            </method>
            <method name="tagResponse" hits="7" signature="()V">
              <lines>
                <line number="51" hits="7"/>
              </lines>
            </method>
            <method name="(anonymous_7)" hits="5" signature="()V">
              <lines>
                <line number="67" hits="5"/>
              </lines>
            </method>
            <method name="ingestBrowserResponseFile" hits="5" signature="()V">
              <lines>
                <line number="97" hits="5"/>
              </lines>
            </method>
            <method name="(anonymous_9)" hits="3" signature="()V">
              <lines>
                <line number="117" hits="3"/>
              </lines>
            </method>
            <method name="browserSelectorsPath" hits="2" signature="()V">
              <lines>
                <line number="137" hits="2"/>
              </lines>
            </method>
            <method name="promptLibraryPath" hits="39" signature="()V">
              <lines>
                <line number="141" hits="39"/>
              </lines>
            </method>
            <method name="platformLastSendPath" hits="5" signature="()V">
              <lines>
                <line number="145" hits="5"/>
              </lines>
            </method>
            <method name="exists" hits="47" signature="()V">
              <lines>
                <line number="160" hits="47"/>
              </lines>
            </method>
            <method name="now" hits="7" signature="()V">
              <lines>
                <line number="169" hits="7"/>
              </lines>
            </method>
            <method name="getTimestamp" hits="5" signature="()V">
              <lines>
                <line number="173" hits="5"/>
              </lines>
            </method>
            <method name="ensureBrowserDirs" hits="20" signature="()V">
              <lines>
                <line number="184" hits="20"/>
              </lines>
            </method>
            <method name="loadSelectorOverrides" hits="2" signature="()V">
              <lines>
                <line number="189" hits="2"/>
              </lines>
            </method>
            <method name="getAdapterModule" hits="4" signature="()V">
              <lines>
                <line number="202" hits="4"/>
              </lines>
            </method>
            <method name="(anonymous_19)" hits="4" signature="()V">
              <lines>
                <line number="204" hits="4"/>
              </lines>
            </method>
            <method name="(anonymous_20)" hits="0" signature="()V">
              <lines>
                <line number="204" hits="0"/>
              </lines>
            </method>
            <method name="(anonymous_21)" hits="0" signature="()V">
              <lines>
                <line number="204" hits="0"/>
              </lines>
            </method>
            <method name="(anonymous_22)" hits="0" signature="()V">
              <lines>
                <line number="204" hits="0"/>
              </lines>
            </method>
            <method name="launchBrowser" hits="4" signature="()V">
              <lines>
                <line number="211" hits="4"/>
              </lines>
            </method>
            <method name="closeBrowser" hits="4" signature="()V">
              <lines>
                <line number="269" hits="4"/>
              </lines>
            </method>
            <method name="sendPrompt" hits="2" signature="()V">
              <lines>
                <line number="289" hits="2"/>
              </lines>
            </method>
            <method name="(anonymous_26)" hits="0" signature="()V">
              <lines>
                <line number="344" hits="0"/>
              </lines>
            </method>
            <method name="(anonymous_27)" hits="0" signature="()V">
              <lines>
                <line number="389" hits="0"/>
              </lines>
            </method>
            <method name="loadPlatformLastSend" hits="3" signature="()V">
              <lines>
                <line number="440" hits="3"/>
              </lines>
            </method>
            <method name="waitForMinimumDelay" hits="1" signature="()V">
              <lines>
                <line number="453" hits="1"/>
              </lines>
            </method>
            <method name="(anonymous_30)" hits="0" signature="()V">
              <lines>
                <line number="463" hits="0"/>
              </lines>
            </method>
            <method name="comparePrompts" hits="1" signature="()V">
              <lines>
                <line number="467" hits="1"/>
              </lines>
            </method>
            <method name="loadPromptLibrary" hits="25" signature="()V">
              <lines>
                <line number="555" hits="25"/>
              </lines>
            </method>
            <method name="(anonymous_33)" hits="9" signature="()V">
              <lines>
                <line number="564" hits="9"/>
              </lines>
            </method>
            <method name="savePromptLibrary" hits="14" signature="()V">
              <lines>
                <line number="570" hits="14"/>
              </lines>
            </method>
            <method name="(anonymous_35)" hits="14" signature="()V">
              <lines>
                <line number="571" hits="14"/>
              </lines>
            </method>
            <method name="addPrompt" hits="13" signature="()V">
              <lines>
                <line number="577" hits="13"/>
              </lines>
            </method>
            <method name="findPrompt" hits="4" signature="()V">
              <lines>
                <line number="586" hits="4"/>
              </lines>
            </method>
            <method name="(anonymous_38)" hits="2" signature="()V">
              <lines>
                <line number="588" hits="2"/>
              </lines>
            </method>
            <method name="updatePrompt" hits="2" signature="()V">
              <lines>
                <line number="593" hits="2"/>
              </lines>
            </method>
            <method name="(anonymous_40)" hits="2" signature="()V">
              <lines>
                <line number="595" hits="2"/>
              </lines>
            </method>
            <method name="deletePrompt" hits="2" signature="()V">
              <lines>
                <line number="604" hits="2"/>
              </lines>
            </method>
            <method name="(anonymous_42)" hits="1" signature="()V">
              <lines>
                <line number="606" hits="1"/>
              </lines>
            </method>
            <method name="runPromptTemplate" hits="0" signature="()V">
              <lines>
                <line number="614" hits="0"/>
              </lines>
            </method>
            <method name="loginToPage" hits="0" signature="()V">
              <lines>
                <line number="637" hits="0"/>
              </lines>
            </method>
            <method name="(anonymous_45)" hits="0" signature="()V">
              <lines>
                <line number="664" hits="0"/>
              </lines>
            </method>
            <method name="(anonymous_46)" hits="0" signature="()V">
              <lines>
                <line number="669" hits="0"/>
              </lines>
            </method>
            <method name="listResponses" hits="5" signature="()V">
              <lines>
                <line number="702" hits="5"/>
              </lines>
            </method>
            <method name="(anonymous_48)" hits="3" signature="()V">
              <lines>
                <line number="713" hits="3"/>
              </lines>
            </method>
            <method name="(anonymous_49)" hits="16" signature="()V">
              <lines>
                <line number="718" hits="16"/>
              </lines>
            </method>
            <method name="getResponseMetadata" hits="0" signature="()V">
              <lines>
                <line number="750" hits="0"/>
              </lines>
            </method>
            <method name="clearResponses" hits="1" signature="()V">
              <lines>
                <line number="769" hits="1"/>
              </lines>
            </method>
            <method name="captureThread" hits="3" signature="()V">
              <lines>
                <line number="808" hits="3"/>
              </lines>
            </method>
            <method name="(anonymous_53)" hits="0" signature="()V">
              <lines>
                <line number="839" hits="0"/>
              </lines>
            </method>
            <method name="(anonymous_54)" hits="0" signature="()V">
              <lines>
                <line number="844" hits="0"/>
              </lines>
            </method>
            <method name="(anonymous_55)" hits="0" signature="()V">
              <lines>
                <line number="852" hits="0"/>
              </lines>
            </method>
            <method name="(anonymous_56)" hits="4" signature="()V">
              <lines>
                <line number="861" hits="4"/>
              </lines>
            </method>
            <method name="(anonymous_57)" hits="4" signature="()V">
              <lines>
                <line number="884" hits="4"/>
              </lines>
            </method>
            <method name="(anonymous_58)" hits="0" signature="()V">
              <lines>
                <line number="909" hits="0"/>
              </lines>
            </method>
            <method name="(anonymous_59)" hits="0" signature="()V">
              <lines>
                <line number="927" hits="0"/>
              </lines>
            </method>
            <method name="(anonymous_60)" hits="4" signature="()V">
              <lines>
                <line number="934" hits="4"/>
              </lines>
            </method>
            <method name="getDefaultThreadSelectors" hits="2" signature="()V">
              <lines>
                <line number="944" hits="2"/>
              </lines>
            </method>
          </methods>
          <lines>
            <line number="16" hits="6" branch="false"/>
            <line number="19" hits="4" branch="false"/>
            <line number="20" hits="4" branch="false"/>
            <line number="24" hits="136" branch="true" condition-coverage="50% (1/2)"/>
            <line number="28" hits="136" branch="false"/>
            <line number="31" hits="6" branch="false"/>
            <line number="32" hits="6" branch="false"/>
            <line number="33" hits="6" branch="false"/>
            <line number="34" hits="6" branch="false"/>
            <line number="35" hits="6" branch="false"/>
            <line number="38" hits="24" branch="false"/>
            <line number="42" hits="36" branch="false"/>
            <line number="46" hits="4" branch="false"/>
            <line number="47" hits="4" branch="false"/>
            <line number="48" hits="4" branch="true" condition-coverage="50% (1/2)"/>
            <line number="52" hits="7" branch="false"/>
            <line number="53" hits="7" branch="true" condition-coverage="50% (1/2)"/>
            <line number="54" hits="7" branch="true" condition-coverage="50% (1/2)"/>
            <line number="55" hits="0" branch="false"/>
            <line number="58" hits="7" branch="false"/>
            <line number="59" hits="7" branch="true" condition-coverage="100% (2/2)"/>
            <line number="60" hits="1" branch="false"/>
            <line number="63" hits="6" branch="false"/>
            <line number="64" hits="6" branch="false"/>
            <line number="65" hits="6" branch="false"/>
            <line number="66" hits="6" branch="true" condition-coverage="100% (2/2)"/>
            <line number="67" hits="5" branch="false"/>
            <line number="76" hits="5" branch="false"/>
            <line number="78" hits="6" branch="false"/>
            <line number="80" hits="6" branch="false"/>
            <line number="81" hits="6" branch="true" condition-coverage="100% (2/2)"/>
            <line number="82" hits="7" branch="true" condition-coverage="100% (2/2)"/>
            <line number="83" hits="3" branch="false"/>
            <line number="84" hits="3" branch="true" condition-coverage="100% (2/2)"/>
            <line number="85" hits="3" branch="false"/>
            <line number="86" hits="3" branch="false"/>
            <line number="89" hits="6" branch="false"/>
            <line number="98" hits="5" branch="false"/>
            <line number="99" hits="5" branch="false"/>
            <line number="100" hits="5" branch="true" condition-coverage="100% (2/2)"/>
            <line number="101" hits="1" branch="false"/>
            <line number="105" hits="1" branch="false"/>
            <line number="108" hits="4" branch="false"/>
            <line number="109" hits="4" branch="false"/>
            <line number="110" hits="4" branch="false"/>
            <line number="111" hits="4" branch="false"/>
            <line number="115" hits="4" branch="false"/>
            <line number="116" hits="4" branch="false"/>
            <line number="117" hits="3" branch="true" condition-coverage="50% (1/2)"/>
            <line number="118" hits="3" branch="false"/>
            <line number="125" hits="3" branch="false"/>
            <line number="127" hits="1" branch="false"/>
            <line number="133" hits="1" branch="false"/>
            <line number="138" hits="2" branch="false"/>
            <line number="142" hits="39" branch="false"/>
            <line number="146" hits="5" branch="false"/>
            <line number="149" hits="6" branch="false"/>
            <line number="158" hits="6" branch="false"/>
            <line number="161" hits="47" branch="false"/>
            <line number="162" hits="47" branch="false"/>
            <line number="163" hits="21" branch="false"/>
            <line number="165" hits="26" branch="false"/>
            <line number="170" hits="7" branch="false"/>
            <line number="174" hits="5" branch="false"/>
            <line number="175" hits="5" branch="false"/>
            <line number="176" hits="5" branch="false"/>
            <line number="177" hits="5" branch="false"/>
            <line number="178" hits="5" branch="false"/>
            <line number="179" hits="5" branch="false"/>
            <line number="180" hits="5" branch="false"/>
            <line number="181" hits="5" branch="false"/>
            <line number="185" hits="20" branch="false"/>
            <line number="186" hits="20" branch="false"/>
            <line number="190" hits="2" branch="false"/>
            <line number="191" hits="2" branch="true" condition-coverage="50% (1/2)"/>
            <line number="192" hits="2" branch="false"/>
            <line number="194" hits="0" branch="false"/>
            <line number="195" hits="0" branch="false"/>
            <line number="196" hits="0" branch="true" condition-coverage="0% (0/2)"/>
            <line number="198" hits="0" branch="false"/>
            <line number="203" hits="4" branch="false"/>
            <line number="204" hits="4" branch="false"/>
            <line number="205" hits="4" branch="false"/>
            <line number="207" hits="0" branch="false"/>
            <line number="218" hits="4" branch="false"/>
            <line number="219" hits="4" branch="false"/>
            <line number="220" hits="4" branch="false"/>
            <line number="222" hits="4" branch="true" condition-coverage="50% (1/2)"/>
            <line number="224" hits="4" branch="false"/>
            <line number="230" hits="4" branch="true" condition-coverage="50% (1/2)"/>
            <line number="231" hits="0" branch="false"/>
            <line number="232" hits="0" branch="true" condition-coverage="0% (0/5)"/>
            <line number="233" hits="0" branch="true" condition-coverage="0% (0/2)"/>
            <line number="234" hits="0" branch="false"/>
            <line number="237" hits="4" branch="false"/>
            <line number="238" hits="4" branch="true" condition-coverage="50% (1/2)"/>
            <line number="239" hits="0" branch="true" condition-coverage="0% (0/5)"/>
            <line number="240" hits="0" branch="true" condition-coverage="0% (0/2)"/>
            <line number="241" hits="0" branch="false"/>
            <line number="246" hits="4" branch="true" condition-coverage="50% (1/2)"/>
            <line number="250" hits="4" branch="false"/>
            <line number="252" hits="4" branch="false"/>
            <line number="253" hits="4" branch="true" condition-coverage="75% (3/4)"/>
            <line number="254" hits="0" branch="false"/>
            <line number="255" hits="0" branch="false"/>
            <line number="258" hits="4" branch="false"/>
            <line number="262" hits="4" branch="false"/>
            <line number="263" hits="4" branch="false"/>
            <line number="264" hits="4" branch="false"/>
            <line number="266" hits="4" branch="false"/>
            <line number="270" hits="4" branch="true" condition-coverage="50% (1/2)"/>
            <line number="273" hits="4" branch="true" condition-coverage="50% (1/2)"/>
            <line number="274" hits="4" branch="false"/>
            <line number="275" hits="4" branch="false"/>
            <line number="276" hits="4" branch="false"/>
            <line number="277" hits="0" branch="false"/>
            <line number="283" hits="4" branch="false"/>
            <line number="284" hits="4" branch="true" condition-coverage="50% (1/2)"/>
            <line number="285" hits="4" branch="false"/>
            <line number="297" hits="2" branch="false"/>
            <line number="299" hits="2" branch="true" condition-coverage="50% (1/2)"/>
            <line number="300" hits="2" branch="true" condition-coverage="50% (1/2)"/>
            <line number="301" hits="2" branch="false"/>
            <line number="303" hits="2" branch="true" condition-coverage="50% (1/2)"/>
            <line number="304" hits="0" branch="false"/>
            <line number="309" hits="0" branch="false"/>
            <line number="314" hits="0" branch="false"/>
            <line number="324" hits="2" branch="false"/>
            <line number="325" hits="2" branch="false"/>
            <line number="332" hits="2" branch="false"/>
            <line number="333" hits="2" branch="false"/>
            <line number="334" hits="2" branch="false"/>
            <line number="335" hits="2" branch="false"/>
            <line number="338" hits="2" branch="false"/>
            <line number="341" hits="2" branch="false"/>
            <line number="342" hits="2" branch="false"/>
            <line number="344" hits="2" branch="false"/>
            <line number="345" hits="2" branch="true" condition-coverage="50% (1/2)"/>
            <line number="346" hits="0" branch="false"/>
            <line number="351" hits="2" branch="false"/>
            <line number="352" hits="2" branch="false"/>
            <line number="355" hits="2" branch="false"/>
            <line number="358" hits="2" branch="false"/>
            <line number="359" hits="2" branch="false"/>
            <line number="364" hits="2" branch="false"/>
            <line number="377" hits="2" branch="false"/>
            <line number="378" hits="2" branch="false"/>
            <line number="379" hits="2" branch="false"/>
            <line number="380" hits="2" branch="false"/>
            <line number="381" hits="2" branch="false"/>
            <line number="383" hits="2" branch="false"/>
            <line number="386" hits="2" branch="false"/>
            <line number="387" hits="2" branch="false"/>
            <line number="389" hits="0" branch="false"/>
            <line number="390" hits="0" branch="false"/>
            <line number="393" hits="2" branch="false"/>
            <line number="395" hits="2" branch="false"/>
            <line number="396" hits="2" branch="false"/>
            <line number="398" hits="0" branch="false"/>
            <line number="407" hits="2" branch="false"/>
            <line number="408" hits="2" branch="false"/>
            <line number="409" hits="2" branch="false"/>
            <line number="411" hits="2" branch="false"/>
            <line number="418" hits="2" branch="false"/>
            <line number="426" hits="0" branch="false"/>
            <line number="432" hits="0" branch="false"/>
            <line number="434" hits="2" branch="true" condition-coverage="50% (1/2)"/>
            <line number="435" hits="2" branch="false"/>
            <line number="441" hits="3" branch="false"/>
            <line number="442" hits="3" branch="true" condition-coverage="50% (1/2)"/>
            <line number="443" hits="3" branch="false"/>
            <line number="445" hits="0" branch="false"/>
            <line number="446" hits="0" branch="false"/>
            <line number="447" hits="0" branch="true" condition-coverage="0% (0/2)"/>
            <line number="449" hits="0" branch="false"/>
            <line number="454" hits="1" branch="false"/>
            <line number="455" hits="1" branch="false"/>
            <line number="456" hits="1" branch="true" condition-coverage="50% (1/2)"/>
            <line number="458" hits="0" branch="false"/>
            <line number="459" hits="0" branch="false"/>
            <line number="461" hits="0" branch="true" condition-coverage="0% (0/2)"/>
            <line number="462" hits="0" branch="false"/>
            <line number="463" hits="0" branch="false"/>
            <line number="475" hits="1" branch="false"/>
            <line number="477" hits="1" branch="true" condition-coverage="50% (1/2)"/>
            <line number="478" hits="1" branch="true" condition-coverage="50% (1/2)"/>
            <line number="480" hits="1" branch="true" condition-coverage="50% (1/2)"/>
            <line number="481" hits="0" branch="false"/>
            <line number="489" hits="1" branch="false"/>
            <line number="491" hits="1" branch="false"/>
            <line number="493" hits="1" branch="false"/>
            <line number="495" hits="1" branch="false"/>
            <line number="496" hits="1" branch="false"/>
            <line number="504" hits="1" branch="false"/>
            <line number="506" hits="0" branch="false"/>
            <line number="515" hits="1" branch="false"/>
            <line number="516" hits="1" branch="false"/>
            <line number="518" hits="1" branch="false"/>
            <line number="527" hits="1" branch="false"/>
            <line number="528" hits="1" branch="true" condition-coverage="50% (1/2)"/>
            <line number="529" hits="0" branch="false"/>
            <line number="537" hits="1" branch="false"/>
            <line number="545" hits="1" branch="false"/>
            <line number="547" hits="1" branch="false"/>
            <line number="556" hits="25" branch="false"/>
            <line number="557" hits="25" branch="true" condition-coverage="100% (2/2)"/>
            <line number="558" hits="16" branch="false"/>
            <line number="561" hits="9" branch="false"/>
            <line number="562" hits="9" branch="false"/>
            <line number="563" hits="9" branch="true" condition-coverage="50% (1/2)"/>
            <line number="564" hits="25" branch="false"/>
            <line number="566" hits="0" branch="false"/>
            <line number="571" hits="14" branch="false"/>
            <line number="572" hits="14" branch="false"/>
            <line number="573" hits="14" branch="false"/>
            <line number="574" hits="14" branch="false"/>
            <line number="578" hits="13" branch="false"/>
            <line number="579" hits="13" branch="false"/>
            <line number="580" hits="13" branch="false"/>
            <line number="581" hits="13" branch="false"/>
            <line number="582" hits="13" branch="false"/>
            <line number="583" hits="11" branch="false"/>
            <line number="587" hits="4" branch="false"/>
            <line number="588" hits="4" branch="false"/>
            <line number="589" hits="4" branch="true" condition-coverage="100% (2/2)"/>
            <line number="590" hits="2" branch="false"/>
            <line number="594" hits="2" branch="false"/>
            <line number="595" hits="2" branch="false"/>
            <line number="596" hits="2" branch="true" condition-coverage="50% (1/2)"/>
            <line number="598" hits="2" branch="false"/>
            <line number="599" hits="2" branch="false"/>
            <line number="600" hits="2" branch="false"/>
            <line number="601" hits="2" branch="false"/>
            <line number="605" hits="2" branch="false"/>
            <line number="606" hits="2" branch="false"/>
            <line number="607" hits="2" branch="true" condition-coverage="100% (2/2)"/>
            <line number="609" hits="1" branch="false"/>
            <line number="610" hits="1" branch="false"/>
            <line number="611" hits="1" branch="false"/>
            <line number="615" hits="0" branch="true" condition-coverage="0% (0/2)"/>
            <line number="617" hits="0" branch="false"/>
            <line number="618" hits="0" branch="false"/>
            <line number="621" hits="0" branch="false"/>
            <line number="622" hits="0" branch="false"/>
            <line number="626" hits="0" branch="false"/>
            <line number="627" hits="0" branch="false"/>
            <line number="630" hits="0" branch="false"/>
            <line number="638" hits="0" branch="true" condition-coverage="0% (0/2)"/>
            <line number="640" hits="0" branch="true" condition-coverage="0% (0/2)"/>
            <line number="642" hits="0" branch="false"/>
            <line number="643" hits="0" branch="false"/>
            <line number="650" hits="0" branch="false"/>
            <line number="651" hits="0" branch="false"/>
            <line number="652" hits="0" branch="false"/>
            <line number="653" hits="0" branch="false"/>
            <line number="659" hits="0" branch="false"/>
            <line number="660" hits="0" branch="false"/>
            <line number="661" hits="0" branch="false"/>
            <line number="662" hits="0" branch="false"/>
            <line number="664" hits="0" branch="false"/>
            <line number="665" hits="0" branch="false"/>
            <line number="668" hits="0" branch="false"/>
            <line number="669" hits="0" branch="false"/>
            <line number="670" hits="0" branch="false"/>
            <line number="673" hits="0" branch="false"/>
            <line number="674" hits="0" branch="false"/>
            <line number="676" hits="0" branch="true" condition-coverage="0% (0/2)"/>
            <line number="677" hits="0" branch="false"/>
            <line number="680" hits="0" branch="false"/>
            <line number="681" hits="0" branch="false"/>
            <line number="683" hits="0" branch="false"/>
            <line number="688" hits="0" branch="false"/>
            <line number="694" hits="0" branch="false"/>
            <line number="696" hits="0" branch="false"/>
            <line number="697" hits="0" branch="false"/>
            <line number="703" hits="5" branch="true" condition-coverage="100% (2/2)"/>
            <line number="704" hits="5" branch="false"/>
            <line number="706" hits="5" branch="true" condition-coverage="50% (1/2)"/>
            <line number="707" hits="0" branch="false"/>
            <line number="710" hits="5" branch="false"/>
            <line number="712" hits="5" branch="true" condition-coverage="100% (2/2)"/>
            <line number="713" hits="3" branch="false"/>
            <line number="717" hits="5" branch="true" condition-coverage="100% (2/2)"/>
            <line number="718" hits="16" branch="false"/>
            <line number="722" hits="5" branch="false"/>
            <line number="724" hits="5" branch="true" condition-coverage="50% (1/2)"/>
            <line number="725" hits="5" branch="false"/>
            <line number="728" hits="5" branch="false"/>
            <line number="729" hits="5" branch="false"/>
            <line number="731" hits="5" branch="false"/>
            <line number="732" hits="5" branch="false"/>
            <line number="733" hits="8" branch="false"/>
            <line number="734" hits="8" branch="false"/>
            <line number="735" hits="8" branch="false"/>
            <line number="736" hits="8" branch="true" condition-coverage="100% (2/2)"/>
            <line number="737" hits="8" branch="false"/>
            <line number="746" hits="5" branch="false"/>
            <line number="747" hits="5" branch="false"/>
            <line number="751" hits="0" branch="false"/>
            <line number="752" hits="0" branch="true" condition-coverage="0% (0/2)"/>
            <line number="753" hits="0" branch="false"/>
            <line number="756" hits="0" branch="false"/>
            <line number="757" hits="0" branch="false"/>
            <line number="759" hits="0" branch="false"/>
            <line number="770" hits="1" branch="true" condition-coverage="100% (2/2)"/>
            <line number="771" hits="1" branch="false"/>
            <line number="773" hits="1" branch="true" condition-coverage="50% (1/2)"/>
            <line number="774" hits="0" branch="false"/>
            <line number="777" hits="1" branch="false"/>
            <line number="778" hits="1" branch="false"/>
            <line number="779" hits="1" branch="false"/>
            <line number="781" hits="1" branch="false"/>
            <line number="782" hits="2" branch="false"/>
            <line number="784" hits="2" branch="true" condition-coverage="50% (1/2)"/>
            <line number="785" hits="0" branch="false"/>
            <line number="788" hits="2" branch="true" condition-coverage="50% (2/4)"/>
            <line number="789" hits="0" branch="false"/>
            <line number="790" hits="0" branch="false"/>
            <line number="791" hits="0" branch="false"/>
            <line number="792" hits="0" branch="false"/>
            <line number="793" hits="0" branch="false"/>
            <line number="796" hits="2" branch="true" condition-coverage="50% (1/2)"/>
            <line number="797" hits="0" branch="false"/>
            <line number="798" hits="0" branch="false"/>
            <line number="799" hits="0" branch="false"/>
            <line number="803" hits="1" branch="false"/>
            <line number="809" hits="3" branch="true" condition-coverage="100% (2/2)"/>
            <line number="810" hits="1" branch="false"/>
            <line number="814" hits="2" branch="false"/>
            <line number="815" hits="2" branch="true" condition-coverage="100% (2/2)"/>
            <line number="816" hits="3" branch="true" condition-coverage="100% (2/2)"/>
            <line number="818" hits="3" branch="true" condition-coverage="100% (2/2)"/>
            <line number="819" hits="2" branch="false"/>
            <line number="826" hits="2" branch="false"/>
            <line number="828" hits="2" branch="false"/>
            <line number="829" hits="2" branch="false"/>
            <line number="831" hits="2" branch="false"/>
            <line number="832" hits="2" branch="false"/>
            <line number="835" hits="2" branch="false"/>
            <line number="838" hits="2" branch="false"/>
            <line number="840" hits="0" branch="false"/>
            <line number="841" hits="0" branch="true" condition-coverage="0% (0/2)"/>
            <line number="843" hits="0" branch="false"/>
            <line number="845" hits="0" branch="false"/>
            <line number="846" hits="0" branch="true" condition-coverage="0% (0/4)"/>
            <line number="847" hits="0" branch="false"/>
            <line number="848" hits="0" branch="true" condition-coverage="0% (0/2)"/>
            <line number="850" hits="0" branch="false"/>
            <line number="852" hits="0" branch="true" condition-coverage="0% (0/2)"/>
            <line number="857" hits="2" branch="true" condition-coverage="50% (1/2)"/>
            <line number="858" hits="0" branch="false"/>
            <line number="861" hits="4" branch="true" condition-coverage="50% (1/2)"/>
            <line number="862" hits="2" branch="true" condition-coverage="75% (3/4)"/>
            <line number="863" hits="0" branch="false"/>
            <line number="870" hits="2" branch="false"/>
            <line number="871" hits="2" branch="false"/>
            <line number="872" hits="2" branch="true" condition-coverage="50% (1/2)"/>
            <line number="874" hits="3" branch="false"/>
            <line number="883" hits="3" branch="false"/>
            <line number="884" hits="3" branch="false"/>
            <line number="886" hits="4" branch="true" condition-coverage="50% (1/2)"/>
            <line number="887" hits="4" branch="false"/>
            <line number="888" hits="4" branch="false"/>
            <line number="892" hits="3" branch="false"/>
            <line number="893" hits="3" branch="false"/>
            <line number="894" hits="2" branch="false"/>
            <line number="896" hits="2" branch="false"/>
            <line number="898" hits="2" branch="false"/>
            <line number="899" hits="2" branch="false"/>
            <line number="900" hits="2" branch="false"/>
            <line number="901" hits="2" branch="false"/>
            <line number="903" hits="2" branch="false"/>
            <line number="906" hits="2" branch="false"/>
            <line number="907" hits="2" branch="false"/>
            <line number="909" hits="0" branch="false"/>
            <line number="910" hits="0" branch="false"/>
            <line number="913" hits="2" branch="false"/>
            <line number="914" hits="2" branch="false"/>
            <line number="915" hits="2" branch="false"/>
            <line number="916" hits="2" branch="false"/>
            <line number="922" hits="2" branch="false"/>
            <line number="926" hits="0" branch="false"/>
            <line number="927" hits="0" branch="false"/>
            <line number="929" hits="0" branch="false"/>
            <line number="932" hits="2" branch="false"/>
            <line number="934" hits="4" branch="false"/>
            <line number="940" hits="2" branch="false"/>
            <line number="945" hits="2" branch="false"/>
            <line number="968" hits="2" branch="true" condition-coverage="50% (1/2)"/>
          </lines>
        </class>
        <class name="idea-store.js" filename="src\idea-store.js" line-rate="0.8896999999999999" branch-rate="0.7844">
          <methods>
            <method name="(anonymous_0)" hits="113" signature="()V">
              <lines>
                <line number="14" hits="113"/>
              </lines>
            </method>
            <method name="formatValidationError" hits="3" signature="()V">
              <lines>
                <line number="24" hits="3"/>
              </lines>
            </method>
            <method name="(anonymous_2)" hits="7" signature="()V">
              <lines>
                <line number="26" hits="7"/>
              </lines>
            </method>
            <method name="createIdeaInvalidError" hits="3" signature="()V">
              <lines>
                <line number="31" hits="3"/>
              </lines>
            </method>
            <method name="parseIdeaOrThrowDomainError" hits="114" signature="()V">
              <lines>
                <line number="39" hits="114"/>
              </lines>
            </method>
            <method name="slugify" hits="53" signature="()V">
              <lines>
                <line number="47" hits="53"/>
              </lines>
            </method>
            <method name="normalizeTags" hits="114" signature="()V">
              <lines>
                <line number="56" hits="114"/>
              </lines>
            </method>
            <method name="(anonymous_7)" hits="83" signature="()V">
              <lines>
                <line number="58" hits="83"/>
              </lines>
            </method>
            <method name="(anonymous_8)" hits="3" signature="()V">
              <lines>
                <line number="61" hits="3"/>
              </lines>
            </method>
            <method name="extractTitle" hits="59" signature="()V">
              <lines>
                <line number="65" hits="59"/>
              </lines>
            </method>
            <method name="(anonymous_10)" hits="117" signature="()V">
              <lines>
                <line number="66" hits="117"/>
              </lines>
            </method>
            <method name="stripTitleFromBody" hits="6" signature="()V">
              <lines>
                <line number="71" hits="6"/>
              </lines>
            </method>
            <method name="maxCharHint" hits="0" signature="()V">
              <lines>
                <line number="81" hits="0"/>
              </lines>
            </method>
            <method name="estimateTokens" hits="6" signature="()V">
              <lines>
                <line number="85" hits="6"/>
              </lines>
            </method>
            <method name="pathExists" hits="754" signature="()V">
              <lines>
                <line number="89" hits="754"/>
              </lines>
            </method>
            <method name="quarantineFile" hits="2" signature="()V">
              <lines>
                <line number="98" hits="2"/>
              </lines>
            </method>
            <method name="findGitRoot" hits="104" signature="()V">
              <lines>
                <line number="107" hits="104"/>
              </lines>
            </method>
            <method name="ensureDirectory" hits="55" signature="()V">
              <lines>
                <line number="120" hits="55"/>
              </lines>
            </method>
            <method name="getIdeaContext" hits="104" signature="()V">
              <lines>
                <line number="125" hits="104"/>
              </lines>
            </method>
            <method name="createIdea" hits="55" signature="()V">
              <lines>
                <line number="142" hits="55"/>
              </lines>
            </method>
            <method name="listIdeas" hits="44" signature="()V">
              <lines>
                <line number="187" hits="44"/>
              </lines>
            </method>
            <method name="(anonymous_21)" hits="11" signature="()V">
              <lines>
                <line number="231" hits="11"/>
              </lines>
            </method>
            <method name="findIdeaById" hits="17" signature="()V">
              <lines>
                <line number="234" hits="17"/>
              </lines>
            </method>
            <method name="(anonymous_23)" hits="17" signature="()V">
              <lines>
                <line number="236" hits="17"/>
              </lines>
            </method>
            <method name="updateIdea" hits="9" signature="()V">
              <lines>
                <line number="243" hits="9"/>
              </lines>
            </method>
            <method name="markIdeaDone" hits="1" signature="()V">
              <lines>
                <line number="265" hits="1"/>
              </lines>
            </method>
            <method name="linkIdeaToSprint" hits="2" signature="()V">
              <lines>
                <line number="269" hits="2"/>
              </lines>
            </method>
            <method name="exportIdeas" hits="14" signature="()V">
              <lines>
                <line number="273" hits="14"/>
              </lines>
            </method>
            <method name="(anonymous_28)" hits="6" signature="()V">
              <lines>
                <line number="282" hits="6"/>
              </lines>
            </method>
            <method name="(anonymous_29)" hits="6" signature="()V">
              <lines>
                <line number="288" hits="6"/>
              </lines>
            </method>
            <method name="(anonymous_30)" hits="0" signature="()V">
              <lines>
                <line number="292" hits="0"/>
              </lines>
            </method>
          </methods>
          <lines>
            <line number="9" hits="11" branch="false"/>
            <line number="10" hits="11" branch="false"/>
            <line number="12" hits="11" branch="false"/>
            <line number="14" hits="113" branch="false"/>
            <line number="25" hits="3" branch="true" condition-coverage="50% (1/2)"/>
            <line number="26" hits="7" branch="true" condition-coverage="50% (1/2)"/>
            <line number="28" hits="0" branch="true" condition-coverage="0% (0/2)"/>
            <line number="32" hits="3" branch="false"/>
            <line number="33" hits="3" branch="false"/>
            <line number="40" hits="114" branch="false"/>
            <line number="41" hits="114" branch="false"/>
            <line number="43" hits="3" branch="false"/>
            <line number="48" hits="53" branch="true" condition-coverage="50% (1/2)"/>
            <line number="53" hits="53" branch="true" condition-coverage="50% (1/2)"/>
            <line number="57" hits="114" branch="true" condition-coverage="100% (2/2)"/>
            <line number="58" hits="98" branch="true" condition-coverage="100% (2/2)"/>
            <line number="59" hits="1" branch="false"/>
            <line number="61" hits="3" branch="false"/>
            <line number="66" hits="117" branch="true" condition-coverage="50% (1/2)"/>
            <line number="67" hits="59" branch="true" condition-coverage="50% (1/2)"/>
            <line number="68" hits="59" branch="true" condition-coverage="50% (1/2)"/>
            <line number="72" hits="6" branch="true" condition-coverage="50% (1/2)"/>
            <line number="73" hits="6" branch="true" condition-coverage="50% (1/2)"/>
            <line number="74" hits="6" branch="false"/>
            <line number="75" hits="6" branch="true" condition-coverage="50% (1/2)"/>
            <line number="76" hits="6" branch="false"/>
            <line number="78" hits="0" branch="false"/>
            <line number="82" hits="0" branch="false"/>
            <line number="86" hits="6" branch="true" condition-coverage="50% (1/2)"/>
            <line number="90" hits="754" branch="false"/>
            <line number="91" hits="754" branch="false"/>
            <line number="92" hits="42" branch="false"/>
            <line number="94" hits="712" branch="false"/>
            <line number="99" hits="2" branch="false"/>
            <line number="100" hits="2" branch="false"/>
            <line number="101" hits="2" branch="false"/>
            <line number="102" hits="2" branch="false"/>
            <line number="103" hits="2" branch="false"/>
            <line number="108" hits="104" branch="false"/>
            <line number="109" hits="104" branch="false"/>
            <line number="110" hits="657" branch="true" condition-coverage="100% (2/2)"/>
            <line number="111" hits="12" branch="false"/>
            <line number="113" hits="645" branch="false"/>
            <line number="114" hits="645" branch="true" condition-coverage="100% (2/2)"/>
            <line number="115" hits="553" branch="false"/>
            <line number="117" hits="92" branch="false"/>
            <line number="121" hits="55" branch="false"/>
            <line number="122" hits="55" branch="false"/>
            <line number="126" hits="104" branch="false"/>
            <line number="127" hits="104" branch="true" condition-coverage="100% (2/2)"/>
            <line number="128" hits="104" branch="true" condition-coverage="100% (2/2)"/>
            <line number="133" hits="104" branch="false"/>
            <line number="134" hits="104" branch="false"/>
            <line number="151" hits="55" branch="false"/>
            <line number="152" hits="55" branch="false"/>
            <line number="154" hits="55" branch="true" condition-coverage="100% (2/2)"/>
            <line number="155" hits="55" branch="true" condition-coverage="100% (2/2)"/>
            <line number="156" hits="1" branch="false"/>
            <line number="159" hits="54" branch="false"/>
            <line number="160" hits="54" branch="false"/>
            <line number="161" hits="54" branch="false"/>
            <line number="170" hits="55" branch="false"/>
            <line number="172" hits="55" branch="false"/>
            <line number="173" hits="55" branch="false"/>
            <line number="174" hits="55" branch="false"/>
            <line number="175" hits="55" branch="false"/>
            <line number="176" hits="55" branch="true" condition-coverage="50% (1/2)"/>
            <line number="177" hits="0" branch="false"/>
            <line number="178" hits="0" branch="false"/>
            <line number="181" hits="53" branch="false"/>
            <line number="182" hits="53" branch="false"/>
            <line number="183" hits="53" branch="false"/>
            <line number="184" hits="53" branch="false"/>
            <line number="188" hits="44" branch="false"/>
            <line number="189" hits="44" branch="false"/>
            <line number="190" hits="44" branch="true" condition-coverage="100% (2/2)"/>
            <line number="191" hits="14" branch="false"/>
            <line number="192" hits="14" branch="false"/>
            <line number="194" hits="30" branch="false"/>
            <line number="195" hits="30" branch="false"/>
            <line number="196" hits="30" branch="false"/>
            <line number="197" hits="30" branch="false"/>
            <line number="198" hits="52" branch="true" condition-coverage="50% (1/2)"/>
            <line number="199" hits="52" branch="false"/>
            <line number="200" hits="52" branch="false"/>
            <line number="201" hits="52" branch="false"/>
            <line number="204" hits="52" branch="false"/>
            <line number="205" hits="52" branch="false"/>
            <line number="206" hits="52" branch="false"/>
            <line number="212" hits="2" branch="false"/>
            <line number="213" hits="2" branch="false"/>
            <line number="214" hits="2" branch="false"/>
            <line number="216" hits="50" branch="false"/>
            <line number="222" hits="52" branch="true" condition-coverage="100% (4/4)"/>
            <line number="223" hits="45" branch="true" condition-coverage="100% (4/4)"/>
            <line number="224" hits="38" branch="true" condition-coverage="100% (4/4)"/>
            <line number="225" hits="37" branch="false"/>
            <line number="227" hits="0" branch="false"/>
            <line number="228" hits="0" branch="false"/>
            <line number="231" hits="30" branch="false"/>
            <line number="235" hits="17" branch="false"/>
            <line number="236" hits="17" branch="false"/>
            <line number="237" hits="17" branch="true" condition-coverage="100% (2/2)"/>
            <line number="238" hits="1" branch="false"/>
            <line number="240" hits="16" branch="false"/>
            <line number="244" hits="9" branch="false"/>
            <line number="245" hits="9" branch="false"/>
            <line number="254" hits="9" branch="false"/>
            <line number="255" hits="9" branch="false"/>
            <line number="260" hits="9" branch="false"/>
            <line number="261" hits="9" branch="false"/>
            <line number="262" hits="8" branch="false"/>
            <line number="266" hits="1" branch="false"/>
            <line number="270" hits="2" branch="false"/>
            <line number="274" hits="14" branch="false"/>
            <line number="275" hits="14" branch="true" condition-coverage="100% (2/2)"/>
            <line number="276" hits="11" branch="false"/>
            <line number="279" hits="3" branch="true" condition-coverage="33.33333333333333% (1/3)"/>
            <line number="280" hits="14" branch="true" condition-coverage="50% (2/4)"/>
            <line number="282" hits="14" branch="false"/>
            <line number="283" hits="6" branch="false"/>
            <line number="284" hits="6" branch="false"/>
            <line number="285" hits="6" branch="false"/>
            <line number="288" hits="14" branch="false"/>
            <line number="289" hits="14" branch="false"/>
            <line number="291" hits="14" branch="true" condition-coverage="50% (1/2)"/>
            <line number="292" hits="0" branch="false"/>
            <line number="293" hits="0" branch="false"/>
            <line number="294" hits="0" branch="false"/>
            <line number="295" hits="0" branch="true" condition-coverage="0% (0/2)"/>
            <line number="296" hits="0" branch="false"/>
            <line number="298" hits="0" branch="false"/>
            <line number="300" hits="0" branch="false"/>
            <line number="303" hits="3" branch="true" condition-coverage="50% (1/2)"/>
            <line number="304" hits="0" branch="false"/>
            <line number="307" hits="3" branch="false"/>
          </lines>
        </class>
        <class name="local-llm.js" filename="src\local-llm.js" line-rate="0.5267000000000001" branch-rate="0.3815">
          <methods>
            <method name="llmBaseDir" hits="5" signature="()V">
              <lines>
                <line number="37" hits="5"/>
              </lines>
            </method>
            <method name="modelDir" hits="3" signature="()V">
              <lines>
                <line number="41" hits="3"/>
              </lines>
            </method>
            <method name="sha256" hits="1" signature="()V">
              <lines>
                <line number="45" hits="1"/>
              </lines>
            </method>
            <method name="download" hits="0" signature="()V">
              <lines>
                <line number="56" hits="0"/>
              </lines>
            </method>
            <method name="(anonymous_4)" hits="0" signature="()V">
              <lines>
                <line number="57" hits="0"/>
              </lines>
            </method>
            <method name="(anonymous_5)" hits="0" signature="()V">
              <lines>
                <line number="58" hits="0"/>
              </lines>
            </method>
            <method name="(anonymous_6)" hits="0" signature="()V">
              <lines>
                <line number="70" hits="0"/>
              </lines>
            </method>
            <method name="getLlmStatus" hits="1" signature="()V">
              <lines>
                <line number="77" hits="1"/>
              </lines>
            </method>
            <method name="(anonymous_8)" hits="2" signature="()V">
              <lines>
                <line number="82" hits="2"/>
              </lines>
            </method>
            <method name="(anonymous_9)" hits="0" signature="()V">
              <lines>
                <line number="90" hits="0"/>
              </lines>
            </method>
            <method name="getLocalLlmStatus" hits="3" signature="()V">
              <lines>
                <line number="108" hits="3"/>
              </lines>
            </method>
            <method name="(anonymous_11)" hits="2" signature="()V">
              <lines>
                <line number="114" hits="2"/>
              </lines>
            </method>
            <method name="setupModel" hits="2" signature="()V">
              <lines>
                <line number="132" hits="2"/>
              </lines>
            </method>
            <method name="askLocalLlm" hits="1" signature="()V">
              <lines>
                <line number="173" hits="1"/>
              </lines>
            </method>
            <method name="ingestDocuments" hits="1" signature="()V">
              <lines>
                <line number="178" hits="1"/>
              </lines>
            </method>
            <method name="addMistake" hits="0" signature="()V">
              <lines>
                <line number="199" hits="0"/>
              </lines>
            </method>
            <method name="importSprints" hits="0" signature="()V">
              <lines>
                <line number="204" hits="0"/>
              </lines>
            </method>
            <method name="generatePrompt" hits="0" signature="()V">
              <lines>
                <line number="245" hits="0"/>
              </lines>
            </method>
            <method name="modulePath" hits="0" signature="()V">
              <lines>
                <line number="250" hits="0"/>
              </lines>
            </method>
          </methods>
          <lines>
            <line number="1" hits="4" branch="false"/>
            <line number="17" hits="4" branch="false"/>
            <line number="19" hits="4" branch="false"/>
            <line number="32" hits="4" branch="false"/>
            <line number="38" hits="5" branch="true" condition-coverage="100% (2/2)"/>
            <line number="42" hits="3" branch="false"/>
            <line number="46" hits="1" branch="false"/>
            <line number="47" hits="1" branch="false"/>
            <line number="48" hits="1" branch="false"/>
            <line number="49" hits="1" branch="false"/>
            <line number="51" hits="1" branch="false"/>
            <line number="53" hits="1" branch="false"/>
            <line number="57" hits="0" branch="false"/>
            <line number="58" hits="0" branch="false"/>
            <line number="59" hits="0" branch="true" condition-coverage="0% (0/4)"/>
            <line number="60" hits="0" branch="false"/>
            <line number="61" hits="0" branch="false"/>
            <line number="62" hits="0" branch="false"/>
            <line number="64" hits="0" branch="true" condition-coverage="0% (0/2)"/>
            <line number="65" hits="0" branch="false"/>
            <line number="66" hits="0" branch="false"/>
            <line number="68" hits="0" branch="false"/>
            <line number="69" hits="0" branch="false"/>
            <line number="70" hits="0" branch="false"/>
            <line number="71" hits="0" branch="false"/>
            <line number="73" hits="0" branch="false"/>
            <line number="78" hits="1" branch="false"/>
            <line number="79" hits="1" branch="false"/>
            <line number="80" hits="1" branch="false"/>
            <line number="81" hits="1" branch="false"/>
            <line number="82" hits="2" branch="false"/>
            <line number="84" hits="0" branch="false"/>
            <line number="87" hits="1" branch="false"/>
            <line number="88" hits="1" branch="false"/>
            <line number="89" hits="1" branch="true" condition-coverage="50% (1/2)"/>
            <line number="90" hits="1" branch="false"/>
            <line number="93" hits="1" branch="false"/>
            <line number="94" hits="1" branch="false"/>
            <line number="109" hits="3" branch="false"/>
            <line number="110" hits="3" branch="false"/>
            <line number="112" hits="3" branch="false"/>
            <line number="113" hits="3" branch="false"/>
            <line number="114" hits="2" branch="false"/>
            <line number="116" hits="1" branch="false"/>
            <line number="119" hits="3" branch="true" condition-coverage="100% (2/2)"/>
            <line number="120" hits="1" branch="false"/>
            <line number="123" hits="2" branch="false"/>
            <line number="124" hits="2" branch="false"/>
            <line number="126" hits="1" branch="false"/>
            <line number="129" hits="1" branch="false"/>
            <line number="133" hits="2" branch="false"/>
            <line number="134" hits="2" branch="true" condition-coverage="50% (1/2)"/>
            <line number="135" hits="0" branch="true" condition-coverage="0% (0/2)"/>
            <line number="138" hits="0" branch="true" condition-coverage="0% (0/2)"/>
            <line number="139" hits="0" branch="false"/>
            <line number="141" hits="0" branch="false"/>
            <line number="142" hits="0" branch="false"/>
            <line number="145" hits="2" branch="false"/>
            <line number="146" hits="2" branch="false"/>
            <line number="147" hits="2" branch="true" condition-coverage="100% (4/4)"/>
            <line number="148" hits="1" branch="false"/>
            <line number="151" hits="1" branch="true" condition-coverage="75% (3/4)"/>
            <line number="154" hits="2" branch="false"/>
            <line number="156" hits="2" branch="true" condition-coverage="50% (1/2)"/>
            <line number="157" hits="1" branch="false"/>
            <line number="159" hits="0" branch="false"/>
            <line number="162" hits="1" branch="false"/>
            <line number="163" hits="1" branch="true" condition-coverage="50% (2/4)"/>
            <line number="164" hits="0" branch="false"/>
            <line number="165" hits="0" branch="false"/>
            <line number="168" hits="1" branch="false"/>
            <line number="169" hits="1" branch="false"/>
            <line number="170" hits="1" branch="false"/>
            <line number="174" hits="1" branch="false"/>
            <line number="175" hits="1" branch="false"/>
            <line number="179" hits="1" branch="true" condition-coverage="50% (1/2)"/>
            <line number="180" hits="1" branch="true" condition-coverage="50% (1/2)"/>
            <line number="181" hits="1" branch="false"/>
            <line number="182" hits="1" branch="false"/>
            <line number="183" hits="1" branch="true" condition-coverage="50% (1/2)"/>
            <line number="186" hits="0" branch="true" condition-coverage="25% (1/4)"/>
            <line number="187" hits="1" branch="false"/>
            <line number="188" hits="1" branch="false"/>
            <line number="190" hits="0" branch="false"/>
            <line number="195" hits="0" branch="false"/>
            <line number="200" hits="0" branch="false"/>
            <line number="201" hits="0" branch="false"/>
            <line number="205" hits="0" branch="true" condition-coverage="0% (0/2)"/>
            <line number="206" hits="0" branch="true" condition-coverage="0% (0/2)"/>
            <line number="207" hits="0" branch="false"/>
            <line number="208" hits="0" branch="false"/>
            <line number="209" hits="0" branch="false"/>
            <line number="210" hits="0" branch="false"/>
            <line number="211" hits="0" branch="false"/>
            <line number="212" hits="0" branch="false"/>
            <line number="213" hits="0" branch="false"/>
            <line number="214" hits="0" branch="false"/>
            <line number="215" hits="0" branch="false"/>
            <line number="216" hits="0" branch="false"/>
            <line number="217" hits="0" branch="true" condition-coverage="0% (0/2)"/>
            <line number="218" hits="0" branch="false"/>
            <line number="225" hits="0" branch="false"/>
            <line number="228" hits="0" branch="false"/>
            <line number="229" hits="0" branch="false"/>
            <line number="230" hits="0" branch="false"/>
            <line number="232" hits="0" branch="false"/>
            <line number="237" hits="0" branch="false"/>
            <line number="239" hits="0" branch="true" condition-coverage="0% (0/2)"/>
            <line number="240" hits="0" branch="false"/>
            <line number="246" hits="0" branch="false"/>
            <line number="247" hits="0" branch="false"/>
            <line number="251" hits="0" branch="false"/>
          </lines>
        </class>
        <class name="secret-store.js" filename="src\secret-store.js" line-rate="0.8382" branch-rate="0.7222">
          <methods>
            <method name="(anonymous_0)" hits="1" signature="()V">
              <lines>
                <line number="11" hits="1"/>
              </lines>
            </method>
            <method name="(anonymous_1)" hits="3" signature="()V">
              <lines>
                <line number="15" hits="3"/>
              </lines>
            </method>
            <method name="(anonymous_2)" hits="3" signature="()V">
              <lines>
                <line number="19" hits="3"/>
              </lines>
            </method>
            <method name="(anonymous_3)" hits="2" signature="()V">
              <lines>
                <line number="29" hits="2"/>
              </lines>
            </method>
            <method name="(anonymous_4)" hits="1" signature="()V">
              <lines>
                <line number="48" hits="1"/>
              </lines>
            </method>
            <method name="(anonymous_5)" hits="1" signature="()V">
              <lines>
                <line number="54" hits="1"/>
              </lines>
            </method>
            <method name="(anonymous_6)" hits="1" signature="()V">
              <lines>
                <line number="59" hits="1"/>
              </lines>
            </method>
            <method name="(anonymous_7)" hits="5" signature="()V">
              <lines>
                <line number="70" hits="5"/>
              </lines>
            </method>
            <method name="(anonymous_8)" hits="16" signature="()V">
              <lines>
                <line number="76" hits="16"/>
              </lines>
            </method>
            <method name="(anonymous_9)" hits="1" signature="()V">
              <lines>
                <line number="88" hits="1"/>
              </lines>
            </method>
            <method name="(anonymous_10)" hits="5" signature="()V">
              <lines>
                <line number="94" hits="5"/>
              </lines>
            </method>
            <method name="(anonymous_11)" hits="8" signature="()V">
              <lines>
                <line number="103" hits="8"/>
              </lines>
            </method>
            <method name="(anonymous_12)" hits="3" signature="()V">
              <lines>
                <line number="112" hits="3"/>
              </lines>
            </method>
            <method name="(anonymous_13)" hits="1" signature="()V">
              <lines>
                <line number="121" hits="1"/>
              </lines>
            </method>
            <method name="defaultProgressPath" hits="1" signature="()V">
              <lines>
                <line number="136" hits="1"/>
              </lines>
            </method>
            <method name="getSupervisorCredentials" hits="0" signature="()V">
              <lines>
                <line number="141" hits="0"/>
              </lines>
            </method>
            <method name="setSupervisorCredentials" hits="0" signature="()V">
              <lines>
                <line number="146" hits="0"/>
              </lines>
            </method>
          </methods>
          <lines>
            <line number="8" hits="5" branch="false"/>
            <line number="12" hits="1" branch="false"/>
            <line number="16" hits="3" branch="false"/>
            <line number="20" hits="3" branch="false"/>
            <line number="21" hits="3" branch="false"/>
            <line number="22" hits="2" branch="true" condition-coverage="50% (1/2)"/>
            <line number="23" hits="2" branch="false"/>
            <line number="25" hits="1" branch="false"/>
            <line number="30" hits="2" branch="false"/>
            <line number="31" hits="2" branch="false"/>
            <line number="32" hits="2" branch="false"/>
            <line number="35" hits="2" branch="false"/>
            <line number="36" hits="2" branch="false"/>
            <line number="38" hits="0" branch="false"/>
            <line number="39" hits="0" branch="false"/>
            <line number="41" hits="0" branch="false"/>
            <line number="43" hits="2" branch="false"/>
            <line number="44" hits="2" branch="false"/>
            <line number="49" hits="1" branch="false"/>
            <line number="50" hits="1" branch="false"/>
            <line number="51" hits="1" branch="false"/>
            <line number="55" hits="1" branch="false"/>
            <line number="56" hits="1" branch="true" condition-coverage="50% (1/2)"/>
            <line number="60" hits="1" branch="false"/>
            <line number="61" hits="1" branch="false"/>
            <line number="62" hits="1" branch="false"/>
            <line number="63" hits="1" branch="false"/>
            <line number="64" hits="1" branch="false"/>
            <line number="65" hits="1" branch="false"/>
            <line number="71" hits="5" branch="true" condition-coverage="100% (2/2)"/>
            <line number="72" hits="5" branch="true" condition-coverage="100% (2/2)"/>
            <line number="73" hits="5" branch="false"/>
            <line number="77" hits="16" branch="true" condition-coverage="100% (2/2)"/>
            <line number="78" hits="4" branch="false"/>
            <line number="79" hits="4" branch="false"/>
            <line number="80" hits="4" branch="false"/>
            <line number="82" hits="0" branch="false"/>
            <line number="83" hits="0" branch="false"/>
            <line number="85" hits="4" branch="false"/>
            <line number="89" hits="1" branch="false"/>
            <line number="90" hits="1" branch="false"/>
            <line number="91" hits="1" branch="false"/>
            <line number="95" hits="5" branch="false"/>
            <line number="96" hits="5" branch="false"/>
            <line number="97" hits="5" branch="false"/>
            <line number="99" hits="1" branch="false"/>
            <line number="104" hits="8" branch="false"/>
            <line number="105" hits="8" branch="false"/>
            <line number="106" hits="8" branch="false"/>
            <line number="108" hits="0" branch="false"/>
            <line number="113" hits="3" branch="false"/>
            <line number="114" hits="3" branch="false"/>
            <line number="115" hits="3" branch="false"/>
            <line number="117" hits="0" branch="false"/>
            <line number="122" hits="1" branch="false"/>
            <line number="123" hits="1" branch="false"/>
            <line number="124" hits="1" branch="false"/>
            <line number="125" hits="1" branch="false"/>
            <line number="126" hits="1" branch="true" condition-coverage="75% (3/4)"/>
            <line number="127" hits="1" branch="false"/>
            <line number="128" hits="1" branch="false"/>
            <line number="129" hits="1" branch="false"/>
            <line number="132" hits="1" branch="false"/>
            <line number="137" hits="1" branch="false"/>
            <line number="142" hits="0" branch="false"/>
            <line number="143" hits="0" branch="false"/>
            <line number="147" hits="0" branch="false"/>
            <line number="148" hits="0" branch="false"/>
          </lines>
        </class>
      </classes>
    </package>
  </packages>
</coverage>
