{"total": {"lines":{"total":910,"covered":673,"skipped":0,"pct":73.95},"statements":{"total":975,"covered":709,"skipped":0,"pct":72.71},"functions":{"total":173,"covered":132,"skipped":0,"pct":76.3},"branches":{"total":575,"covered":319,"skipped":0,"pct":55.47},"branchesTrue":{"total":0,"covered":0,"skipped":0,"pct":"Unknown"}}
,"C:\\SW Development\\VS Code Agent\\Solution\\src\\agent-handoff.js": {"lines":{"total":205,"covered":154,"skipped":0,"pct":75.12},"functions":{"total":44,"covered":32,"skipped":0,"pct":72.72},"statements":{"total":218,"covered":160,"skipped":0,"pct":73.39},"branches":{"total":166,"covered":76,"skipped":0,"pct":45.78}}
,"C:\\SW Development\\VS Code Agent\\Solution\\src\\browser-bridge.js": {"lines":{"total":389,"covered":282,"skipped":0,"pct":72.49},"functions":{"total":62,"covered":46,"skipped":0,"pct":74.19},"statements":{"total":419,"covered":296,"skipped":0,"pct":70.64},"branches":{"total":199,"covered":110,"skipped":0,"pct":55.27}}
,"C:\\SW Development\\VS Code Agent\\Solution\\src\\idea-store.js": {"lines":{"total":136,"covered":121,"skipped":0,"pct":88.97},"functions":{"total":31,"covered":29,"skipped":0,"pct":93.54},"statements":{"total":151,"covered":133,"skipped":0,"pct":88.07},"branches":{"total":116,"covered":91,"skipped":0,"pct":78.44}}
,"C:\\SW Development\\VS Code Agent\\Solution\\src\\local-llm.js": {"lines":{"total":112,"covered":59,"skipped":0,"pct":52.67},"functions":{"total":19,"covered":10,"skipped":0,"pct":52.63},"statements":{"total":117,"covered":62,"skipped":0,"pct":52.99},"branches":{"total":76,"covered":29,"skipped":0,"pct":38.15}}
,"C:\\SW Development\\VS Code Agent\\Solution\\src\\secret-store.js": {"lines":{"total":68,"covered":57,"skipped":0,"pct":83.82},"functions":{"total":17,"covered":15,"skipped":0,"pct":88.23},"statements":{"total":70,"covered":58,"skipped":0,"pct":82.85},"branches":{"total":18,"covered":13,"skipped":0,"pct":72.22}}
}
