{"C:\\SW Development\\VS Code Agent\\Solution\\src\\agent-handoff.js": {"path":"C:\\SW Development\\VS Code Agent\\Solution\\src\\agent-handoff.js","statementMap":{"0":{"start":{"line":10,"column":11},"end":{"line":10,"column":35}},"1":{"start":{"line":12,"column":26},"end":{"line":12,"column":88}},"2":{"start":{"line":13,"column":27},"end":{"line":13,"column":80}},"3":{"start":{"line":14,"column":27},"end":{"line":14,"column":78}},"4":{"start":{"line":16,"column":28},"end":{"line":20,"column":2}},"5":{"start":{"line":22,"column":26},"end":{"line":26,"column":2}},"6":{"start":{"line":28,"column":22},"end":{"line":31,"column":2}},"7":{"start":{"line":33,"column":26},"end":{"line":36,"column":2}},"8":{"start":{"line":38,"column":21},"end":{"line":38,"column":40}},"9":{"start":{"line":41,"column":2},"end":{"line":45,"column":null}},"10":{"start":{"line":42,"column":4},"end":{"line":44,"column":null}},"11":{"start":{"line":43,"column":22},"end":{"line":43,"column":75}},"12":{"start":{"line":46,"column":2},"end":{"line":46,"column":null}},"13":{"start":{"line":50,"column":17},"end":{"line":50,"column":45}},"14":{"start":{"line":51,"column":2},"end":{"line":54,"column":null}},"15":{"start":{"line":58,"column":2},"end":{"line":65,"column":null}},"16":{"start":{"line":59,"column":4},"end":{"line":59,"column":null}},"17":{"start":{"line":61,"column":4},"end":{"line":63,"column":null}},"18":{"start":{"line":62,"column":6},"end":{"line":62,"column":null}},"19":{"start":{"line":64,"column":4},"end":{"line":64,"column":null}},"20":{"start":{"line":69,"column":2},"end":{"line":69,"column":74}},"21":{"start":{"line":73,"column":14},"end":{"line":73,"column":55}},"22":{"start":{"line":74,"column":2},"end":{"line":74,"column":35}},"23":{"start":{"line":78,"column":14},"end":{"line":78,"column":33}},"24":{"start":{"line":79,"column":2},"end":{"line":79,"column":null}},"25":{"start":{"line":80,"column":2},"end":{"line":80,"column":null}},"26":{"start":{"line":84,"column":2},"end":{"line":89,"column":null}},"27":{"start":{"line":85,"column":23},"end":{"line":85,"column":67}},"28":{"start":{"line":86,"column":4},"end":{"line":86,"column":null}},"29":{"start":{"line":87,"column":23},"end":{"line":87,"column":98}},"30":{"start":{"line":88,"column":4},"end":{"line":88,"column":null}},"31":{"start":{"line":93,"column":14},"end":{"line":93,"column":50}},"32":{"start":{"line":94,"column":18},"end":{"line":94,"column":39}},"33":{"start":{"line":95,"column":16},"end":{"line":95,"column":74}},"34":{"start":{"line":95,"column":39},"end":{"line":95,"column":73}},"35":{"start":{"line":96,"column":2},"end":{"line":102,"column":null}},"36":{"start":{"line":97,"column":4},"end":{"line":101,"column":null}},"37":{"start":{"line":103,"column":2},"end":{"line":103,"column":null}},"38":{"start":{"line":107,"column":20},"end":{"line":109,"column":14}},"39":{"start":{"line":108,"column":42},"end":{"line":108,"column":65}},"40":{"start":{"line":110,"column":18},"end":{"line":116,"column":14}},"41":{"start":{"line":113,"column":24},"end":{"line":113,"column":47}},"42":{"start":{"line":114,"column":23},"end":{"line":114,"column":74}},"43":{"start":{"line":117,"column":19},"end":{"line":119,"column":14}},"44":{"start":{"line":118,"column":39},"end":{"line":118,"column":105}},"45":{"start":{"line":120,"column":23},"end":{"line":120,"column":72}},"46":{"start":{"line":121,"column":20},"end":{"line":123,"column":14}},"47":{"start":{"line":122,"column":33},"end":{"line":122,"column":44}},"48":{"start":{"line":124,"column":23},"end":{"line":126,"column":14}},"49":{"start":{"line":125,"column":42},"end":{"line":125,"column":79}},"50":{"start":{"line":128,"column":17},"end":{"line":142,"column":14}},"51":{"start":{"line":144,"column":2},"end":{"line":144,"column":30}},"52":{"start":{"line":148,"column":16},"end":{"line":148,"column":57}},"53":{"start":{"line":149,"column":2},"end":{"line":151,"column":3}},"54":{"start":{"line":150,"column":4},"end":{"line":150,"column":17}},"55":{"start":{"line":152,"column":2},"end":{"line":152,"column":54}},"56":{"start":{"line":156,"column":16},"end":{"line":156,"column":61}},"57":{"start":{"line":157,"column":2},"end":{"line":159,"column":3}},"58":{"start":{"line":158,"column":4},"end":{"line":158,"column":17}},"59":{"start":{"line":160,"column":2},"end":{"line":160,"column":45}},"60":{"start":{"line":164,"column":21},"end":{"line":164,"column":87}},"61":{"start":{"line":165,"column":14},"end":{"line":165,"column":50}},"62":{"start":{"line":166,"column":19},"end":{"line":166,"column":87}},"63":{"start":{"line":167,"column":2},"end":{"line":167,"column":null}},"64":{"start":{"line":168,"column":2},"end":{"line":168,"column":null}},"65":{"start":{"line":172,"column":19},"end":{"line":172,"column":62}},"66":{"start":{"line":173,"column":14},"end":{"line":182,"column":4}},"67":{"start":{"line":174,"column":4},"end":{"line":180,"column":null}},"68":{"start":{"line":175,"column":6},"end":{"line":179,"column":null}},"69":{"start":{"line":181,"column":4},"end":{"line":181,"column":null}},"70":{"start":{"line":185,"column":2},"end":{"line":194,"column":null}},"71":{"start":{"line":186,"column":4},"end":{"line":186,"column":null}},"72":{"start":{"line":188,"column":4},"end":{"line":188,"column":null}},"73":{"start":{"line":189,"column":4},"end":{"line":193,"column":null}},"74":{"start":{"line":195,"column":17},"end":{"line":195,"column":103}},"75":{"start":{"line":196,"column":2},"end":{"line":196,"column":null}},"76":{"start":{"line":200,"column":14},"end":{"line":200,"column":50}},"77":{"start":{"line":201,"column":18},"end":{"line":201,"column":39}},"78":{"start":{"line":202,"column":18},"end":{"line":202,"column":20}},"79":{"start":{"line":203,"column":2},"end":{"line":223,"column":null}},"80":{"start":{"line":204,"column":4},"end":{"line":204,"column":null}},"81":{"start":{"line":204,"column":33},"end":{"line":204,"column":null}},"82":{"start":{"line":205,"column":21},"end":{"line":205,"column":41}},"83":{"start":{"line":206,"column":4},"end":{"line":222,"column":null}},"84":{"start":{"line":207,"column":18},"end":{"line":207,"column":53}},"85":{"start":{"line":208,"column":21},"end":{"line":208,"column":36}},"86":{"start":{"line":209,"column":21},"end":{"line":209,"column":98}},"87":{"start":{"line":210,"column":6},"end":{"line":210,"column":null}},"88":{"start":{"line":212,"column":26},"end":{"line":214,"column":81}},"89":{"start":{"line":215,"column":6},"end":{"line":220,"column":null}},"90":{"start":{"line":221,"column":6},"end":{"line":221,"column":null}},"91":{"start":{"line":224,"column":2},"end":{"line":224,"column":89}},"92":{"start":{"line":224,"column":32},"end":{"line":224,"column":87}},"93":{"start":{"line":228,"column":19},"end":{"line":228,"column":38}},"94":{"start":{"line":229,"column":2},"end":{"line":229,"column":null}},"95":{"start":{"line":230,"column":2},"end":{"line":268,"column":null}},"96":{"start":{"line":231,"column":4},"end":{"line":233,"column":null}},"97":{"start":{"line":232,"column":6},"end":{"line":232,"column":null}},"98":{"start":{"line":235,"column":19},"end":{"line":252,"column":5}},"99":{"start":{"line":254,"column":4},"end":{"line":256,"column":null}},"100":{"start":{"line":255,"column":6},"end":{"line":255,"column":null}},"101":{"start":{"line":258,"column":18},"end":{"line":258,"column":51}},"102":{"start":{"line":259,"column":4},"end":{"line":259,"column":null}},"103":{"start":{"line":260,"column":4},"end":{"line":260,"column":null}},"104":{"start":{"line":262,"column":4},"end":{"line":266,"column":null}},"105":{"start":{"line":267,"column":4},"end":{"line":267,"column":null}},"106":{"start":{"line":272,"column":17},"end":{"line":272,"column":56}},"107":{"start":{"line":273,"column":15},"end":{"line":273,"column":28}},"108":{"start":{"line":274,"column":2},"end":{"line":274,"column":67}},"109":{"start":{"line":274,"column":38},"end":{"line":274,"column":67}},"110":{"start":{"line":275,"column":2},"end":{"line":275,"column":70}},"111":{"start":{"line":275,"column":39},"end":{"line":275,"column":70}},"112":{"start":{"line":277,"column":19},"end":{"line":277,"column":21}},"113":{"start":{"line":278,"column":16},"end":{"line":278,"column":77}},"114":{"start":{"line":279,"column":2},"end":{"line":284,"column":3}},"115":{"start":{"line":280,"column":4},"end":{"line":280,"column":30}},"116":{"start":{"line":281,"column":4},"end":{"line":281,"column":79}},"117":{"start":{"line":282,"column":9},"end":{"line":284,"column":3}},"118":{"start":{"line":283,"column":4},"end":{"line":283,"column":72}},"119":{"start":{"line":286,"column":2},"end":{"line":288,"column":3}},"120":{"start":{"line":287,"column":4},"end":{"line":287,"column":48}},"121":{"start":{"line":290,"column":16},"end":{"line":290,"column":47}},"122":{"start":{"line":291,"column":2},"end":{"line":291,"column":37}},"123":{"start":{"line":295,"column":17},"end":{"line":295,"column":56}},"124":{"start":{"line":296,"column":15},"end":{"line":296,"column":38}},"125":{"start":{"line":298,"column":2},"end":{"line":300,"column":3}},"126":{"start":{"line":299,"column":4},"end":{"line":299,"column":48}},"127":{"start":{"line":301,"column":2},"end":{"line":303,"column":3}},"128":{"start":{"line":302,"column":4},"end":{"line":302,"column":45}},"129":{"start":{"line":304,"column":2},"end":{"line":306,"column":3}},"130":{"start":{"line":305,"column":4},"end":{"line":305,"column":39}},"131":{"start":{"line":307,"column":2},"end":{"line":309,"column":3}},"132":{"start":{"line":308,"column":4},"end":{"line":308,"column":41}},"133":{"start":{"line":311,"column":2},"end":{"line":313,"column":3}},"134":{"start":{"line":312,"column":4},"end":{"line":312,"column":48}},"135":{"start":{"line":315,"column":2},"end":{"line":315,"column":35}},"136":{"start":{"line":319,"column":2},"end":{"line":319,"column":null}},"137":{"start":{"line":320,"column":2},"end":{"line":342,"column":null}},"138":{"start":{"line":321,"column":19},"end":{"line":321,"column":58}},"139":{"start":{"line":322,"column":17},"end":{"line":326,"column":5}},"140":{"start":{"line":327,"column":4},"end":{"line":327,"column":null}},"141":{"start":{"line":328,"column":18},"end":{"line":328,"column":51}},"142":{"start":{"line":329,"column":4},"end":{"line":333,"column":null}},"143":{"start":{"line":334,"column":4},"end":{"line":334,"column":null}},"144":{"start":{"line":336,"column":4},"end":{"line":340,"column":null}},"145":{"start":{"line":341,"column":4},"end":{"line":341,"column":null}},"146":{"start":{"line":346,"column":2},"end":{"line":346,"column":null}},"147":{"start":{"line":347,"column":2},"end":{"line":370,"column":null}},"148":{"start":{"line":348,"column":19},"end":{"line":348,"column":58}},"149":{"start":{"line":349,"column":16},"end":{"line":349,"column":75}},"150":{"start":{"line":349,"column":56},"end":{"line":349,"column":74}},"151":{"start":{"line":350,"column":4},"end":{"line":352,"column":null}},"152":{"start":{"line":351,"column":6},"end":{"line":351,"column":null}},"153":{"start":{"line":353,"column":19},"end":{"line":353,"column":53}},"154":{"start":{"line":354,"column":4},"end":{"line":354,"column":null}},"155":{"start":{"line":355,"column":18},"end":{"line":355,"column":51}},"156":{"start":{"line":356,"column":4},"end":{"line":360,"column":null}},"157":{"start":{"line":361,"column":4},"end":{"line":361,"column":null}},"158":{"start":{"line":363,"column":4},"end":{"line":368,"column":null}},"159":{"start":{"line":369,"column":4},"end":{"line":369,"column":null}},"160":{"start":{"line":374,"column":2},"end":{"line":374,"column":null}},"161":{"start":{"line":375,"column":2},"end":{"line":394,"column":null}},"162":{"start":{"line":376,"column":19},"end":{"line":376,"column":58}},"163":{"start":{"line":377,"column":4},"end":{"line":380,"column":null}},"164":{"start":{"line":381,"column":18},"end":{"line":381,"column":51}},"165":{"start":{"line":382,"column":4},"end":{"line":385,"column":null}},"166":{"start":{"line":386,"column":4},"end":{"line":386,"column":null}},"167":{"start":{"line":388,"column":4},"end":{"line":392,"column":null}},"168":{"start":{"line":393,"column":4},"end":{"line":393,"column":null}},"169":{"start":{"line":398,"column":2},"end":{"line":398,"column":null}},"170":{"start":{"line":399,"column":2},"end":{"line":418,"column":null}},"171":{"start":{"line":400,"column":19},"end":{"line":400,"column":58}},"172":{"start":{"line":401,"column":4},"end":{"line":401,"column":null}},"173":{"start":{"line":402,"column":4},"end":{"line":406,"column":null}},"174":{"start":{"line":403,"column":6},"end":{"line":403,"column":null}},"175":{"start":{"line":405,"column":6},"end":{"line":405,"column":null}},"176":{"start":{"line":407,"column":18},"end":{"line":407,"column":51}},"177":{"start":{"line":408,"column":4},"end":{"line":408,"column":null}},"178":{"start":{"line":409,"column":4},"end":{"line":409,"column":null}},"179":{"start":{"line":411,"column":4},"end":{"line":416,"column":null}},"180":{"start":{"line":417,"column":4},"end":{"line":417,"column":null}},"181":{"start":{"line":422,"column":14},"end":{"line":422,"column":44}},"182":{"start":{"line":423,"column":2},"end":{"line":423,"column":56}},"183":{"start":{"line":423,"column":25},"end":{"line":423,"column":46}},"184":{"start":{"line":427,"column":14},"end":{"line":427,"column":50}},"185":{"start":{"line":428,"column":18},"end":{"line":428,"column":39}},"186":{"start":{"line":429,"column":20},"end":{"line":443,"column":6}},"187":{"start":{"line":430,"column":22},"end":{"line":430,"column":44}},"188":{"start":{"line":432,"column":23},"end":{"line":432,"column":40}},"189":{"start":{"line":433,"column":6},"end":{"line":437,"column":8}},"190":{"start":{"line":440,"column":26},"end":{"line":440,"column":54}},"191":{"start":{"line":441,"column":6},"end":{"line":441,"column":48}},"192":{"start":{"line":441,"column":29},"end":{"line":441,"column":48}},"193":{"start":{"line":442,"column":6},"end":{"line":442,"column":42}},"194":{"start":{"line":445,"column":2},"end":{"line":445,"column":42}},"195":{"start":{"line":445,"column":30},"end":{"line":445,"column":42}},"196":{"start":{"line":447,"column":2},"end":{"line":452,"column":3}},"197":{"start":{"line":448,"column":16},"end":{"line":448,"column":68}},"198":{"start":{"line":449,"column":4},"end":{"line":449,"column":27}},"199":{"start":{"line":451,"column":4},"end":{"line":451,"column":16}},"200":{"start":{"line":456,"column":2},"end":{"line":456,"column":29}},"201":{"start":{"line":456,"column":17},"end":{"line":456,"column":29}},"202":{"start":{"line":457,"column":19},"end":{"line":464,"column":8}},"203":{"start":{"line":459,"column":8},"end":{"line":459,"column":56}},"204":{"start":{"line":459,"column":41},"end":{"line":459,"column":56}},"205":{"start":{"line":460,"column":8},"end":{"line":462,"column":67}},"206":{"start":{"line":466,"column":20},"end":{"line":471,"column":8}},"207":{"start":{"line":468,"column":8},"end":{"line":468,"column":50}},"208":{"start":{"line":468,"column":38},"end":{"line":468,"column":50}},"209":{"start":{"line":469,"column":8},"end":{"line":469,"column":104}},"210":{"start":{"line":473,"column":2},"end":{"line":480,"column":4}},"211":{"start":{"line":484,"column":2},"end":{"line":484,"column":29}},"212":{"start":{"line":484,"column":17},"end":{"line":484,"column":29}},"213":{"start":{"line":485,"column":25},"end":{"line":487,"column":8}},"214":{"start":{"line":486,"column":45},"end":{"line":486,"column":101}},"215":{"start":{"line":488,"column":23},"end":{"line":494,"column":8}},"216":{"start":{"line":490,"column":8},"end":{"line":492,"column":100}},"217":{"start":{"line":496,"column":2},"end":{"line":503,"column":4}}},"fnMap":{"0":{"name":"formatValidationError","decl":{"start":{"line":40,"column":9},"end":{"line":40,"column":30}},"loc":{"start":{"line":40,"column":38},"end":{"line":47,"column":null}},"line":40},"1":{"name":"(anonymous_1)","decl":{"start":{"line":43,"column":11},"end":{"line":43,"column":12}},"loc":{"start":{"line":43,"column":22},"end":{"line":43,"column":75}},"line":43},"2":{"name":"createSprintInvalidError","decl":{"start":{"line":49,"column":9},"end":{"line":49,"column":33}},"loc":{"start":{"line":49,"column":55},"end":{"line":55,"column":null}},"line":49},"3":{"name":"parseSprintOrThrowDomainError","decl":{"start":{"line":57,"column":9},"end":{"line":57,"column":38}},"loc":{"start":{"line":57,"column":58},"end":{"line":66,"column":null}},"line":57},"4":{"name":"sprintRoot","decl":{"start":{"line":68,"column":9},"end":{"line":68,"column":19}},"loc":{"start":{"line":68,"column":29},"end":{"line":70,"column":1}},"line":68},"5":{"name":"sprintFileName","decl":{"start":{"line":72,"column":9},"end":{"line":72,"column":23}},"loc":{"start":{"line":72,"column":40},"end":{"line":75,"column":1}},"line":72},"6":{"name":"ensureSprintDirectory","decl":{"start":{"line":77,"column":15},"end":{"line":77,"column":36}},"loc":{"start":{"line":77,"column":46},"end":{"line":81,"column":null}},"line":77},"7":{"name":"quarantineSprintFile","decl":{"start":{"line":83,"column":15},"end":{"line":83,"column":35}},"loc":{"start":{"line":83,"column":54},"end":{"line":90,"column":null}},"line":83},"8":{"name":"findSprintFilePath","decl":{"start":{"line":92,"column":15},"end":{"line":92,"column":33}},"loc":{"start":{"line":92,"column":53},"end":{"line":104,"column":null}},"line":92},"9":{"name":"(anonymous_9)","decl":{"start":{"line":95,"column":29},"end":{"line":95,"column":30}},"loc":{"start":{"line":95,"column":39},"end":{"line":95,"column":73}},"line":95},"10":{"name":"buildResumePrompt","decl":{"start":{"line":106,"column":9},"end":{"line":106,"column":26}},"loc":{"start":{"line":106,"column":35},"end":{"line":145,"column":1}},"line":106},"11":{"name":"(anonymous_11)","decl":{"start":{"line":108,"column":32},"end":{"line":108,"column":33}},"loc":{"start":{"line":108,"column":42},"end":{"line":108,"column":65}},"line":108},"12":{"name":"(anonymous_12)","decl":{"start":{"line":113,"column":14},"end":{"line":113,"column":15}},"loc":{"start":{"line":113,"column":24},"end":{"line":113,"column":47}},"line":113},"13":{"name":"(anonymous_13)","decl":{"start":{"line":114,"column":13},"end":{"line":114,"column":14}},"loc":{"start":{"line":114,"column":23},"end":{"line":114,"column":74}},"line":114},"14":{"name":"(anonymous_14)","decl":{"start":{"line":118,"column":26},"end":{"line":118,"column":27}},"loc":{"start":{"line":118,"column":39},"end":{"line":118,"column":105}},"line":118},"15":{"name":"(anonymous_15)","decl":{"start":{"line":122,"column":23},"end":{"line":122,"column":24}},"loc":{"start":{"line":122,"column":33},"end":{"line":122,"column":44}},"line":122},"16":{"name":"(anonymous_16)","decl":{"start":{"line":125,"column":29},"end":{"line":125,"column":30}},"loc":{"start":{"line":125,"column":42},"end":{"line":125,"column":79}},"line":125},"17":{"name":"normalizeStatus","decl":{"start":{"line":147,"column":9},"end":{"line":147,"column":24}},"loc":{"start":{"line":147,"column":33},"end":{"line":153,"column":1}},"line":147},"18":{"name":"normalizeAgent","decl":{"start":{"line":155,"column":9},"end":{"line":155,"column":23}},"loc":{"start":{"line":155,"column":31},"end":{"line":161,"column":1}},"line":155},"19":{"name":"saveSprint","decl":{"start":{"line":163,"column":15},"end":{"line":163,"column":25}},"loc":{"start":{"line":163,"column":43},"end":{"line":169,"column":null}},"line":163},"20":{"name":"loadSprint","decl":{"start":{"line":171,"column":15},"end":{"line":171,"column":25}},"loc":{"start":{"line":171,"column":54},"end":{"line":197,"column":null}},"line":171},"21":{"name":"(anonymous_21)","decl":{"start":{"line":173,"column":56},"end":{"line":173,"column":57}},"loc":{"start":{"line":173,"column":67},"end":{"line":182,"column":3}},"line":173},"22":{"name":"listSprints","decl":{"start":{"line":199,"column":15},"end":{"line":199,"column":26}},"loc":{"start":{"line":199,"column":45},"end":{"line":225,"column":1}},"line":199},"23":{"name":"(anonymous_23)","decl":{"start":{"line":224,"column":22},"end":{"line":224,"column":23}},"loc":{"start":{"line":224,"column":32},"end":{"line":224,"column":87}},"line":224},"24":{"name":"createSprint","decl":{"start":{"line":227,"column":15},"end":{"line":227,"column":27}},"loc":{"start":{"line":227,"column":124},"end":{"line":269,"column":null}},"line":227},"25":{"name":"setTokenBudget","decl":{"start":{"line":271,"column":15},"end":{"line":271,"column":29}},"loc":{"start":{"line":271,"column":92},"end":{"line":292,"column":1}},"line":271},"26":{"name":"updateSprint","decl":{"start":{"line":294,"column":15},"end":{"line":294,"column":27}},"loc":{"start":{"line":294,"column":68},"end":{"line":316,"column":1}},"line":294},"27":{"name":"addPendingTask","decl":{"start":{"line":318,"column":15},"end":{"line":318,"column":29}},"loc":{"start":{"line":318,"column":85},"end":{"line":343,"column":null}},"line":318},"28":{"name":"completeTask","decl":{"start":{"line":345,"column":15},"end":{"line":345,"column":27}},"loc":{"start":{"line":345,"column":64},"end":{"line":371,"column":null}},"line":345},"29":{"name":"(anonymous_29)","decl":{"start":{"line":349,"column":46},"end":{"line":349,"column":47}},"loc":{"start":{"line":349,"column":56},"end":{"line":349,"column":74}},"line":349},"30":{"name":"addBlocker","decl":{"start":{"line":373,"column":15},"end":{"line":373,"column":25}},"loc":{"start":{"line":373,"column":67},"end":{"line":395,"column":null}},"line":373},"31":{"name":"closeSprint","decl":{"start":{"line":397,"column":15},"end":{"line":397,"column":26}},"loc":{"start":{"line":397,"column":63},"end":{"line":419,"column":null}},"line":397},"32":{"name":"getActiveSprint","decl":{"start":{"line":421,"column":15},"end":{"line":421,"column":30}},"loc":{"start":{"line":421,"column":49},"end":{"line":424,"column":1}},"line":421},"33":{"name":"(anonymous_33)","decl":{"start":{"line":423,"column":18},"end":{"line":423,"column":19}},"loc":{"start":{"line":423,"column":25},"end":{"line":423,"column":46}},"line":423},"34":{"name":"loadLatestSprintManifest","decl":{"start":{"line":426,"column":15},"end":{"line":426,"column":39}},"loc":{"start":{"line":426,"column":58},"end":{"line":453,"column":1}},"line":426},"35":{"name":"(anonymous_35)","decl":{"start":{"line":430,"column":12},"end":{"line":430,"column":13}},"loc":{"start":{"line":430,"column":22},"end":{"line":430,"column":44}},"line":430},"36":{"name":"(anonymous_36)","decl":{"start":{"line":431,"column":9},"end":{"line":431,"column":10}},"loc":{"start":{"line":431,"column":19},"end":{"line":438,"column":5}},"line":431},"37":{"name":"(anonymous_37)","decl":{"start":{"line":439,"column":10},"end":{"line":439,"column":11}},"loc":{"start":{"line":439,"column":20},"end":{"line":443,"column":5}},"line":439},"38":{"name":"mapSprintManifestToSnapshot","decl":{"start":{"line":455,"column":9},"end":{"line":455,"column":36}},"loc":{"start":{"line":455,"column":47},"end":{"line":481,"column":1}},"line":455},"39":{"name":"(anonymous_39)","decl":{"start":{"line":458,"column":28},"end":{"line":458,"column":29}},"loc":{"start":{"line":458,"column":41},"end":{"line":463,"column":7}},"line":458},"40":{"name":"(anonymous_40)","decl":{"start":{"line":467,"column":32},"end":{"line":467,"column":33}},"loc":{"start":{"line":467,"column":42},"end":{"line":470,"column":7}},"line":467},"41":{"name":"mapSprintManifestToHandoff","decl":{"start":{"line":483,"column":9},"end":{"line":483,"column":35}},"loc":{"start":{"line":483,"column":46},"end":{"line":504,"column":1}},"line":483},"42":{"name":"(anonymous_42)","decl":{"start":{"line":486,"column":34},"end":{"line":486,"column":35}},"loc":{"start":{"line":486,"column":45},"end":{"line":486,"column":101}},"line":486},"43":{"name":"(anonymous_43)","decl":{"start":{"line":489,"column":32},"end":{"line":489,"column":33}},"loc":{"start":{"line":490,"column":8},"end":{"line":492,"column":100}},"line":490}},"branchMap":{"0":{"loc":{"start":{"line":41,"column":2},"end":{"line":45,"column":null}},"type":"if","locations":[{"start":{"line":41,"column":2},"end":{"line":45,"column":null}},{"start":{},"end":{}}],"line":41},"1":{"loc":{"start":{"line":43,"column":25},"end":{"line":43,"column":55}},"type":"binary-expr","locations":[{"start":{"line":43,"column":25},"end":{"line":43,"column":45}},{"start":{"line":43,"column":49},"end":{"line":43,"column":55}}],"line":43},"2":{"loc":{"start":{"line":46,"column":9},"end":{"line":46,"column":63}},"type":"cond-expr","locations":[{"start":{"line":46,"column":34},"end":{"line":46,"column":47}},{"start":{"line":46,"column":50},"end":{"line":46,"column":63}}],"line":46},"3":{"loc":{"start":{"line":49,"column":41},"end":{"line":49,"column":53}},"type":"default-arg","locations":[{"start":{"line":49,"column":51},"end":{"line":49,"column":53}}],"line":49},"4":{"loc":{"start":{"line":57,"column":44},"end":{"line":57,"column":56}},"type":"default-arg","locations":[{"start":{"line":57,"column":54},"end":{"line":57,"column":56}}],"line":57},"5":{"loc":{"start":{"line":61,"column":4},"end":{"line":63,"column":null}},"type":"if","locations":[{"start":{"line":61,"column":4},"end":{"line":63,"column":null}},{"start":{},"end":{}}],"line":61},"6":{"loc":{"start":{"line":69,"column":19},"end":{"line":69,"column":42}},"type":"binary-expr","locations":[{"start":{"line":69,"column":19},"end":{"line":69,"column":26}},{"start":{"line":69,"column":30},"end":{"line":69,"column":42}}],"line":69},"7":{"loc":{"start":{"line":96,"column":2},"end":{"line":102,"column":null}},"type":"if","locations":[{"start":{"line":96,"column":2},"end":{"line":102,"column":null}},{"start":{},"end":{}}],"line":96},"8":{"loc":{"start":{"line":107,"column":20},"end":{"line":109,"column":14}},"type":"cond-expr","locations":[{"start":{"line":108,"column":6},"end":{"line":108,"column":77}},{"start":{"line":109,"column":6},"end":{"line":109,"column":14}}],"line":107},"9":{"loc":{"start":{"line":110,"column":18},"end":{"line":116,"column":14}},"type":"cond-expr","locations":[{"start":{"line":111,"column":6},"end":{"line":115,"column":19}},{"start":{"line":116,"column":6},"end":{"line":116,"column":14}}],"line":110},"10":{"loc":{"start":{"line":117,"column":19},"end":{"line":119,"column":14}},"type":"cond-expr","locations":[{"start":{"line":118,"column":6},"end":{"line":118,"column":117}},{"start":{"line":119,"column":6},"end":{"line":119,"column":14}}],"line":117},"11":{"loc":{"start":{"line":121,"column":20},"end":{"line":123,"column":14}},"type":"cond-expr","locations":[{"start":{"line":122,"column":6},"end":{"line":122,"column":56}},{"start":{"line":123,"column":6},"end":{"line":123,"column":14}}],"line":121},"12":{"loc":{"start":{"line":124,"column":23},"end":{"line":126,"column":14}},"type":"cond-expr","locations":[{"start":{"line":125,"column":6},"end":{"line":125,"column":91}},{"start":{"line":126,"column":6},"end":{"line":126,"column":14}}],"line":124},"13":{"loc":{"start":{"line":148,"column":23},"end":{"line":148,"column":35}},"type":"binary-expr","locations":[{"start":{"line":148,"column":23},"end":{"line":148,"column":29}},{"start":{"line":148,"column":33},"end":{"line":148,"column":35}}],"line":148},"14":{"loc":{"start":{"line":149,"column":2},"end":{"line":151,"column":3}},"type":"if","locations":[{"start":{"line":149,"column":2},"end":{"line":151,"column":3}},{"start":{},"end":{}}],"line":149},"15":{"loc":{"start":{"line":156,"column":23},"end":{"line":156,"column":39}},"type":"binary-expr","locations":[{"start":{"line":156,"column":23},"end":{"line":156,"column":28}},{"start":{"line":156,"column":32},"end":{"line":156,"column":39}}],"line":156},"16":{"loc":{"start":{"line":157,"column":2},"end":{"line":159,"column":3}},"type":"if","locations":[{"start":{"line":157,"column":2},"end":{"line":159,"column":3}},{"start":{},"end":{}}],"line":157},"17":{"loc":{"start":{"line":171,"column":36},"end":{"line":171,"column":52}},"type":"default-arg","locations":[{"start":{"line":171,"column":50},"end":{"line":171,"column":52}}],"line":171},"18":{"loc":{"start":{"line":174,"column":4},"end":{"line":180,"column":null}},"type":"if","locations":[{"start":{"line":174,"column":4},"end":{"line":180,"column":null}},{"start":{},"end":{}}],"line":174},"19":{"loc":{"start":{"line":199,"column":27},"end":{"line":199,"column":43}},"type":"default-arg","locations":[{"start":{"line":199,"column":41},"end":{"line":199,"column":43}}],"line":199},"20":{"loc":{"start":{"line":204,"column":4},"end":{"line":204,"column":null}},"type":"if","locations":[{"start":{"line":204,"column":4},"end":{"line":204,"column":null}},{"start":{},"end":{}}],"line":204},"21":{"loc":{"start":{"line":212,"column":26},"end":{"line":214,"column":81}},"type":"cond-expr","locations":[{"start":{"line":213,"column":10},"end":{"line":213,"column":null}},{"start":{"line":214,"column":10},"end":{"line":214,"column":81}}],"line":212},"22":{"loc":{"start":{"line":219,"column":14},"end":{"line":219,"column":null}},"type":"binary-expr","locations":[{"start":{"line":219,"column":14},"end":{"line":219,"column":30}},{"start":{"line":219,"column":34},"end":{"line":219,"column":null}}],"line":219},"23":{"loc":{"start":{"line":227,"column":28},"end":{"line":227,"column":122}},"type":"default-arg","locations":[{"start":{"line":227,"column":120},"end":{"line":227,"column":122}}],"line":227},"24":{"loc":{"start":{"line":227,"column":30},"end":{"line":227,"column":45}},"type":"default-arg","locations":[{"start":{"line":227,"column":38},"end":{"line":227,"column":45}}],"line":227},"25":{"loc":{"start":{"line":227,"column":47},"end":{"line":227,"column":64}},"type":"default-arg","locations":[{"start":{"line":227,"column":55},"end":{"line":227,"column":64}}],"line":227},"26":{"loc":{"start":{"line":227,"column":72},"end":{"line":227,"column":87}},"type":"default-arg","locations":[{"start":{"line":227,"column":86},"end":{"line":227,"column":87}}],"line":227},"27":{"loc":{"start":{"line":227,"column":89},"end":{"line":227,"column":106}},"type":"default-arg","locations":[{"start":{"line":227,"column":98},"end":{"line":227,"column":106}}],"line":227},"28":{"loc":{"start":{"line":231,"column":4},"end":{"line":233,"column":null}},"type":"if","locations":[{"start":{"line":231,"column":4},"end":{"line":233,"column":null}},{"start":{},"end":{}}],"line":231},"29":{"loc":{"start":{"line":231,"column":8},"end":{"line":231,"column":37}},"type":"binary-expr","locations":[{"start":{"line":231,"column":8},"end":{"line":231,"column":13}},{"start":{"line":231,"column":17},"end":{"line":231,"column":37}}],"line":231},"30":{"loc":{"start":{"line":239,"column":20},"end":{"line":239,"column":38}},"type":"binary-expr","locations":[{"start":{"line":239,"column":20},"end":{"line":239,"column":25}},{"start":{"line":239,"column":29},"end":{"line":239,"column":38}}],"line":239},"31":{"loc":{"start":{"line":242,"column":26},"end":{"line":242,"column":42}},"type":"binary-expr","locations":[{"start":{"line":242,"column":26},"end":{"line":242,"column":37}},{"start":{"line":242,"column":41},"end":{"line":242,"column":42}}],"line":242},"32":{"loc":{"start":{"line":254,"column":4},"end":{"line":256,"column":null}},"type":"if","locations":[{"start":{"line":254,"column":4},"end":{"line":256,"column":null}},{"start":{},"end":{}}],"line":254},"33":{"loc":{"start":{"line":254,"column":8},"end":{"line":254,"column":67}},"type":"binary-expr","locations":[{"start":{"line":254,"column":8},"end":{"line":254,"column":34}},{"start":{"line":254,"column":38},"end":{"line":254,"column":67}}],"line":254},"34":{"loc":{"start":{"line":265,"column":12},"end":{"line":265,"column":null}},"type":"binary-expr","locations":[{"start":{"line":265,"column":12},"end":{"line":265,"column":21}},{"start":{"line":265,"column":25},"end":{"line":265,"column":null}}],"line":265},"35":{"loc":{"start":{"line":271,"column":40},"end":{"line":271,"column":72}},"type":"default-arg","locations":[{"start":{"line":271,"column":70},"end":{"line":271,"column":72}}],"line":271},"36":{"loc":{"start":{"line":271,"column":74},"end":{"line":271,"column":90}},"type":"default-arg","locations":[{"start":{"line":271,"column":88},"end":{"line":271,"column":90}}],"line":271},"37":{"loc":{"start":{"line":274,"column":2},"end":{"line":274,"column":67}},"type":"if","locations":[{"start":{"line":274,"column":2},"end":{"line":274,"column":67}},{"start":{},"end":{}}],"line":274},"38":{"loc":{"start":{"line":275,"column":2},"end":{"line":275,"column":70}},"type":"if","locations":[{"start":{"line":275,"column":2},"end":{"line":275,"column":70}},{"start":{},"end":{}}],"line":275},"39":{"loc":{"start":{"line":278,"column":16},"end":{"line":278,"column":77}},"type":"cond-expr","locations":[{"start":{"line":278,"column":39},"end":{"line":278,"column":73}},{"start":{"line":278,"column":76},"end":{"line":278,"column":77}}],"line":278},"40":{"loc":{"start":{"line":279,"column":2},"end":{"line":284,"column":3}},"type":"if","locations":[{"start":{"line":279,"column":2},"end":{"line":284,"column":3}},{"start":{"line":282,"column":9},"end":{"line":284,"column":3}}],"line":279},"41":{"loc":{"start":{"line":282,"column":9},"end":{"line":284,"column":3}},"type":"if","locations":[{"start":{"line":282,"column":9},"end":{"line":284,"column":3}},{"start":{},"end":{}}],"line":282},"42":{"loc":{"start":{"line":286,"column":2},"end":{"line":288,"column":3}},"type":"if","locations":[{"start":{"line":286,"column":2},"end":{"line":288,"column":3}},{"start":{},"end":{}}],"line":286},"43":{"loc":{"start":{"line":286,"column":6},"end":{"line":286,"column":61}},"type":"binary-expr","locations":[{"start":{"line":286,"column":6},"end":{"line":286,"column":30}},{"start":{"line":286,"column":34},"end":{"line":286,"column":61}}],"line":286},"44":{"loc":{"start":{"line":294,"column":38},"end":{"line":294,"column":48}},"type":"default-arg","locations":[{"start":{"line":294,"column":46},"end":{"line":294,"column":48}}],"line":294},"45":{"loc":{"start":{"line":294,"column":50},"end":{"line":294,"column":66}},"type":"default-arg","locations":[{"start":{"line":294,"column":64},"end":{"line":294,"column":66}}],"line":294},"46":{"loc":{"start":{"line":298,"column":2},"end":{"line":300,"column":3}},"type":"if","locations":[{"start":{"line":298,"column":2},"end":{"line":300,"column":3}},{"start":{},"end":{}}],"line":298},"47":{"loc":{"start":{"line":301,"column":2},"end":{"line":303,"column":3}},"type":"if","locations":[{"start":{"line":301,"column":2},"end":{"line":303,"column":3}},{"start":{},"end":{}}],"line":301},"48":{"loc":{"start":{"line":304,"column":2},"end":{"line":306,"column":3}},"type":"if","locations":[{"start":{"line":304,"column":2},"end":{"line":306,"column":3}},{"start":{},"end":{}}],"line":304},"49":{"loc":{"start":{"line":307,"column":2},"end":{"line":309,"column":3}},"type":"if","locations":[{"start":{"line":307,"column":2},"end":{"line":309,"column":3}},{"start":{},"end":{}}],"line":307},"50":{"loc":{"start":{"line":311,"column":2},"end":{"line":313,"column":3}},"type":"if","locations":[{"start":{"line":311,"column":2},"end":{"line":313,"column":3}},{"start":{},"end":{}}],"line":311},"51":{"loc":{"start":{"line":311,"column":6},"end":{"line":311,"column":61}},"type":"binary-expr","locations":[{"start":{"line":311,"column":6},"end":{"line":311,"column":30}},{"start":{"line":311,"column":34},"end":{"line":311,"column":61}}],"line":311},"52":{"loc":{"start":{"line":318,"column":53},"end":{"line":318,"column":65}},"type":"default-arg","locations":[{"start":{"line":318,"column":64},"end":{"line":318,"column":65}}],"line":318},"53":{"loc":{"start":{"line":318,"column":67},"end":{"line":318,"column":83}},"type":"default-arg","locations":[{"start":{"line":318,"column":81},"end":{"line":318,"column":83}}],"line":318},"54":{"loc":{"start":{"line":339,"column":12},"end":{"line":339,"column":null}},"type":"binary-expr","locations":[{"start":{"line":339,"column":12},"end":{"line":339,"column":21}},{"start":{"line":339,"column":25},"end":{"line":339,"column":null}}],"line":339},"55":{"loc":{"start":{"line":345,"column":46},"end":{"line":345,"column":62}},"type":"default-arg","locations":[{"start":{"line":345,"column":60},"end":{"line":345,"column":62}}],"line":345},"56":{"loc":{"start":{"line":350,"column":4},"end":{"line":352,"column":null}},"type":"if","locations":[{"start":{"line":350,"column":4},"end":{"line":352,"column":null}},{"start":{},"end":{}}],"line":350},"57":{"loc":{"start":{"line":367,"column":12},"end":{"line":367,"column":null}},"type":"binary-expr","locations":[{"start":{"line":367,"column":12},"end":{"line":367,"column":21}},{"start":{"line":367,"column":25},"end":{"line":367,"column":null}}],"line":367},"58":{"loc":{"start":{"line":373,"column":49},"end":{"line":373,"column":65}},"type":"default-arg","locations":[{"start":{"line":373,"column":63},"end":{"line":373,"column":65}}],"line":373},"59":{"loc":{"start":{"line":391,"column":12},"end":{"line":391,"column":null}},"type":"binary-expr","locations":[{"start":{"line":391,"column":12},"end":{"line":391,"column":21}},{"start":{"line":391,"column":25},"end":{"line":391,"column":null}}],"line":391},"60":{"loc":{"start":{"line":397,"column":45},"end":{"line":397,"column":61}},"type":"default-arg","locations":[{"start":{"line":397,"column":59},"end":{"line":397,"column":61}}],"line":397},"61":{"loc":{"start":{"line":402,"column":4},"end":{"line":406,"column":null}},"type":"if","locations":[{"start":{"line":402,"column":4},"end":{"line":406,"column":null}},{"start":{"line":404,"column":11},"end":{"line":406,"column":null}}],"line":402},"62":{"loc":{"start":{"line":402,"column":8},"end":{"line":402,"column":67}},"type":"binary-expr","locations":[{"start":{"line":402,"column":8},"end":{"line":402,"column":34}},{"start":{"line":402,"column":38},"end":{"line":402,"column":67}}],"line":402},"63":{"loc":{"start":{"line":415,"column":12},"end":{"line":415,"column":null}},"type":"binary-expr","locations":[{"start":{"line":415,"column":12},"end":{"line":415,"column":21}},{"start":{"line":415,"column":25},"end":{"line":415,"column":null}}],"line":415},"64":{"loc":{"start":{"line":421,"column":31},"end":{"line":421,"column":47}},"type":"default-arg","locations":[{"start":{"line":421,"column":45},"end":{"line":421,"column":47}}],"line":421},"65":{"loc":{"start":{"line":423,"column":9},"end":{"line":423,"column":55}},"type":"binary-expr","locations":[{"start":{"line":423,"column":9},"end":{"line":423,"column":47}},{"start":{"line":423,"column":51},"end":{"line":423,"column":55}}],"line":423},"66":{"loc":{"start":{"line":426,"column":40},"end":{"line":426,"column":56}},"type":"default-arg","locations":[{"start":{"line":426,"column":54},"end":{"line":426,"column":56}}],"line":426},"67":{"loc":{"start":{"line":435,"column":14},"end":{"line":435,"column":76}},"type":"cond-expr","locations":[{"start":{"line":435,"column":53},"end":{"line":435,"column":61}},{"start":{"line":435,"column":64},"end":{"line":435,"column":76}}],"line":435},"68":{"loc":{"start":{"line":441,"column":6},"end":{"line":441,"column":48}},"type":"if","locations":[{"start":{"line":441,"column":6},"end":{"line":441,"column":48}},{"start":{},"end":{}}],"line":441},"69":{"loc":{"start":{"line":445,"column":2},"end":{"line":445,"column":42}},"type":"if","locations":[{"start":{"line":445,"column":2},"end":{"line":445,"column":42}},{"start":{},"end":{}}],"line":445},"70":{"loc":{"start":{"line":456,"column":2},"end":{"line":456,"column":29}},"type":"if","locations":[{"start":{"line":456,"column":2},"end":{"line":456,"column":29}},{"start":{},"end":{}}],"line":456},"71":{"loc":{"start":{"line":457,"column":19},"end":{"line":464,"column":8}},"type":"cond-expr","locations":[{"start":{"line":458,"column":6},"end":{"line":463,"column":8}},{"start":{"line":464,"column":6},"end":{"line":464,"column":8}}],"line":457},"72":{"loc":{"start":{"line":459,"column":8},"end":{"line":459,"column":56}},"type":"if","locations":[{"start":{"line":459,"column":8},"end":{"line":459,"column":56}},{"start":{},"end":{}}],"line":459},"73":{"loc":{"start":{"line":460,"column":15},"end":{"line":462,"column":66}},"type":"cond-expr","locations":[{"start":{"line":461,"column":12},"end":{"line":461,"column":67}},{"start":{"line":462,"column":12},"end":{"line":462,"column":66}}],"line":460},"74":{"loc":{"start":{"line":462,"column":19},"end":{"line":462,"column":65}},"type":"binary-expr","locations":[{"start":{"line":462,"column":19},"end":{"line":462,"column":38}},{"start":{"line":462,"column":42},"end":{"line":462,"column":65}}],"line":462},"75":{"loc":{"start":{"line":466,"column":20},"end":{"line":471,"column":8}},"type":"cond-expr","locations":[{"start":{"line":467,"column":6},"end":{"line":470,"column":8}},{"start":{"line":471,"column":6},"end":{"line":471,"column":8}}],"line":466},"76":{"loc":{"start":{"line":468,"column":8},"end":{"line":468,"column":50}},"type":"if","locations":[{"start":{"line":468,"column":8},"end":{"line":468,"column":50}},{"start":{},"end":{}}],"line":468},"77":{"loc":{"start":{"line":469,"column":18},"end":{"line":469,"column":40}},"type":"binary-expr","locations":[{"start":{"line":469,"column":18},"end":{"line":469,"column":34}},{"start":{"line":469,"column":38},"end":{"line":469,"column":40}}],"line":469},"78":{"loc":{"start":{"line":469,"column":43},"end":{"line":469,"column":94}},"type":"cond-expr","locations":[{"start":{"line":469,"column":59},"end":{"line":469,"column":89}},{"start":{"line":469,"column":92},"end":{"line":469,"column":94}}],"line":469},"79":{"loc":{"start":{"line":475,"column":12},"end":{"line":475,"column":39}},"type":"binary-expr","locations":[{"start":{"line":475,"column":12},"end":{"line":475,"column":27}},{"start":{"line":475,"column":31},"end":{"line":475,"column":39}}],"line":475},"80":{"loc":{"start":{"line":476,"column":18},"end":{"line":476,"column":37}},"type":"binary-expr","locations":[{"start":{"line":476,"column":18},"end":{"line":476,"column":31}},{"start":{"line":476,"column":35},"end":{"line":476,"column":37}}],"line":476},"81":{"loc":{"start":{"line":479,"column":16},"end":{"line":479,"column":57}},"type":"binary-expr","locations":[{"start":{"line":479,"column":16},"end":{"line":479,"column":29}},{"start":{"line":479,"column":33},"end":{"line":479,"column":57}}],"line":479},"82":{"loc":{"start":{"line":484,"column":2},"end":{"line":484,"column":29}},"type":"if","locations":[{"start":{"line":484,"column":2},"end":{"line":484,"column":29}},{"start":{},"end":{}}],"line":484},"83":{"loc":{"start":{"line":485,"column":25},"end":{"line":487,"column":8}},"type":"cond-expr","locations":[{"start":{"line":486,"column":6},"end":{"line":486,"column":103}},{"start":{"line":487,"column":6},"end":{"line":487,"column":8}}],"line":485},"84":{"loc":{"start":{"line":486,"column":45},"end":{"line":486,"column":101}},"type":"cond-expr","locations":[{"start":{"line":486,"column":72},"end":{"line":486,"column":76}},{"start":{"line":486,"column":79},"end":{"line":486,"column":101}}],"line":486},"85":{"loc":{"start":{"line":486,"column":79},"end":{"line":486,"column":101}},"type":"binary-expr","locations":[{"start":{"line":486,"column":79},"end":{"line":486,"column":95}},{"start":{"line":486,"column":99},"end":{"line":486,"column":101}}],"line":486},"86":{"loc":{"start":{"line":488,"column":23},"end":{"line":494,"column":8}},"type":"cond-expr","locations":[{"start":{"line":489,"column":6},"end":{"line":493,"column":7}},{"start":{"line":494,"column":6},"end":{"line":494,"column":8}}],"line":488},"87":{"loc":{"start":{"line":490,"column":8},"end":{"line":492,"column":100}},"type":"cond-expr","locations":[{"start":{"line":491,"column":12},"end":{"line":491,"column":16}},{"start":{"line":492,"column":12},"end":{"line":492,"column":100}}],"line":490},"88":{"loc":{"start":{"line":492,"column":15},"end":{"line":492,"column":37}},"type":"binary-expr","locations":[{"start":{"line":492,"column":15},"end":{"line":492,"column":31}},{"start":{"line":492,"column":35},"end":{"line":492,"column":37}}],"line":492},"89":{"loc":{"start":{"line":492,"column":40},"end":{"line":492,"column":91}},"type":"cond-expr","locations":[{"start":{"line":492,"column":56},"end":{"line":492,"column":86}},{"start":{"line":492,"column":89},"end":{"line":492,"column":91}}],"line":492},"90":{"loc":{"start":{"line":498,"column":20},"end":{"line":498,"column":91}},"type":"binary-expr","locations":[{"start":{"line":498,"column":20},"end":{"line":498,"column":41}},{"start":{"line":498,"column":45},"end":{"line":498,"column":91}}],"line":498},"91":{"loc":{"start":{"line":501,"column":23},"end":{"line":501,"column":50}},"type":"binary-expr","locations":[{"start":{"line":501,"column":23},"end":{"line":501,"column":44}},{"start":{"line":501,"column":48},"end":{"line":501,"column":50}}],"line":501},"92":{"loc":{"start":{"line":502,"column":16},"end":{"line":502,"column":57}},"type":"binary-expr","locations":[{"start":{"line":502,"column":16},"end":{"line":502,"column":29}},{"start":{"line":502,"column":33},"end":{"line":502,"column":57}}],"line":502}},"s":{"0":11,"1":11,"2":11,"3":11,"4":11,"5":11,"6":11,"7":11,"8":11,"9":1,"10":1,"11":1,"12":0,"13":1,"14":1,"15":24,"16":24,"17":1,"18":0,"19":1,"20":28,"21":12,"22":12,"23":28,"24":28,"25":28,"26":2,"27":2,"28":2,"29":2,"30":2,"31":11,"32":11,"33":11,"34":11,"35":11,"36":0,"37":11,"38":3,"39":1,"40":3,"41":0,"42":0,"43":3,"44":1,"45":3,"46":3,"47":0,"48":3,"49":0,"50":3,"51":3,"52":6,"53":6,"54":6,"55":0,"56":4,"57":4,"58":4,"59":0,"60":13,"61":13,"62":12,"63":12,"64":12,"65":11,"66":11,"67":0,"68":0,"69":0,"70":11,"71":11,"72":2,"73":2,"74":9,"75":9,"76":3,"77":3,"78":3,"79":3,"80":3,"81":1,"82":2,"83":2,"84":2,"85":2,"86":2,"87":2,"88":0,"89":0,"90":0,"91":3,"92":0,"93":4,"94":4,"95":4,"96":4,"97":0,"98":4,"99":4,"100":0,"101":4,"102":4,"103":4,"104":0,"105":0,"106":2,"107":2,"108":2,"109":2,"110":2,"111":2,"112":2,"113":2,"114":2,"115":1,"116":1,"117":1,"118":1,"119":2,"120":1,"121":2,"122":2,"123":0,"124":0,"125":0,"126":0,"127":0,"128":0,"129":0,"130":0,"131":0,"132":0,"133":0,"134":0,"135":0,"136":1,"137":1,"138":1,"139":1,"140":1,"141":1,"142":1,"143":1,"144":0,"145":0,"146":1,"147":1,"148":1,"149":1,"150":1,"151":1,"152":0,"153":1,"154":1,"155":1,"156":1,"157":1,"158":0,"159":0,"160":1,"161":1,"162":1,"163":1,"164":1,"165":1,"166":1,"167":0,"168":0,"169":2,"170":2,"171":2,"172":2,"173":2,"174":1,"175":1,"176":2,"177":2,"178":2,"179":0,"180":0,"181":1,"182":1,"183":1,"184":2,"185":2,"186":2,"187":2,"188":2,"189":2,"190":0,"191":0,"192":0,"193":0,"194":2,"195":0,"196":2,"197":2,"198":2,"199":0,"200":2,"201":0,"202":2,"203":0,"204":0,"205":0,"206":2,"207":0,"208":0,"209":0,"210":2,"211":2,"212":0,"213":2,"214":0,"215":2,"216":0,"217":2},"f":{"0":1,"1":1,"2":1,"3":24,"4":28,"5":12,"6":28,"7":2,"8":11,"9":11,"10":3,"11":1,"12":0,"13":0,"14":1,"15":0,"16":0,"17":6,"18":4,"19":13,"20":11,"21":0,"22":3,"23":0,"24":4,"25":2,"26":0,"27":1,"28":1,"29":1,"30":1,"31":2,"32":1,"33":1,"34":2,"35":2,"36":2,"37":0,"38":2,"39":0,"40":0,"41":2,"42":0,"43":0},"b":{"0":[1,0],"1":[1,0],"2":[0,0],"3":[1],"4":[24],"5":[0,1],"6":[28,2],"7":[0,11],"8":[1,2],"9":[0,3],"10":[1,2],"11":[0,3],"12":[0,3],"13":[6,0],"14":[6,0],"15":[4,0],"16":[4,0],"17":[11],"18":[0,0],"19":[3],"20":[1,2],"21":[0,0],"22":[0,0],"23":[4],"24":[4],"25":[4],"26":[4],"27":[4],"28":[0,4],"29":[4,4],"30":[4,0],"31":[4,0],"32":[0,4],"33":[4,4],"34":[0,0],"35":[2],"36":[2],"37":[2,0],"38":[2,0],"39":[2,0],"40":[1,1],"41":[1,0],"42":[1,1],"43":[2,2],"44":[0],"45":[0],"46":[0,0],"47":[0,0],"48":[0,0],"49":[0,0],"50":[0,0],"51":[0,0],"52":[1],"53":[1],"54":[0,0],"55":[1],"56":[0,1],"57":[0,0],"58":[1],"59":[0,0],"60":[2],"61":[1,1],"62":[2,1],"63":[0,0],"64":[1],"65":[1,0],"66":[2],"67":[2,0],"68":[0,0],"69":[0,2],"70":[0,2],"71":[2,0],"72":[0,0],"73":[0,0],"74":[0,0],"75":[2,0],"76":[0,0],"77":[0,0],"78":[0,0],"79":[2,0],"80":[2,0],"81":[2,0],"82":[0,2],"83":[2,0],"84":[0,0],"85":[0,0],"86":[2,0],"87":[0,0],"88":[0,0],"89":[0,0],"90":[2,2],"91":[2,0],"92":[2,0]},"meta":{"lastBranch":93,"lastFunction":44,"lastStatement":218,"seen":{"s:10:11:10:35":0,"s:12:26:12:88":1,"s:13:27:13:80":2,"s:14:27:14:78":3,"s:16:28:20:2":4,"s:22:26:26:2":5,"s:28:22:31:2":6,"s:33:26:36:2":7,"s:38:21:38:40":8,"f:40:9:40:30":0,"b:41:2:45:Infinity:undefined:undefined:undefined:undefined":0,"s:41:2:45:Infinity":9,"s:42:4:44:Infinity":10,"f:43:11:43:12":1,"s:43:22:43:75":11,"b:43:25:43:45:43:49:43:55":1,"s:46:2:46:Infinity":12,"b:46:34:46:47:46:50:46:63":2,"f:49:9:49:33":2,"b:49:51:49:53":3,"s:50:17:50:45":13,"s:51:2:54:Infinity":14,"f:57:9:57:38":3,"b:57:54:57:56":4,"s:58:2:65:Infinity":15,"s:59:4:59:Infinity":16,"b:61:4:63:Infinity:undefined:undefined:undefined:undefined":5,"s:61:4:63:Infinity":17,"s:62:6:62:Infinity":18,"s:64:4:64:Infinity":19,"f:68:9:68:19":4,"s:69:2:69:74":20,"b:69:19:69:26:69:30:69:42":6,"f:72:9:72:23":5,"s:73:14:73:55":21,"s:74:2:74:35":22,"f:77:15:77:36":6,"s:78:14:78:33":23,"s:79:2:79:Infinity":24,"s:80:2:80:Infinity":25,"f:83:15:83:35":7,"s:84:2:89:Infinity":26,"s:85:23:85:67":27,"s:86:4:86:Infinity":28,"s:87:23:87:98":29,"s:88:4:88:Infinity":30,"f:92:15:92:33":8,"s:93:14:93:50":31,"s:94:18:94:39":32,"s:95:16:95:74":33,"f:95:29:95:30":9,"s:95:39:95:73":34,"b:96:2:102:Infinity:undefined:undefined:undefined:undefined":7,"s:96:2:102:Infinity":35,"s:97:4:101:Infinity":36,"s:103:2:103:Infinity":37,"f:106:9:106:26":10,"s:107:20:109:14":38,"b:108:6:108:77:109:6:109:14":8,"f:108:32:108:33":11,"s:108:42:108:65":39,"s:110:18:116:14":40,"b:111:6:115:19:116:6:116:14":9,"f:113:14:113:15":12,"s:113:24:113:47":41,"f:114:13:114:14":13,"s:114:23:114:74":42,"s:117:19:119:14":43,"b:118:6:118:117:119:6:119:14":10,"f:118:26:118:27":14,"s:118:39:118:105":44,"s:120:23:120:72":45,"s:121:20:123:14":46,"b:122:6:122:56:123:6:123:14":11,"f:122:23:122:24":15,"s:122:33:122:44":47,"s:124:23:126:14":48,"b:125:6:125:91:126:6:126:14":12,"f:125:29:125:30":16,"s:125:42:125:79":49,"s:128:17:142:14":50,"s:144:2:144:30":51,"f:147:9:147:24":17,"s:148:16:148:57":52,"b:148:23:148:29:148:33:148:35":13,"b:149:2:151:3:undefined:undefined:undefined:undefined":14,"s:149:2:151:3":53,"s:150:4:150:17":54,"s:152:2:152:54":55,"f:155:9:155:23":18,"s:156:16:156:61":56,"b:156:23:156:28:156:32:156:39":15,"b:157:2:159:3:undefined:undefined:undefined:undefined":16,"s:157:2:159:3":57,"s:158:4:158:17":58,"s:160:2:160:45":59,"f:163:15:163:25":19,"s:164:21:164:87":60,"s:165:14:165:50":61,"s:166:19:166:87":62,"s:167:2:167:Infinity":63,"s:168:2:168:Infinity":64,"f:171:15:171:25":20,"b:171:50:171:52":17,"s:172:19:172:62":65,"s:173:14:182:4":66,"f:173:56:173:57":21,"b:174:4:180:Infinity:undefined:undefined:undefined:undefined":18,"s:174:4:180:Infinity":67,"s:175:6:179:Infinity":68,"s:181:4:181:Infinity":69,"s:185:2:194:Infinity":70,"s:186:4:186:Infinity":71,"s:188:4:188:Infinity":72,"s:189:4:193:Infinity":73,"s:195:17:195:103":74,"s:196:2:196:Infinity":75,"f:199:15:199:26":22,"b:199:41:199:43":19,"s:200:14:200:50":76,"s:201:18:201:39":77,"s:202:18:202:20":78,"s:203:2:223:Infinity":79,"b:204:4:204:Infinity:undefined:undefined:undefined:undefined":20,"s:204:4:204:Infinity":80,"s:204:33:204:Infinity":81,"s:205:21:205:41":82,"s:206:4:222:Infinity":83,"s:207:18:207:53":84,"s:208:21:208:36":85,"s:209:21:209:98":86,"s:210:6:210:Infinity":87,"s:212:26:214:81":88,"b:213:10:213:Infinity:214:10:214:81":21,"s:215:6:220:Infinity":89,"b:219:14:219:30:219:34:219:Infinity":22,"s:221:6:221:Infinity":90,"s:224:2:224:89":91,"f:224:22:224:23":23,"s:224:32:224:87":92,"f:227:15:227:27":24,"b:227:120:227:122":23,"b:227:38:227:45":24,"b:227:55:227:64":25,"b:227:86:227:87":26,"b:227:98:227:106":27,"s:228:19:228:38":93,"s:229:2:229:Infinity":94,"s:230:2:268:Infinity":95,"b:231:4:233:Infinity:undefined:undefined:undefined:undefined":28,"s:231:4:233:Infinity":96,"b:231:8:231:13:231:17:231:37":29,"s:232:6:232:Infinity":97,"s:235:19:252:5":98,"b:239:20:239:25:239:29:239:38":30,"b:242:26:242:37:242:41:242:42":31,"b:254:4:256:Infinity:undefined:undefined:undefined:undefined":32,"s:254:4:256:Infinity":99,"b:254:8:254:34:254:38:254:67":33,"s:255:6:255:Infinity":100,"s:258:18:258:51":101,"s:259:4:259:Infinity":102,"s:260:4:260:Infinity":103,"s:262:4:266:Infinity":104,"b:265:12:265:21:265:25:265:Infinity":34,"s:267:4:267:Infinity":105,"f:271:15:271:29":25,"b:271:70:271:72":35,"b:271:88:271:90":36,"s:272:17:272:56":106,"s:273:15:273:28":107,"b:274:2:274:67:undefined:undefined:undefined:undefined":37,"s:274:2:274:67":108,"s:274:38:274:67":109,"b:275:2:275:70:undefined:undefined:undefined:undefined":38,"s:275:2:275:70":110,"s:275:39:275:70":111,"s:277:19:277:21":112,"s:278:16:278:77":113,"b:278:39:278:73:278:76:278:77":39,"b:279:2:284:3:282:9:284:3":40,"s:279:2:284:3":114,"s:280:4:280:30":115,"s:281:4:281:79":116,"b:282:9:284:3:undefined:undefined:undefined:undefined":41,"s:282:9:284:3":117,"s:283:4:283:72":118,"b:286:2:288:3:undefined:undefined:undefined:undefined":42,"s:286:2:288:3":119,"b:286:6:286:30:286:34:286:61":43,"s:287:4:287:48":120,"s:290:16:290:47":121,"s:291:2:291:37":122,"f:294:15:294:27":26,"b:294:46:294:48":44,"b:294:64:294:66":45,"s:295:17:295:56":123,"s:296:15:296:38":124,"b:298:2:300:3:undefined:undefined:undefined:undefined":46,"s:298:2:300:3":125,"s:299:4:299:48":126,"b:301:2:303:3:undefined:undefined:undefined:undefined":47,"s:301:2:303:3":127,"s:302:4:302:45":128,"b:304:2:306:3:undefined:undefined:undefined:undefined":48,"s:304:2:306:3":129,"s:305:4:305:39":130,"b:307:2:309:3:undefined:undefined:undefined:undefined":49,"s:307:2:309:3":131,"s:308:4:308:41":132,"b:311:2:313:3:undefined:undefined:undefined:undefined":50,"s:311:2:313:3":133,"b:311:6:311:30:311:34:311:61":51,"s:312:4:312:48":134,"s:315:2:315:35":135,"f:318:15:318:29":27,"b:318:64:318:65":52,"b:318:81:318:83":53,"s:319:2:319:Infinity":136,"s:320:2:342:Infinity":137,"s:321:19:321:58":138,"s:322:17:326:5":139,"s:327:4:327:Infinity":140,"s:328:18:328:51":141,"s:329:4:333:Infinity":142,"s:334:4:334:Infinity":143,"s:336:4:340:Infinity":144,"b:339:12:339:21:339:25:339:Infinity":54,"s:341:4:341:Infinity":145,"f:345:15:345:27":28,"b:345:60:345:62":55,"s:346:2:346:Infinity":146,"s:347:2:370:Infinity":147,"s:348:19:348:58":148,"s:349:16:349:75":149,"f:349:46:349:47":29,"s:349:56:349:74":150,"b:350:4:352:Infinity:undefined:undefined:undefined:undefined":56,"s:350:4:352:Infinity":151,"s:351:6:351:Infinity":152,"s:353:19:353:53":153,"s:354:4:354:Infinity":154,"s:355:18:355:51":155,"s:356:4:360:Infinity":156,"s:361:4:361:Infinity":157,"s:363:4:368:Infinity":158,"b:367:12:367:21:367:25:367:Infinity":57,"s:369:4:369:Infinity":159,"f:373:15:373:25":30,"b:373:63:373:65":58,"s:374:2:374:Infinity":160,"s:375:2:394:Infinity":161,"s:376:19:376:58":162,"s:377:4:380:Infinity":163,"s:381:18:381:51":164,"s:382:4:385:Infinity":165,"s:386:4:386:Infinity":166,"s:388:4:392:Infinity":167,"b:391:12:391:21:391:25:391:Infinity":59,"s:393:4:393:Infinity":168,"f:397:15:397:26":31,"b:397:59:397:61":60,"s:398:2:398:Infinity":169,"s:399:2:418:Infinity":170,"s:400:19:400:58":171,"s:401:4:401:Infinity":172,"b:402:4:406:Infinity:404:11:406:Infinity":61,"s:402:4:406:Infinity":173,"b:402:8:402:34:402:38:402:67":62,"s:403:6:403:Infinity":174,"s:405:6:405:Infinity":175,"s:407:18:407:51":176,"s:408:4:408:Infinity":177,"s:409:4:409:Infinity":178,"s:411:4:416:Infinity":179,"b:415:12:415:21:415:25:415:Infinity":63,"s:417:4:417:Infinity":180,"f:421:15:421:30":32,"b:421:45:421:47":64,"s:422:14:422:44":181,"s:423:2:423:56":182,"b:423:9:423:47:423:51:423:55":65,"f:423:18:423:19":33,"s:423:25:423:46":183,"f:426:15:426:39":34,"b:426:54:426:56":66,"s:427:14:427:50":184,"s:428:18:428:39":185,"s:429:20:443:6":186,"f:430:12:430:13":35,"s:430:22:430:44":187,"f:431:9:431:10":36,"s:432:23:432:40":188,"s:433:6:437:8":189,"b:435:53:435:61:435:64:435:76":67,"f:439:10:439:11":37,"s:440:26:440:54":190,"b:441:6:441:48:undefined:undefined:undefined:undefined":68,"s:441:6:441:48":191,"s:441:29:441:48":192,"s:442:6:442:42":193,"b:445:2:445:42:undefined:undefined:undefined:undefined":69,"s:445:2:445:42":194,"s:445:30:445:42":195,"s:447:2:452:3":196,"s:448:16:448:68":197,"s:449:4:449:27":198,"s:451:4:451:16":199,"f:455:9:455:36":38,"b:456:2:456:29:undefined:undefined:undefined:undefined":70,"s:456:2:456:29":200,"s:456:17:456:29":201,"s:457:19:464:8":202,"b:458:6:463:8:464:6:464:8":71,"f:458:28:458:29":39,"b:459:8:459:56:undefined:undefined:undefined:undefined":72,"s:459:8:459:56":203,"s:459:41:459:56":204,"s:460:8:462:67":205,"b:461:12:461:67:462:12:462:66":73,"b:462:19:462:38:462:42:462:65":74,"s:466:20:471:8":206,"b:467:6:470:8:471:6:471:8":75,"f:467:32:467:33":40,"b:468:8:468:50:undefined:undefined:undefined:undefined":76,"s:468:8:468:50":207,"s:468:38:468:50":208,"s:469:8:469:104":209,"b:469:18:469:34:469:38:469:40":77,"b:469:59:469:89:469:92:469:94":78,"s:473:2:480:4":210,"b:475:12:475:27:475:31:475:39":79,"b:476:18:476:31:476:35:476:37":80,"b:479:16:479:29:479:33:479:57":81,"f:483:9:483:35":41,"b:484:2:484:29:undefined:undefined:undefined:undefined":82,"s:484:2:484:29":211,"s:484:17:484:29":212,"s:485:25:487:8":213,"b:486:6:486:103:487:6:487:8":83,"f:486:34:486:35":42,"s:486:45:486:101":214,"b:486:72:486:76:486:79:486:101":84,"b:486:79:486:95:486:99:486:101":85,"s:488:23:494:8":215,"b:489:6:493:7:494:6:494:8":86,"f:489:32:489:33":43,"s:490:8:492:100":216,"b:491:12:491:16:492:12:492:100":87,"b:492:15:492:31:492:35:492:37":88,"b:492:56:492:86:492:89:492:91":89,"s:496:2:503:4":217,"b:498:20:498:41:498:45:498:91":90,"b:501:23:501:44:501:48:501:50":91,"b:502:16:502:29:502:33:502:57":92}}}
,"C:\\SW Development\\VS Code Agent\\Solution\\src\\browser-bridge.js": {"path":"C:\\SW Development\\VS Code Agent\\Solution\\src\\browser-bridge.js","statementMap":{"0":{"start":{"line":16,"column":11},"end":{"line":16,"column":42}},"1":{"start":{"line":19,"column":32},"end":{"line":19,"column":82}},"2":{"start":{"line":20,"column":2},"end":{"line":20,"column":31}},"3":{"start":{"line":24,"column":2},"end":{"line":24,"column":42}},"4":{"start":{"line":28,"column":2},"end":{"line":28,"column":62}},"5":{"start":{"line":31,"column":29},"end":{"line":31,"column":60}},"6":{"start":{"line":32,"column":30},"end":{"line":32,"column":62}},"7":{"start":{"line":33,"column":31},"end":{"line":33,"column":68}},"8":{"start":{"line":34,"column":28},"end":{"line":34,"column":62}},"9":{"start":{"line":35,"column":32},"end":{"line":35,"column":70}},"10":{"start":{"line":38,"column":2},"end":{"line":38,"column":41}},"11":{"start":{"line":42,"column":2},"end":{"line":42,"column":42}},"12":{"start":{"line":46,"column":19},"end":{"line":46,"column":42}},"13":{"start":{"line":47,"column":16},"end":{"line":47,"column":74}},"14":{"start":{"line":48,"column":2},"end":{"line":48,"column":33}},"15":{"start":{"line":52,"column":18},"end":{"line":52,"column":53}},"16":{"start":{"line":53,"column":21},"end":{"line":53,"column":63}},"17":{"start":{"line":54,"column":2},"end":{"line":56,"column":3}},"18":{"start":{"line":55,"column":4},"end":{"line":55,"column":76}},"19":{"start":{"line":58,"column":23},"end":{"line":58,"column":65}},"20":{"start":{"line":59,"column":2},"end":{"line":61,"column":3}},"21":{"start":{"line":60,"column":4},"end":{"line":60,"column":55}},"22":{"start":{"line":63,"column":13},"end":{"line":63,"column":31}},"23":{"start":{"line":64,"column":2},"end":{"line":64,"column":18}},"24":{"start":{"line":65,"column":15},"end":{"line":65,"column":56}},"25":{"start":{"line":66,"column":2},"end":{"line":77,"column":3}},"26":{"start":{"line":67,"column":26},"end":{"line":75,"column":7}},"27":{"start":{"line":67,"column":45},"end":{"line":75,"column":5}},"28":{"start":{"line":76,"column":4},"end":{"line":76,"column":66}},"29":{"start":{"line":78,"column":2},"end":{"line":78,"column":19}},"30":{"start":{"line":80,"column":23},"end":{"line":80,"column":28}},"31":{"start":{"line":81,"column":19},"end":{"line":81,"column":54}},"32":{"start":{"line":82,"column":2},"end":{"line":87,"column":3}},"33":{"start":{"line":83,"column":20},"end":{"line":83,"column":40}},"34":{"start":{"line":84,"column":24},"end":{"line":84,"column":79}},"35":{"start":{"line":85,"column":4},"end":{"line":85,"column":81}},"36":{"start":{"line":86,"column":4},"end":{"line":86,"column":26}},"37":{"start":{"line":89,"column":2},"end":{"line":94,"column":4}},"38":{"start":{"line":98,"column":24},"end":{"line":98,"column":36}},"39":{"start":{"line":99,"column":17},"end":{"line":99,"column":35}},"40":{"start":{"line":100,"column":2},"end":{"line":106,"column":null}},"41":{"start":{"line":101,"column":4},"end":{"line":104,"column":null}},"42":{"start":{"line":105,"column":4},"end":{"line":105,"column":null}},"43":{"start":{"line":108,"column":2},"end":{"line":134,"column":null}},"44":{"start":{"line":109,"column":4},"end":{"line":109,"column":null}},"45":{"start":{"line":110,"column":27},"end":{"line":110,"column":47}},"46":{"start":{"line":111,"column":4},"end":{"line":113,"column":null}},"47":{"start":{"line":115,"column":21},"end":{"line":115,"column":43}},"48":{"start":{"line":116,"column":19},"end":{"line":116,"column":99}},"49":{"start":{"line":117,"column":23},"end":{"line":117,"column":92}},"50":{"start":{"line":117,"column":62},"end":{"line":117,"column":88}},"51":{"start":{"line":118,"column":4},"end":{"line":124,"column":null}},"52":{"start":{"line":125,"column":4},"end":{"line":125,"column":null}},"53":{"start":{"line":127,"column":4},"end":{"line":132,"column":null}},"54":{"start":{"line":133,"column":4},"end":{"line":133,"column":null}},"55":{"start":{"line":138,"column":2},"end":{"line":138,"column":47}},"56":{"start":{"line":142,"column":2},"end":{"line":142,"column":44}},"57":{"start":{"line":146,"column":2},"end":{"line":146,"column":48}},"58":{"start":{"line":149,"column":21},"end":{"line":156,"column":2}},"59":{"start":{"line":158,"column":31},"end":{"line":158,"column":89}},"60":{"start":{"line":161,"column":2},"end":{"line":166,"column":3}},"61":{"start":{"line":162,"column":4},"end":{"line":162,"column":21}},"62":{"start":{"line":163,"column":4},"end":{"line":163,"column":16}},"63":{"start":{"line":165,"column":4},"end":{"line":165,"column":17}},"64":{"start":{"line":170,"column":2},"end":{"line":170,"column":34}},"65":{"start":{"line":174,"column":12},"end":{"line":174,"column":22}},"66":{"start":{"line":175,"column":15},"end":{"line":175,"column":30}},"67":{"start":{"line":176,"column":16},"end":{"line":176,"column":57}},"68":{"start":{"line":177,"column":14},"end":{"line":177,"column":50}},"69":{"start":{"line":178,"column":16},"end":{"line":178,"column":53}},"70":{"start":{"line":179,"column":15},"end":{"line":179,"column":54}},"71":{"start":{"line":180,"column":15},"end":{"line":180,"column":54}},"72":{"start":{"line":181,"column":2},"end":{"line":181,"column":60}},"73":{"start":{"line":185,"column":2},"end":{"line":185,"column":73}},"74":{"start":{"line":186,"column":2},"end":{"line":186,"column":74}},"75":{"start":{"line":190,"column":24},"end":{"line":190,"column":46}},"76":{"start":{"line":191,"column":2},"end":{"line":193,"column":3}},"77":{"start":{"line":192,"column":4},"end":{"line":192,"column":14}},"78":{"start":{"line":194,"column":2},"end":{"line":199,"column":3}},"79":{"start":{"line":195,"column":17},"end":{"line":195,"column":57}},"80":{"start":{"line":196,"column":4},"end":{"line":196,"column":34}},"81":{"start":{"line":198,"column":4},"end":{"line":198,"column":14}},"82":{"start":{"line":203,"column":2},"end":{"line":208,"column":3}},"83":{"start":{"line":204,"column":19},"end":{"line":204,"column":467}},"84":{"start":{"line":204,"column":133},"end":{"line":204,"column":175}},"85":{"start":{"line":204,"column":214},"end":{"line":204,"column":255}},"86":{"start":{"line":204,"column":294},"end":{"line":204,"column":335}},"87":{"start":{"line":204,"column":378},"end":{"line":204,"column":423}},"88":{"start":{"line":205,"column":4},"end":{"line":205,"column":26}},"89":{"start":{"line":207,"column":4},"end":{"line":207,"column":67}},"90":{"start":{"line":218,"column":6},"end":{"line":218,"column":13}},"91":{"start":{"line":219,"column":17},"end":{"line":219,"column":35}},"92":{"start":{"line":220,"column":32},"end":{"line":220,"column":54}},"93":{"start":{"line":222,"column":25},"end":{"line":222,"column":76}},"94":{"start":{"line":224,"column":24},"end":{"line":228,"column":3}},"95":{"start":{"line":230,"column":2},"end":{"line":244,"column":3}},"96":{"start":{"line":231,"column":4},"end":{"line":231,"column":23}},"97":{"start":{"line":232,"column":24},"end":{"line":232,"column":132}},"98":{"start":{"line":233,"column":4},"end":{"line":235,"column":5}},"99":{"start":{"line":234,"column":6},"end":{"line":234,"column":49}},"100":{"start":{"line":237,"column":4},"end":{"line":237,"column":24}},"101":{"start":{"line":238,"column":4},"end":{"line":243,"column":5}},"102":{"start":{"line":239,"column":24},"end":{"line":239,"column":128}},"103":{"start":{"line":240,"column":6},"end":{"line":242,"column":7}},"104":{"start":{"line":241,"column":8},"end":{"line":241,"column":49}},"105":{"start":{"line":246,"column":27},"end":{"line":248,"column":10}},"106":{"start":{"line":250,"column":18},"end":{"line":250,"column":54}},"107":{"start":{"line":252,"column":21},"end":{"line":252,"column":25}},"108":{"start":{"line":253,"column":2},"end":{"line":256,"column":3}},"109":{"start":{"line":254,"column":17},"end":{"line":254,"column":60}},"110":{"start":{"line":255,"column":4},"end":{"line":255,"column":36}},"111":{"start":{"line":258,"column":18},"end":{"line":260,"column":4}},"112":{"start":{"line":262,"column":2},"end":{"line":262,"column":34}},"113":{"start":{"line":263,"column":2},"end":{"line":263,"column":46}},"114":{"start":{"line":264,"column":2},"end":{"line":264,"column":30}},"115":{"start":{"line":266,"column":2},"end":{"line":266,"column":17}},"116":{"start":{"line":270,"column":2},"end":{"line":270,"column":23}},"117":{"start":{"line":270,"column":16},"end":{"line":270,"column":23}},"118":{"start":{"line":273,"column":2},"end":{"line":281,"column":3}},"119":{"start":{"line":274,"column":4},"end":{"line":280,"column":5}},"120":{"start":{"line":275,"column":6},"end":{"line":275,"column":95}},"121":{"start":{"line":276,"column":27},"end":{"line":276,"column":55}},"122":{"start":{"line":277,"column":6},"end":{"line":277,"column":98}},"123":{"start":{"line":283,"column":2},"end":{"line":283,"column":24}},"124":{"start":{"line":284,"column":2},"end":{"line":286,"column":3}},"125":{"start":{"line":285,"column":4},"end":{"line":285,"column":40}},"126":{"start":{"line":297,"column":6},"end":{"line":297,"column":13}},"127":{"start":{"line":299,"column":2},"end":{"line":299,"column":null}},"128":{"start":{"line":299,"column":17},"end":{"line":299,"column":null}},"129":{"start":{"line":300,"column":2},"end":{"line":300,"column":null}},"130":{"start":{"line":300,"column":15},"end":{"line":300,"column":null}},"131":{"start":{"line":301,"column":20},"end":{"line":301,"column":47}},"132":{"start":{"line":303,"column":2},"end":{"line":320,"column":3}},"133":{"start":{"line":304,"column":4},"end":{"line":308,"column":null}},"134":{"start":{"line":309,"column":4},"end":{"line":313,"column":null}},"135":{"start":{"line":314,"column":4},"end":{"line":319,"column":6}},"136":{"start":{"line":324,"column":2},"end":{"line":437,"column":null}},"137":{"start":{"line":325,"column":4},"end":{"line":331,"column":null}},"138":{"start":{"line":332,"column":20},"end":{"line":332,"column":52}},"139":{"start":{"line":333,"column":4},"end":{"line":333,"column":null}},"140":{"start":{"line":334,"column":17},"end":{"line":334,"column":40}},"141":{"start":{"line":335,"column":4},"end":{"line":335,"column":null}},"142":{"start":{"line":338,"column":4},"end":{"line":338,"column":47}},"143":{"start":{"line":341,"column":26},"end":{"line":341,"column":52}},"144":{"start":{"line":342,"column":25},"end":{"line":342,"column":53}},"145":{"start":{"line":344,"column":25},"end":{"line":344,"column":70}},"146":{"start":{"line":344,"column":65},"end":{"line":344,"column":69}},"147":{"start":{"line":345,"column":4},"end":{"line":349,"column":5}},"148":{"start":{"line":346,"column":6},"end":{"line":348,"column":8}},"149":{"start":{"line":351,"column":4},"end":{"line":351,"column":43}},"150":{"start":{"line":352,"column":4},"end":{"line":352,"column":35}},"151":{"start":{"line":355,"column":21},"end":{"line":355,"column":56}},"152":{"start":{"line":358,"column":22},"end":{"line":358,"column":36}},"153":{"start":{"line":359,"column":25},"end":{"line":362,"column":5}},"154":{"start":{"line":364,"column":28},"end":{"line":375,"column":1}},"155":{"start":{"line":377,"column":20},"end":{"line":377,"column":70}},"156":{"start":{"line":378,"column":4},"end":{"line":378,"column":84}},"157":{"start":{"line":379,"column":15},"end":{"line":379,"column":43}},"158":{"start":{"line":380,"column":4},"end":{"line":384,"column":5}},"159":{"start":{"line":381,"column":6},"end":{"line":381,"column":22}},"160":{"start":{"line":383,"column":6},"end":{"line":383,"column":23}},"161":{"start":{"line":386,"column":4},"end":{"line":391,"column":5}},"162":{"start":{"line":387,"column":6},"end":{"line":387,"column":45}},"163":{"start":{"line":389,"column":6},"end":{"line":389,"column":54}},"164":{"start":{"line":389,"column":48},"end":{"line":389,"column":52}},"165":{"start":{"line":390,"column":6},"end":{"line":390,"column":45}},"166":{"start":{"line":393,"column":4},"end":{"line":393,"column":40}},"167":{"start":{"line":395,"column":4},"end":{"line":404,"column":null}},"168":{"start":{"line":396,"column":6},"end":{"line":396,"column":null}},"169":{"start":{"line":398,"column":6},"end":{"line":403,"column":null}},"170":{"start":{"line":407,"column":25},"end":{"line":407,"column":53}},"171":{"start":{"line":408,"column":4},"end":{"line":408,"column":40}},"172":{"start":{"line":409,"column":4},"end":{"line":409,"column":null}},"173":{"start":{"line":411,"column":4},"end":{"line":416,"column":null}},"174":{"start":{"line":418,"column":4},"end":{"line":424,"column":null}},"175":{"start":{"line":426,"column":4},"end":{"line":431,"column":null}},"176":{"start":{"line":432,"column":4},"end":{"line":432,"column":null}},"177":{"start":{"line":434,"column":4},"end":{"line":436,"column":null}},"178":{"start":{"line":435,"column":6},"end":{"line":435,"column":null}},"179":{"start":{"line":441,"column":23},"end":{"line":441,"column":45}},"180":{"start":{"line":442,"column":2},"end":{"line":444,"column":3}},"181":{"start":{"line":443,"column":4},"end":{"line":443,"column":14}},"182":{"start":{"line":445,"column":2},"end":{"line":450,"column":3}},"183":{"start":{"line":446,"column":17},"end":{"line":446,"column":56}},"184":{"start":{"line":447,"column":4},"end":{"line":447,"column":34}},"185":{"start":{"line":449,"column":4},"end":{"line":449,"column":14}},"186":{"start":{"line":454,"column":23},"end":{"line":454,"column":51}},"187":{"start":{"line":455,"column":19},"end":{"line":455,"column":41}},"188":{"start":{"line":456,"column":2},"end":{"line":456,"column":24}},"189":{"start":{"line":456,"column":17},"end":{"line":456,"column":24}},"190":{"start":{"line":458,"column":18},"end":{"line":458,"column":39}},"191":{"start":{"line":459,"column":20},"end":{"line":459,"column":24}},"192":{"start":{"line":461,"column":2},"end":{"line":464,"column":3}},"193":{"start":{"line":462,"column":21},"end":{"line":462,"column":40}},"194":{"start":{"line":463,"column":4},"end":{"line":463,"column":66}},"195":{"start":{"line":463,"column":35},"end":{"line":463,"column":64}},"196":{"start":{"line":475,"column":6},"end":{"line":475,"column":13}},"197":{"start":{"line":477,"column":2},"end":{"line":477,"column":53}},"198":{"start":{"line":477,"column":15},"end":{"line":477,"column":53}},"199":{"start":{"line":478,"column":2},"end":{"line":478,"column":83}},"200":{"start":{"line":478,"column":30},"end":{"line":478,"column":83}},"201":{"start":{"line":480,"column":2},"end":{"line":487,"column":3}},"202":{"start":{"line":481,"column":4},"end":{"line":486,"column":6}},"203":{"start":{"line":489,"column":18},"end":{"line":489,"column":20}},"204":{"start":{"line":491,"column":2},"end":{"line":511,"column":3}},"205":{"start":{"line":493,"column":4},"end":{"line":493,"column":40}},"206":{"start":{"line":495,"column":4},"end":{"line":510,"column":5}},"207":{"start":{"line":496,"column":21},"end":{"line":503,"column":8}},"208":{"start":{"line":504,"column":6},"end":{"line":504,"column":27}},"209":{"start":{"line":506,"column":6},"end":{"line":509,"column":9}},"210":{"start":{"line":515,"column":20},"end":{"line":515,"column":34}},"211":{"start":{"line":516,"column":21},"end":{"line":516,"column":80}},"212":{"start":{"line":518,"column":22},"end":{"line":525,"column":1}},"213":{"start":{"line":527,"column":2},"end":{"line":543,"column":3}},"214":{"start":{"line":528,"column":4},"end":{"line":542,"column":5}},"215":{"start":{"line":529,"column":6},"end":{"line":535,"column":2}},"216":{"start":{"line":537,"column":6},"end":{"line":541,"column":2}},"217":{"start":{"line":545,"column":2},"end":{"line":545,"column":56}},"218":{"start":{"line":547,"column":2},"end":{"line":552,"column":4}},"219":{"start":{"line":556,"column":22},"end":{"line":556,"column":41}},"220":{"start":{"line":557,"column":2},"end":{"line":559,"column":3}},"221":{"start":{"line":558,"column":4},"end":{"line":558,"column":14}},"222":{"start":{"line":561,"column":2},"end":{"line":567,"column":3}},"223":{"start":{"line":562,"column":17},"end":{"line":562,"column":55}},"224":{"start":{"line":563,"column":20},"end":{"line":563,"column":42}},"225":{"start":{"line":564,"column":4},"end":{"line":564,"column":53}},"226":{"start":{"line":564,"column":30},"end":{"line":564,"column":51}},"227":{"start":{"line":566,"column":4},"end":{"line":566,"column":14}},"228":{"start":{"line":571,"column":20},"end":{"line":571,"column":61}},"229":{"start":{"line":571,"column":39},"end":{"line":571,"column":60}},"230":{"start":{"line":572,"column":22},"end":{"line":572,"column":41}},"231":{"start":{"line":573,"column":2},"end":{"line":573,"column":78}},"232":{"start":{"line":574,"column":2},"end":{"line":574,"column":78}},"233":{"start":{"line":578,"column":18},"end":{"line":578,"column":43}},"234":{"start":{"line":579,"column":13},"end":{"line":579,"column":32}},"235":{"start":{"line":580,"column":20},"end":{"line":580,"column":57}},"236":{"start":{"line":581,"column":2},"end":{"line":581,"column":26}},"237":{"start":{"line":582,"column":2},"end":{"line":582,"column":35}},"238":{"start":{"line":583,"column":2},"end":{"line":583,"column":19}},"239":{"start":{"line":587,"column":18},"end":{"line":587,"column":43}},"240":{"start":{"line":588,"column":16},"end":{"line":588,"column":48}},"241":{"start":{"line":588,"column":36},"end":{"line":588,"column":47}},"242":{"start":{"line":589,"column":2},"end":{"line":589,"column":57}},"243":{"start":{"line":589,"column":14},"end":{"line":589,"column":57}},"244":{"start":{"line":590,"column":2},"end":{"line":590,"column":15}},"245":{"start":{"line":594,"column":18},"end":{"line":594,"column":43}},"246":{"start":{"line":595,"column":16},"end":{"line":595,"column":53}},"247":{"start":{"line":595,"column":41},"end":{"line":595,"column":52}},"248":{"start":{"line":596,"column":2},"end":{"line":596,"column":63}},"249":{"start":{"line":596,"column":20},"end":{"line":596,"column":63}},"250":{"start":{"line":598,"column":18},"end":{"line":598,"column":51}},"251":{"start":{"line":599,"column":2},"end":{"line":599,"column":47}},"252":{"start":{"line":600,"column":2},"end":{"line":600,"column":35}},"253":{"start":{"line":601,"column":2},"end":{"line":601,"column":24}},"254":{"start":{"line":605,"column":18},"end":{"line":605,"column":43}},"255":{"start":{"line":606,"column":16},"end":{"line":606,"column":53}},"256":{"start":{"line":606,"column":41},"end":{"line":606,"column":52}},"257":{"start":{"line":607,"column":2},"end":{"line":607,"column":63}},"258":{"start":{"line":607,"column":20},"end":{"line":607,"column":63}},"259":{"start":{"line":609,"column":20},"end":{"line":609,"column":44}},"260":{"start":{"line":610,"column":2},"end":{"line":610,"column":35}},"261":{"start":{"line":611,"column":2},"end":{"line":611,"column":17}},"262":{"start":{"line":615,"column":65},"end":{"line":615,"column":72}},"263":{"start":{"line":617,"column":17},"end":{"line":617,"column":43}},"264":{"start":{"line":618,"column":13},"end":{"line":618,"column":28}},"265":{"start":{"line":621,"column":2},"end":{"line":623,"column":3}},"266":{"start":{"line":622,"column":4},"end":{"line":622,"column":70}},"267":{"start":{"line":626,"column":18},"end":{"line":626,"column":23}},"268":{"start":{"line":627,"column":2},"end":{"line":627,"column":54}},"269":{"start":{"line":630,"column":2},"end":{"line":634,"column":5}},"270":{"start":{"line":638,"column":66},"end":{"line":638,"column":73}},"271":{"start":{"line":640,"column":2},"end":{"line":640,"column":57}},"272":{"start":{"line":640,"column":17},"end":{"line":640,"column":57}},"273":{"start":{"line":642,"column":18},"end":{"line":642,"column":50}},"274":{"start":{"line":643,"column":18},"end":{"line":648,"column":4}},"275":{"start":{"line":650,"column":2},"end":{"line":699,"column":3}},"276":{"start":{"line":651,"column":17},"end":{"line":651,"column":40}},"277":{"start":{"line":652,"column":4},"end":{"line":652,"column":null}},"278":{"start":{"line":653,"column":4},"end":{"line":657,"column":null}},"279":{"start":{"line":659,"column":4},"end":{"line":659,"column":null}},"280":{"start":{"line":660,"column":4},"end":{"line":660,"column":43}},"281":{"start":{"line":661,"column":4},"end":{"line":661,"column":45}},"282":{"start":{"line":662,"column":4},"end":{"line":662,"column":84}},"283":{"start":{"line":664,"column":26},"end":{"line":666,"column":6}},"284":{"start":{"line":665,"column":6},"end":{"line":665,"column":58}},"285":{"start":{"line":668,"column":15},"end":{"line":668,"column":89}},"286":{"start":{"line":669,"column":25},"end":{"line":671,"column":6}},"287":{"start":{"line":670,"column":6},"end":{"line":670,"column":17}},"288":{"start":{"line":673,"column":4},"end":{"line":673,"column":54}},"289":{"start":{"line":674,"column":4},"end":{"line":674,"column":15}},"290":{"start":{"line":676,"column":4},"end":{"line":678,"column":5}},"291":{"start":{"line":677,"column":6},"end":{"line":677,"column":42}},"292":{"start":{"line":680,"column":4},"end":{"line":680,"column":null}},"293":{"start":{"line":681,"column":4},"end":{"line":681,"column":null}},"294":{"start":{"line":683,"column":4},"end":{"line":686,"column":null}},"295":{"start":{"line":688,"column":4},"end":{"line":693,"column":null}},"296":{"start":{"line":694,"column":4},"end":{"line":694,"column":null}},"297":{"start":{"line":696,"column":4},"end":{"line":698,"column":14}},"298":{"start":{"line":697,"column":6},"end":{"line":697,"column":34}},"299":{"start":{"line":703,"column":42},"end":{"line":703,"column":49}},"300":{"start":{"line":704,"column":23},"end":{"line":704,"column":44}},"301":{"start":{"line":706,"column":2},"end":{"line":708,"column":3}},"302":{"start":{"line":707,"column":4},"end":{"line":707,"column":14}},"303":{"start":{"line":710,"column":14},"end":{"line":710,"column":44}},"304":{"start":{"line":712,"column":2},"end":{"line":714,"column":3}},"305":{"start":{"line":713,"column":4},"end":{"line":713,"column":63}},"306":{"start":{"line":713,"column":32},"end":{"line":713,"column":61}},"307":{"start":{"line":717,"column":2},"end":{"line":719,"column":3}},"308":{"start":{"line":718,"column":4},"end":{"line":718,"column":60}},"309":{"start":{"line":718,"column":32},"end":{"line":718,"column":58}},"310":{"start":{"line":722,"column":2},"end":{"line":722,"column":25}},"311":{"start":{"line":724,"column":2},"end":{"line":726,"column":3}},"312":{"start":{"line":725,"column":4},"end":{"line":725,"column":34}},"313":{"start":{"line":728,"column":13},"end":{"line":728,"column":31}},"314":{"start":{"line":729,"column"
[...]
":49}}],"line":245}},"s":{"0":4,"1":4,"2":4,"3":4,"4":5,"5":3,"6":1,"7":1,"8":1,"9":1,"10":1,"11":1,"12":1,"13":0,"14":0,"15":0,"16":0,"17":0,"18":0,"19":0,"20":0,"21":0,"22":0,"23":0,"24":0,"25":0,"26":0,"27":0,"28":1,"29":1,"30":1,"31":1,"32":1,"33":2,"34":0,"35":1,"36":1,"37":1,"38":1,"39":0,"40":1,"41":1,"42":3,"43":3,"44":3,"45":3,"46":2,"47":2,"48":1,"49":3,"50":1,"51":2,"52":2,"53":1,"54":1,"55":2,"56":2,"57":0,"58":0,"59":0,"60":0,"61":0,"62":2,"63":2,"64":2,"65":1,"66":1,"67":2,"68":2,"69":1,"70":0,"71":1,"72":1,"73":0,"74":0,"75":1,"76":1,"77":1,"78":1,"79":1,"80":1,"81":1,"82":1,"83":1,"84":1,"85":0,"86":1,"87":1,"88":0,"89":0,"90":0,"91":0,"92":0,"93":0,"94":0,"95":0,"96":0,"97":0,"98":0,"99":0,"100":0,"101":0,"102":0,"103":0,"104":0,"105":0,"106":0,"107":0,"108":0,"109":0,"110":0,"111":0,"112":0,"113":0,"114":0,"115":0,"116":0},"f":{"0":5,"1":3,"2":1,"3":0,"4":0,"5":0,"6":0,"7":1,"8":2,"9":0,"10":3,"11":2,"12":2,"13":1,"14":1,"15":0,"16":0,"17":0,"18":0},"b":{"0":[5,1],"1":[0,0],"2":[0,0],"3":[0,0],"4":[1],"5":[1,0],"6":[1,0],"7":[0,0],"8":[1,0],"9":[0,0],"10":[3],"11":[3],"12":[1,2],"13":[2],"14":[2],"15":[0,2],"16":[0,0],"17":[0,0],"18":[0,0],"19":[1,1],"20":[2,2],"21":[1,0],"22":[1,1],"23":[0,0],"24":[1,0],"25":[0,1],"26":[1,0],"27":[1],"28":[1],"29":[1,0],"30":[1,0],"31":[1,0],"32":[1,0],"33":[0,0],"34":[0,0],"35":[0],"36":[0],"37":[0,0],"38":[0,0],"39":[0,0],"40":[0,0],"41":[0,0],"42":[0]},"meta":{"lastBranch":43,"lastFunction":19,"lastStatement":117,"seen":{"s:1:22:1:66":0,"s:17:11:17:37":1,"s:19:30:30:1":2,"s:32:37:35:1":3,"f:37:16:37:26":0,"s:38:2:38:Infinity":4,"b:38:9:38:16:38:20:38:62":0,"f:41:9:41:17":1,"s:42:2:42:Infinity":5,"f:45:15:45:21":2,"s:46:15:46:42":6,"s:47:17:47:45":7,"s:48:2:52:Infinity":8,"s:49:4:49:Infinity":9,"s:49:57:49:Infinity":10,"s:51:4:51:Infinity":11,"s:53:2:53:Infinity":12,"f:56:9:56:17":3,"s:57:2:74:Infinity":13,"f:57:21:57:22":4,"s:58:20:72:6":14,"f:58:35:58:36":5,"b:59:6:63:Infinity:undefined:undefined:undefined:undefined":1,"s:59:6:63:Infinity":15,"b:59:10:59:65:59:69:59:94":2,"s:60:8:60:Infinity":16,"s:61:8:61:Infinity":17,"s:62:8:62:Infinity":18,"b:64:6:67:Infinity:undefined:undefined:undefined:undefined":3,"s:64:6:67:Infinity":19,"s:65:8:65:Infinity":20,"s:66:8:66:Infinity":21,"s:68:21:68:70":22,"s:69:6:69:Infinity":23,"s:70:6:70:Infinity":24,"f:70:26:70:27":6,"s:70:32:70:53":25,"s:71:6:71:Infinity":26,"s:73:4:73:Infinity":27,"f:77:22:77:34":7,"b:77:49:77:51":4,"s:78:14:78:31":28,"s:79:19:79:21":29,"s:80:2:85:Infinity":30,"s:81:18:81:39":31,"s:82:4:82:Infinity":32,"f:82:30:82:31":8,"s:82:40:82:62":33,"s:84:4:84:Infinity":34,"s:87:21:87:23":35,"s:88:26:88:51":36,"b:89:2:91:Infinity:undefined:undefined:undefined:undefined":5,"s:89:2:91:Infinity":37,"s:90:4:90:Infinity":38,"f:90:50:90:51":9,"s:90:56:90:58":39,"s:93:17:93:49":40,"s:94:2:105:Infinity":41,"b:99:10:99:Infinity:100:10:102:14":6,"b:101:10:101:Infinity:102:10:102:14":7,"b:103:38:103:54:103:57:103:98":8,"b:103:83:103:91:103:94:103:98":9,"f:108:22:108:39":10,"b:108:84:108:86":10,"b:108:58:108:79":11,"s:109:19:109:71":42,"s:110:15:110:17":43,"s:112:2:117:Infinity":44,"s:113:18:113:44":45,"s:114:4:114:Infinity":46,"f:114:26:114:27":11,"s:114:36:114:58":47,"s:116:4:116:Infinity":48,"b:119:2:121:Infinity:undefined:undefined:undefined:undefined":12,"s:119:2:121:Infinity":49,"s:120:4:120:Infinity":50,"s:123:2:127:Infinity":51,"s:124:4:124:Infinity":52,"s:126:4:126:Infinity":53,"s:129:2:129:Infinity":54,"f:132:22:132:32":12,"b:132:74:132:76":13,"b:132:43:132:49":14,"s:133:19:133:54":55,"b:134:2:143:Infinity:undefined:undefined:undefined:undefined":15,"s:134:2:143:Infinity":56,"s:135:27:137:66":57,"b:136:8:136:Infinity:137:8:137:66":16,"b:137:8:137:36:137:40:137:66":17,"b:138:4:140:Infinity:undefined:undefined:undefined:undefined":18,"s:138:4:140:Infinity":58,"s:139:6:139:Infinity":59,"s:141:4:141:Infinity":60,"s:142:4:142:Infinity":61,"s:145:14:145:31":62,"s:146:2:146:Infinity":63,"b:147:2:149:Infinity:undefined:undefined:undefined:undefined":19,"s:147:2:149:Infinity":64,"b:147:6:147:24:147:28:147:38":20,"s:148:4:148:Infinity":65,"s:151:4:153:52":66,"b:152:8:152:Infinity:153:8:153:52":21,"b:151:4:151:22:151:26:151:Infinity":22,"b:153:8:153:29:153:33:153:52":23,"s:154:17:154:46":67,"b:156:2:160:Infinity:158:9:160:Infinity":24,"s:156:2:160:Infinity":68,"s:157:4:157:Infinity":69,"s:159:4:159:Infinity":70,"s:162:17:162:37":71,"b:163:2:166:Infinity:undefined:undefined:undefined:undefined":25,"s:163:2:166:Infinity":72,"b:163:6:163:21:163:25:163:51":26,"s:164:4:164:Infinity":73,"s:165:4:165:Infinity":74,"s:168:20:168:73":75,"s:169:19:169:64":76,"s:170:2:170:Infinity":77,"f:173:22:173:33":13,"b:173:77:173:79":27,"s:174:20:174:65":78,"s:175:2:175:Infinity":79,"f:178:22:178:37":14,"b:178:48:178:50":28,"s:179:24:179:56":80,"b:179:24:179:42:179:46:179:56":29,"s:180:2:180:Infinity":81,"b:180:60:180:78:180:82:180:86":30,"s:181:2:196:Infinity":82,"s:182:21:182:50":83,"s:183:19:185:50":84,"b:184:8:184:Infinity:185:8:185:50":31,"s:186:25:186:93":85,"b:186:49:186:62:186:65:186:93":32,"b:186:65:186:88:186:92:186:93":33,"s:187:4:187:Infinity":86,"s:188:4:188:Infinity":87,"s:190:4:194:Infinity":88,"b:193:12:193:21:193:25:193:Infinity":34,"s:195:4:195:Infinity":89,"f:199:22:199:32":15,"b:199:43:199:45":35,"s:200:18:200:45":90,"s:201:2:201:Infinity":91,"f:204:22:204:35":16,"b:204:65:204:67":36,"s:205:24:205:44":92,"b:205:24:205:31:205:35:205:44":37,"s:206:2:206:Infinity":93,"b:206:71:206:84:206:88:206:92":38,"s:207:13:207:42":94,"s:208:15:208:20":95,"s:209:2:242:Infinity":96,"s:210:4:210:Infinity":97,"s:211:4:211:Infinity":98,"s:212:20:212:65":99,"s:213:19:213:20":100,"s:214:20:214:55":101,"s:215:4:227:Infinity":102,"s:216:6:216:Infinity":103,"s:217:6:226:Infinity":104,"b:217:28:217:46:217:50:217:52":39,"s:218:8:224:Infinity":105,"s:225:8:225:Infinity":106,"s:228:19:228:57":107,"s:229:4:229:Infinity":108,"s:230:4:230:Infinity":109,"s:232:4:236:Infinity":110,"b:235:12:235:21:235:25:235:Infinity":40,"s:237:4:237:Infinity":111,"b:239:4:241:Infinity:undefined:undefined:undefined:undefined":41,"s:239:4:241:Infinity":112,"s:240:6:240:Infinity":113,"f:245:22:245:36":17,"b:245:47:245:49":42,"s:246:20:246:48":114,"s:247:2:247:Infinity":115,"f:250:16:250:26":18,"s:251:2:251:Infinity":116}}}
,"C:\\SW Development\\VS Code Agent\\Solution\\src\\secret-store.js": {"path":"C:\\SW Development\\VS Code Agent\\Solution\\src\\secret-store.js","statementMap":{"0":{"start":{"line":8,"column":16},"end":{"line":8,"column":52}},"1":{"start":{"line":12,"column":4},"end":{"line":12,"column":null}},"2":{"start":{"line":16,"column":4},"end":{"line":16,"column":null}},"3":{"start":{"line":20,"column":4},"end":{"line":26,"column":null}},"4":{"start":{"line":21,"column":18},"end":{"line":21,"column":58}},"5":{"start":{"line":22,"column":6},"end":{"line":22,"column":null}},"6":{"start":{"line":22,"column":23},"end":{"line":22,"column":null}},"7":{"start":{"line":23,"column":6},"end":{"line":23,"column":null}},"8":{"start":{"line":25,"column":6},"end":{"line":25,"column":null}},"9":{"start":{"line":30,"column":4},"end":{"line":30,"column":null}},"10":{"start":{"line":31,"column":20},"end":{"line":31,"column":71}},"11":{"start":{"line":32,"column":4},"end":{"line":34,"column":null}},"12":{"start":{"line":35,"column":4},"end":{"line":42,"column":null}},"13":{"start":{"line":36,"column":6},"end":{"line":36,"column":null}},"14":{"start":{"line":38,"column":6},"end":{"line":40,"column":null}},"15":{"start":{"line":39,"column":8},"end":{"line":39,"column":null}},"16":{"start":{"line":41,"column":6},"end":{"line":41,"column":null}},"17":{"start":{"line":43,"column":4},"end":{"line":45,"column":null}},"18":{"start":{"line":44,"column":6},"end":{"line":44,"column":null}},"19":{"start":{"line":49,"column":17},"end":{"line":49,"column":34}},"20":{"start":{"line":50,"column":4},"end":{"line":50,"column":null}},"21":{"start":{"line":51,"column":4},"end":{"line":51,"column":null}},"22":{"start":{"line":55,"column":17},"end":{"line":55,"column":34}},"23":{"start":{"line":56,"column":4},"end":{"line":56,"column":null}},"24":{"start":{"line":60,"column":17},"end":{"line":60,"column":34}},"25":{"start":{"line":61,"column":16},"end":{"line":61,"column":44}},"26":{"start":{"line":62,"column":20},"end":{"line":62,"column":67}},"27":{"start":{"line":63,"column":4},"end":{"line":63,"column":null}},"28":{"start":{"line":64,"column":4},"end":{"line":64,"column":null}},"29":{"start":{"line":65,"column":4},"end":{"line":65,"column":null}},"30":{"start":{"line":71,"column":4},"end":{"line":71,"column":null}},"31":{"start":{"line":72,"column":4},"end":{"line":72,"column":null}},"32":{"start":{"line":73,"column":4},"end":{"line":73,"column":null}},"33":{"start":{"line":77,"column":4},"end":{"line":77,"column":null}},"34":{"start":{"line":77,"column":22},"end":{"line":77,"column":null}},"35":{"start":{"line":78,"column":4},"end":{"line":84,"column":null}},"36":{"start":{"line":79,"column":21},"end":{"line":79,"column":81}},"37":{"start":{"line":80,"column":6},"end":{"line":80,"column":null}},"38":{"start":{"line":82,"column":6},"end":{"line":82,"column":null}},"39":{"start":{"line":83,"column":6},"end":{"line":83,"column":null}},"40":{"start":{"line":85,"column":4},"end":{"line":85,"column":null}},"41":{"start":{"line":89,"column":4},"end":{"line":89,"column":null}},"42":{"start":{"line":90,"column":4},"end":{"line":90,"column":null}},"43":{"start":{"line":91,"column":4},"end":{"line":91,"column":null}},"44":{"start":{"line":95,"column":20},"end":{"line":95,"column":47}},"45":{"start":{"line":96,"column":4},"end":{"line":100,"column":null}},"46":{"start":{"line":97,"column":6},"end":{"line":97,"column":null}},"47":{"start":{"line":99,"column":6},"end":{"line":99,"column":null}},"48":{"start":{"line":104,"column":20},"end":{"line":104,"column":47}},"49":{"start":{"line":105,"column":4},"end":{"line":109,"column":null}},"50":{"start":{"line":106,"column":6},"end":{"line":106,"column":null}},"51":{"start":{"line":108,"column":6},"end":{"line":108,"column":null}},"52":{"start":{"line":113,"column":20},"end":{"line":113,"column":47}},"53":{"start":{"line":114,"column":4},"end":{"line":118,"column":null}},"54":{"start":{"line":115,"column":6},"end":{"line":115,"column":null}},"55":{"start":{"line":117,"column":6},"end":{"line":117,"column":null}},"56":{"start":{"line":122,"column":18},"end":{"line":122,"column":49}},"57":{"start":{"line":123,"column":21},"end":{"line":123,"column":39}},"58":{"start":{"line":124,"column":19},"end":{"line":124,"column":20}},"59":{"start":{"line":125,"column":4},"end":{"line":131,"column":null}},"60":{"start":{"line":126,"column":6},"end":{"line":130,"column":null}},"61":{"start":{"line":127,"column":8},"end":{"line":127,"column":null}},"62":{"start":{"line":128,"column":8},"end":{"line":128,"column":null}},"63":{"start":{"line":129,"column":8},"end":{"line":129,"column":null}},"64":{"start":{"line":132,"column":4},"end":{"line":132,"column":null}},"65":{"start":{"line":137,"column":2},"end":{"line":137,"column":null}},"66":{"start":{"line":142,"column":16},"end":{"line":142,"column":33}},"67":{"start":{"line":143,"column":2},"end":{"line":143,"column":57}},"68":{"start":{"line":147,"column":16},"end":{"line":147,"column":33}},"69":{"start":{"line":148,"column":2},"end":{"line":148,"column":57}}},"fnMap":{"0":{"name":"(anonymous_0)","decl":{"start":{"line":11,"column":2},"end":{"line":11,"column":13}},"loc":{"start":{"line":11,"column":24},"end":{"line":13,"column":null}},"line":11},"1":{"name":"(anonymous_1)","decl":{"start":{"line":15,"column":2},"end":{"line":15,"column":5}},"loc":{"start":{"line":15,"column":26},"end":{"line":17,"column":null}},"line":15},"2":{"name":"(anonymous_2)","decl":{"start":{"line":19,"column":8},"end":{"line":19,"column":12}},"loc":{"start":{"line":19,"column":15},"end":{"line":27,"column":null}},"line":19},"3":{"name":"(anonymous_3)","decl":{"start":{"line":29,"column":8},"end":{"line":29,"column":12}},"loc":{"start":{"line":29,"column":19},"end":{"line":46,"column":null}},"line":29},"4":{"name":"(anonymous_4)","decl":{"start":{"line":48,"column":8},"end":{"line":48,"column":19}},"loc":{"start":{"line":48,"column":46},"end":{"line":52,"column":null}},"line":48},"5":{"name":"(anonymous_5)","decl":{"start":{"line":54,"column":8},"end":{"line":54,"column":19}},"loc":{"start":{"line":54,"column":40},"end":{"line":57,"column":null}},"line":54},"6":{"name":"(anonymous_6)","decl":{"start":{"line":59,"column":8},"end":{"line":59,"column":22}},"loc":{"start":{"line":59,"column":43},"end":{"line":66,"column":null}},"line":59},"7":{"name":"(anonymous_7)","decl":{"start":{"line":70,"column":2},"end":{"line":70,"column":13}},"loc":{"start":{"line":70,"column":46},"end":{"line":74,"column":null}},"line":70},"8":{"name":"(anonymous_8)","decl":{"start":{"line":76,"column":8},"end":{"line":76,"column":22}},"loc":{"start":{"line":76,"column":25},"end":{"line":86,"column":null}},"line":76},"9":{"name":"(anonymous_9)","decl":{"start":{"line":88,"column":2},"end":{"line":88,"column":18}},"loc":{"start":{"line":88,"column":21},"end":{"line":92,"column":null}},"line":88},"10":{"name":"(anonymous_10)","decl":{"start":{"line":94,"column":8},"end":{"line":94,"column":11}},"loc":{"start":{"line":94,"column":29},"end":{"line":101,"column":null}},"line":94},"11":{"name":"(anonymous_11)","decl":{"start":{"line":103,"column":8},"end":{"line":103,"column":11}},"loc":{"start":{"line":103,"column":23},"end":{"line":110,"column":null}},"line":103},"12":{"name":"(anonymous_12)","decl":{"start":{"line":112,"column":8},"end":{"line":112,"column":14}},"loc":{"start":{"line":112,"column":26},"end":{"line":119,"column":null}},"line":112},"13":{"name":"(anonymous_13)","decl":{"start":{"line":121,"column":8},"end":{"line":121,"column":21}},"loc":{"start":{"line":121,"column":42},"end":{"line":133,"column":null}},"line":121},"14":{"name":"defaultProgressPath","decl":{"start":{"line":136,"column":16},"end":{"line":136,"column":35}},"loc":{"start":{"line":136,"column":38},"end":{"line":138,"column":null}},"line":136},"15":{"name":"getSupervisorCredentials","decl":{"start":{"line":141,"column":22},"end":{"line":141,"column":46}},"loc":{"start":{"line":141,"column":69},"end":{"line":144,"column":1}},"line":141},"16":{"name":"setSupervisorCredentials","decl":{"start":{"line":146,"column":22},"end":{"line":146,"column":46}},"loc":{"start":{"line":146,"column":76},"end":{"line":149,"column":null}},"line":146}},"branchMap":{"0":{"loc":{"start":{"line":22,"column":6},"end":{"line":22,"column":null}},"type":"if","locations":[{"start":{"line":22,"column":6},"end":{"line":22,"column":null}},{"start":{},"end":{}}],"line":22},"1":{"loc":{"start":{"line":56,"column":11},"end":{"line":56,"column":53}},"type":"binary-expr","locations":[{"start":{"line":56,"column":11},"end":{"line":56,"column":45}},{"start":{"line":56,"column":49},"end":{"line":56,"column":53}}],"line":56},"2":{"loc":{"start":{"line":70,"column":14},"end":{"line":70,"column":44}},"type":"default-arg","locations":[{"start":{"line":70,"column":42},"end":{"line":70,"column":44}}],"line":70},"3":{"loc":{"start":{"line":71,"column":19},"end":{"line":71,"column":34}},"type":"binary-expr","locations":[{"start":{"line":71,"column":19},"end":{"line":71,"column":26}},{"start":{"line":71,"column":30},"end":{"line":71,"column":34}}],"line":71},"4":{"loc":{"start":{"line":72,"column":24},"end":{"line":72,"column":97}},"type":"binary-expr","locations":[{"start":{"line":72,"column":24},"end":{"line":72,"column":36}},{"start":{"line":72,"column":40},"end":{"line":72,"column":97}}],"line":72},"5":{"loc":{"start":{"line":77,"column":4},"end":{"line":77,"column":null}},"type":"if","locations":[{"start":{"line":77,"column":4},"end":{"line":77,"column":null}},{"start":{},"end":{}}],"line":77},"6":{"loc":{"start":{"line":121,"column":22},"end":{"line":121,"column":40}},"type":"default-arg","locations":[{"start":{"line":121,"column":38},"end":{"line":121,"column":40}}],"line":121},"7":{"loc":{"start":{"line":126,"column":6},"end":{"line":130,"column":null}},"type":"if","locations":[{"start":{"line":126,"column":6},"end":{"line":130,"column":null}},{"start":{},"end":{}}],"line":126},"8":{"loc":{"start":{"line":126,"column":10},"end":{"line":126,"column":71}},"type":"binary-expr","locations":[{"start":{"line":126,"column":10},"end":{"line":126,"column":43}},{"start":{"line":126,"column":47},"end":{"line":126,"column":71}}],"line":126},"9":{"loc":{"start":{"line":141,"column":47},"end":{"line":141,"column":67}},"type":"default-arg","locations":[{"start":{"line":141,"column":58},"end":{"line":141,"column":67}}],"line":141},"10":{"loc":{"start":{"line":146,"column":47},"end":{"line":146,"column":67}},"type":"default-arg","locations":[{"start":{"line":146,"column":58},"end":{"line":146,"column":67}}],"line":146}},"s":{"0":5,"1":1,"2":3,"3":3,"4":3,"5":2,"6":0,"7":2,"8":1,"9":2,"10":2,"11":2,"12":2,"13":2,"14":0,"15":0,"16":0,"17":2,"18":2,"19":1,"20":1,"21":1,"22":1,"23":1,"24":1,"25":1,"26":1,"27":1,"28":1,"29":1,"30":5,"31":5,"32":5,"33":16,"34":12,"35":4,"36":4,"37":4,"38":0,"39":0,"40":4,"41":1,"42":1,"43":1,"44":5,"45":5,"46":5,"47":1,"48":8,"49":8,"50":8,"51":0,"52":3,"53":3,"54":3,"55":0,"56":1,"57":1,"58":1,"59":1,"60":1,"61":1,"62":1,"63":1,"64":1,"65":1,"66":0,"67":0,"68":0,"69":0},"f":{"0":1,"1":3,"2":3,"3":2,"4":1,"5":1,"6":1,"7":5,"8":16,"9":1,"10":5,"11":8,"12":3,"13":1,"14":1,"15":0,"16":0},"b":{"0":[0,2],"1":[1,0],"2":[5],"3":[5,4],"4":[5,1],"5":[12,4],"6":[1],"7":[1,0],"8":[1,1],"9":[0],"10":[0]},"meta":{"lastBranch":11,"lastFunction":17,"lastStatement":70,"seen":{"s:8:16:8:52":0,"f:11:2:11:13":0,"s:12:4:12:Infinity":1,"f:15:2:15:5":1,"s:16:4:16:Infinity":2,"f:19:8:19:12":2,"s:20:4:26:Infinity":3,"s:21:18:21:58":4,"b:22:6:22:Infinity:undefined:undefined:undefined:undefined":0,"s:22:6:22:Infinity":5,"s:22:23:22:Infinity":6,"s:23:6:23:Infinity":7,"s:25:6:25:Infinity":8,"f:29:8:29:12":3,"s:30:4:30:Infinity":9,"s:31:20:31:71":10,"s:32:4:34:Infinity":11,"s:35:4:42:Infinity":12,"s:36:6:36:Infinity":13,"s:38:6:40:Infinity":14,"s:39:8:39:Infinity":15,"s:41:6:41:Infinity":16,"s:43:4:45:Infinity":17,"s:44:6:44:Infinity":18,"f:48:8:48:19":4,"s:49:17:49:34":19,"s:50:4:50:Infinity":20,"s:51:4:51:Infinity":21,"f:54:8:54:19":5,"s:55:17:55:34":22,"s:56:4:56:Infinity":23,"b:56:11:56:45:56:49:56:53":1,"f:59:8:59:22":6,"s:60:17:60:34":24,"s:61:16:61:44":25,"s:62:20:62:67":26,"s:63:4:63:Infinity":27,"s:64:4:64:Infinity":28,"s:65:4:65:Infinity":29,"f:70:2:70:13":7,"b:70:42:70:44":2,"s:71:4:71:Infinity":30,"b:71:19:71:26:71:30:71:34":3,"s:72:4:72:Infinity":31,"b:72:24:72:36:72:40:72:97":4,"s:73:4:73:Infinity":32,"f:76:8:76:22":8,"b:77:4:77:Infinity:undefined:undefined:undefined:undefined":5,"s:77:4:77:Infinity":33,"s:77:22:77:Infinity":34,"s:78:4:84:Infinity":35,"s:79:21:79:81":36,"s:80:6:80:Infinity":37,"s:82:6:82:Infinity":38,"s:83:6:83:Infinity":39,"s:85:4:85:Infinity":40,"f:88:2:88:18":9,"s:89:4:89:Infinity":41,"s:90:4:90:Infinity":42,"s:91:4:91:Infinity":43,"f:94:8:94:11":10,"s:95:20:95:47":44,"s:96:4:100:Infinity":45,"s:97:6:97:Infinity":46,"s:99:6:99:Infinity":47,"f:103:8:103:11":11,"s:104:20:104:47":48,"s:105:4:109:Infinity":49,"s:106:6:106:Infinity":50,"s:108:6:108:Infinity":51,"f:112:8:112:14":12,"s:113:20:113:47":52,"s:114:4:118:Infinity":53,"s:115:6:115:Infinity":54,"s:117:6:117:Infinity":55,"f:121:8:121:21":13,"b:121:38:121:40":6,"s:122:18:122:49":56,"s:123:21:123:39":57,"s:124:19:124:20":58,"s:125:4:131:Infinity":59,"b:126:6:130:Infinity:undefined:undefined:undefined:undefined":7,"s:126:6:130:Infinity":60,"b:126:10:126:43:126:47:126:71":8,"s:127:8:127:Infinity":61,"s:128:8:128:Infinity":62,"s:129:8:129:Infinity":63,"s:132:4:132:Infinity":64,"f:136:16:136:35":14,"s:137:2:137:Infinity":65,"f:141:22:141:46":15,"b:141:58:141:67":9,"s:142:16:142:33":66,"s:143:2:143:57":67,"f:146:22:146:46":16,"b:146:58:146:67":10,"s:147:16:147:33":68,"s:148:2:148:57":69}}}
}
