TN:
SF:src\agent-handoff.js
FN:40,formatValidationError
FN:43,(anonymous_1)
FN:49,createSprintInvalidError
FN:57,parseSprintOrThrowDomainError
FN:68,sprintRoot
FN:72,sprintFileName
FN:77,ensureSprintDirectory
FN:83,quarantineSprintFile
FN:92,findSprintFilePath
FN:95,(anonymous_9)
FN:106,buildResumePrompt
FN:108,(anonymous_11)
FN:113,(anonymous_12)
FN:114,(anonymous_13)
FN:118,(anonymous_14)
FN:122,(anonymous_15)
FN:125,(anonymous_16)
FN:147,normalizeStatus
FN:155,normalizeAgent
FN:163,saveSprint
FN:171,loadSprint
FN:173,(anonymous_21)
FN:199,listSprints
FN:224,(anonymous_23)
FN:227,createSprint
FN:271,setTokenBudget
FN:294,updateSprint
FN:318,addPendingTask
FN:345,completeTask
FN:349,(anonymous_29)
FN:373,addBlocker
FN:397,closeSprint
FN:421,getActiveSprint
FN:423,(anonymous_33)
FN:426,loadLatestSprintManifest
FN:430,(anonymous_35)
FN:431,(anonymous_36)
FN:439,(anonymous_37)
FN:455,mapSprintManifestToSnapshot
FN:458,(anonymous_39)
FN:467,(anonymous_40)
FN:483,mapSprintManifestToHandoff
FN:486,(anonymous_42)
FN:489,(anonymous_43)
FNF:44
FNH:32
FNDA:1,formatValidationError
FNDA:1,(anonymous_1)
FNDA:1,createSprintInvalidError
FNDA:24,parseSprintOrThrowDomainError
FNDA:28,sprintRoot
FNDA:12,sprintFileName
FNDA:28,ensureSprintDirectory
FNDA:2,quarantineSprintFile
FNDA:11,findSprintFilePath
FNDA:11,(anonymous_9)
FNDA:3,buildResumePrompt
FNDA:1,(anonymous_11)
FNDA:0,(anonymous_12)
FNDA:0,(anonymous_13)
FNDA:1,(anonymous_14)
FNDA:0,(anonymous_15)
FNDA:0,(anonymous_16)
FNDA:6,normalizeStatus
FNDA:4,normalizeAgent
FNDA:13,saveSprint
FNDA:11,loadSprint
FNDA:0,(anonymous_21)
FNDA:3,listSprints
FNDA:0,(anonymous_23)
FNDA:4,createSprint
FNDA:2,setTokenBudget
FNDA:0,updateSprint
FNDA:1,addPendingTask
FNDA:1,completeTask
FNDA:1,(anonymous_29)
FNDA:1,addBlocker
FNDA:2,closeSprint
FNDA:1,getActiveSprint
FNDA:1,(anonymous_33)
FNDA:2,loadLatestSprintManifest
FNDA:2,(anonymous_35)
FNDA:2,(anonymous_36)
FNDA:0,(anonymous_37)
FNDA:2,mapSprintManifestToSnapshot
FNDA:0,(anonymous_39)
FNDA:0,(anonymous_40)
FNDA:2,mapSprintManifestToHandoff
FNDA:0,(anonymous_42)
FNDA:0,(anonymous_43)
DA:10,11
DA:12,11
DA:13,11
DA:14,11
DA:16,11
DA:22,11
DA:28,11
DA:33,11
DA:38,11
DA:41,1
DA:42,1
DA:43,1
DA:46,0
DA:50,1
DA:51,1
DA:58,24
DA:59,24
DA:61,1
DA:62,0
DA:64,1
DA:69,28
DA:73,12
DA:74,12
DA:78,28
DA:79,28
DA:80,28
DA:84,2
DA:85,2
DA:86,2
DA:87,2
DA:88,2
DA:93,11
DA:94,11
DA:95,11
DA:96,11
DA:97,0
DA:103,11
DA:107,3
DA:108,1
DA:110,3
DA:113,0
DA:114,0
DA:117,3
DA:118,1
DA:120,3
DA:121,3
DA:122,0
DA:124,3
DA:125,0
DA:128,3
DA:144,3
DA:148,6
DA:149,6
DA:150,6
DA:152,0
DA:156,4
DA:157,4
DA:158,4
DA:160,0
DA:164,13
DA:165,13
DA:166,12
DA:167,12
DA:168,12
DA:172,11
DA:173,11
DA:174,0
DA:175,0
DA:181,0
DA:185,11
DA:186,11
DA:188,2
DA:189,2
DA:195,9
DA:196,9
DA:200,3
DA:201,3
DA:202,3
DA:203,3
DA:204,3
DA:205,2
DA:206,2
DA:207,2
DA:208,2
DA:209,2
DA:210,2
DA:212,0
DA:215,0
DA:221,0
DA:224,3
DA:228,4
DA:229,4
DA:230,4
DA:231,4
DA:232,0
DA:235,4
DA:254,4
DA:255,0
DA:258,4
DA:259,4
DA:260,4
DA:262,0
DA:267,0
DA:272,2
DA:273,2
DA:274,2
DA:275,2
DA:277,2
DA:278,2
DA:279,2
DA:280,1
DA:281,1
DA:282,1
DA:283,1
DA:286,2
DA:287,1
DA:290,2
DA:291,2
DA:295,0
DA:296,0
DA:298,0
DA:299,0
DA:301,0
DA:302,0
DA:304,0
DA:305,0
DA:307,0
DA:308,0
DA:311,0
DA:312,0
DA:315,0
DA:319,1
DA:320,1
DA:321,1
DA:322,1
DA:327,1
DA:328,1
DA:329,1
DA:334,1
DA:336,0
DA:341,0
DA:346,1
DA:347,1
DA:348,1
DA:349,1
DA:350,1
DA:351,0
DA:353,1
DA:354,1
DA:355,1
DA:356,1
DA:361,1
DA:363,0
DA:369,0
DA:374,1
DA:375,1
DA:376,1
DA:377,1
DA:381,1
DA:382,1
DA:386,1
DA:388,0
DA:393,0
DA:398,2
DA:399,2
DA:400,2
DA:401,2
DA:402,2
DA:403,1
DA:405,1
DA:407,2
DA:408,2
DA:409,2
DA:411,0
DA:417,0
DA:422,1
DA:423,1
DA:427,2
DA:428,2
DA:429,2
DA:430,2
DA:432,2
DA:433,2
DA:440,0
DA:441,0
DA:442,0
DA:445,2
DA:447,2
DA:448,2
DA:449,2
DA:451,0
DA:456,2
DA:457,2
DA:459,0
DA:460,0
DA:466,2
DA:468,0
DA:469,0
DA:473,2
DA:484,2
DA:485,2
DA:486,0
DA:488,2
DA:490,0
DA:496,2
LF:205
LH:154
BRDA:41,0,0,1
BRDA:41,0,1,0
BRDA:43,1,0,1
BRDA:43,1,1,0
BRDA:46,2,0,0
BRDA:46,2,1,0
BRDA:49,3,0,1
BRDA:57,4,0,24
BRDA:61,5,0,0
BRDA:61,5,1,1
BRDA:69,6,0,28
BRDA:69,6,1,2
BRDA:96,7,0,0
BRDA:96,7,1,11
BRDA:107,8,0,1
BRDA:107,8,1,2
BRDA:110,9,0,0
BRDA:110,9,1,3
BRDA:117,10,0,1
BRDA:117,10,1,2
BRDA:121,11,0,0
BRDA:121,11,1,3
BRDA:124,12,0,0
BRDA:124,12,1,3
BRDA:148,13,0,6
BRDA:148,13,1,0
BRDA:149,14,0,6
BRDA:149,14,1,0
BRDA:156,15,0,4
BRDA:156,15,1,0
BRDA:157,16,0,4
BRDA:157,16,1,0
BRDA:171,17,0,11
BRDA:174,18,0,0
BRDA:174,18,1,0
BRDA:199,19,0,3
BRDA:204,20,0,1
BRDA:204,20,1,2
BRDA:212,21,0,0
BRDA:212,21,1,0
BRDA:219,22,0,0
BRDA:219,22,1,0
BRDA:227,23,0,4
BRDA:227,24,0,4
BRDA:227,25,0,4
BRDA:227,26,0,4
BRDA:227,27,0,4
BRDA:231,28,0,0
BRDA:231,28,1,4
BRDA:231,29,0,4
BRDA:231,29,1,4
BRDA:239,30,0,4
BRDA:239,30,1,0
BRDA:242,31,0,4
BRDA:242,31,1,0
BRDA:254,32,0,0
BRDA:254,32,1,4
BRDA:254,33,0,4
BRDA:254,33,1,4
BRDA:265,34,0,0
BRDA:265,34,1,0
BRDA:271,35,0,2
BRDA:271,36,0,2
BRDA:274,37,0,2
BRDA:274,37,1,0
BRDA:275,38,0,2
BRDA:275,38,1,0
BRDA:278,39,0,2
BRDA:278,39,1,0
BRDA:279,40,0,1
BRDA:279,40,1,1
BRDA:282,41,0,1
BRDA:282,41,1,0
BRDA:286,42,0,1
BRDA:286,42,1,1
BRDA:286,43,0,2
BRDA:286,43,1,2
BRDA:294,44,0,0
BRDA:294,45,0,0
BRDA:298,46,0,0
BRDA:298,46,1,0
BRDA:301,47,0,0
BRDA:301,47,1,0
BRDA:304,48,0,0
BRDA:304,48,1,0
BRDA:307,49,0,0
BRDA:307,49,1,0
BRDA:311,50,0,0
BRDA:311,50,1,0
BRDA:311,51,0,0
BRDA:311,51,1,0
BRDA:318,52,0,1
BRDA:318,53,0,1
BRDA:339,54,0,0
BRDA:339,54,1,0
BRDA:345,55,0,1
BRDA:350,56,0,0
BRDA:350,56,1,1
BRDA:367,57,0,0
BRDA:367,57,1,0
BRDA:373,58,0,1
BRDA:391,59,0,0
BRDA:391,59,1,0
BRDA:397,60,0,2
BRDA:402,61,0,1
BRDA:402,61,1,1
BRDA:402,62,0,2
BRDA:402,62,1,1
BRDA:415,63,0,0
BRDA:415,63,1,0
BRDA:421,64,0,1
BRDA:423,65,0,1
BRDA:423,65,1,0
BRDA:426,66,0,2
BRDA:435,67,0,2
BRDA:435,67,1,0
BRDA:441,68,0,0
BRDA:441,68,1,0
BRDA:445,69,0,0
BRDA:445,69,1,2
BRDA:456,70,0,0
BRDA:456,70,1,2
BRDA:457,71,0,2
BRDA:457,71,1,0
BRDA:459,72,0,0
BRDA:459,72,1,0
BRDA:460,73,0,0
BRDA:460,73,1,0
BRDA:462,74,0,0
BRDA:462,74,1,0
BRDA:466,75,0,2
BRDA:466,75,1,0
BRDA:468,76,0,0
BRDA:468,76,1,0
BRDA:469,77,0,0
BRDA:469,77,1,0
BRDA:469,78,0,0
BRDA:469,78,1,0
BRDA:475,79,0,2
BRDA:475,79,1,0
BRDA:476,80,0,2
BRDA:476,80,1,0
BRDA:479,81,0,2
BRDA:479,81,1,0
BRDA:484,82,0,0
BRDA:484,82,1,2
BRDA:485,83,0,2
BRDA:485,83,1,0
BRDA:486,84,0,0
BRDA:486,84,1,0
BRDA:486,85,0,0
BRDA:486,85,1,0
BRDA:488,86,0,2
BRDA:488,86,1,0
BRDA:490,87,0,0
BRDA:490,87,1,0
BRDA:492,88,0,0
BRDA:492,88,1,0
BRDA:492,89,0,0
BRDA:492,89,1,0
BRDA:498,90,0,2
BRDA:498,90,1,2
BRDA:501,91,0,2
BRDA:501,91,1,0
BRDA:502,92,0,2
BRDA:502,92,1,0
BRF:166
BRH:76
end_of_record
TN:
SF:src\browser-bridge.js
FN:18,loadPlaywright
FN:23,homeDir
FN:27,rotatorPath
FN:37,browserProfilesDir
FN:41,browserResponsesDir
FN:45,getBrowserResponsePlatform
FN:51,tagResponse
FN:67,(anonymous_7)
FN:97,ingestBrowserResponseFile
FN:117,(anonymous_9)
FN:137,browserSelectorsPath
FN:141,promptLibraryPath
FN:145,platformLastSendPath
FN:160,exists
FN:169,now
FN:173,getTimestamp
FN:184,ensureBrowserDirs
FN:189,loadSelectorOverrides
FN:202,getAdapterModule
FN:204,(anonymous_19)
FN:204,(anonymous_20)
FN:204,(anonymous_21)
FN:204,(anonymous_22)
FN:211,launchBrowser
FN:269,closeBrowser
FN:289,sendPrompt
FN:344,(anonymous_26)
FN:389,(anonymous_27)
FN:440,loadPlatformLastSend
FN:453,waitForMinimumDelay
FN:463,(anonymous_30)
FN:467,comparePrompts
FN:555,loadPromptLibrary
FN:564,(anonymous_33)
FN:570,savePromptLibrary
FN:571,(anonymous_35)
FN:577,addPrompt
FN:586,findPrompt
FN:588,(anonymous_38)
FN:593,updatePrompt
FN:595,(anonymous_40)
FN:604,deletePrompt
FN:606,(anonymous_42)
FN:614,runPromptTemplate
FN:637,loginToPage
FN:664,(anonymous_45)
FN:669,(anonymous_46)
FN:702,listResponses
FN:713,(anonymous_48)
FN:718,(anonymous_49)
FN:750,getResponseMetadata
FN:769,clearResponses
FN:808,captureThread
FN:839,(anonymous_53)
FN:844,(anonymous_54)
FN:852,(anonymous_55)
FN:861,(anonymous_56)
FN:884,(anonymous_57)
FN:909,(anonymous_58)
FN:927,(anonymous_59)
FN:934,(anonymous_60)
FN:944,getDefaultThreadSelectors
FNF:62
FNH:46
FNDA:4,loadPlaywright
FNDA:136,homeDir
FNDA:136,rotatorPath
FNDA:24,browserProfilesDir
FNDA:36,browserResponsesDir
FNDA:4,getBrowserResponsePlatform
FNDA:7,tagResponse
FNDA:5,(anonymous_7)
FNDA:5,ingestBrowserResponseFile
FNDA:3,(anonymous_9)
FNDA:2,browserSelectorsPath
FNDA:39,promptLibraryPath
FNDA:5,platformLastSendPath
FNDA:47,exists
FNDA:7,now
FNDA:5,getTimestamp
FNDA:20,ensureBrowserDirs
FNDA:2,loadSelectorOverrides
FNDA:4,getAdapterModule
FNDA:4,(anonymous_19)
FNDA:0,(anonymous_20)
FNDA:0,(anonymous_21)
FNDA:0,(anonymous_22)
FNDA:4,launchBrowser
FNDA:4,closeBrowser
FNDA:2,sendPrompt
FNDA:0,(anonymous_26)
FNDA:0,(anonymous_27)
FNDA:3,loadPlatformLastSend
FNDA:1,waitForMinimumDelay
FNDA:0,(anonymous_30)
FNDA:1,comparePrompts
FNDA:25,loadPromptLibrary
FNDA:9,(anonymous_33)
FNDA:14,savePromptLibrary
FNDA:14,(anonymous_35)
FNDA:13,addPrompt
FNDA:4,findPrompt
FNDA:2,(anonymous_38)
FNDA:2,updatePrompt
FNDA:2,(anonymous_40)
FNDA:2,deletePrompt
FNDA:1,(anonymous_42)
FNDA:0,runPromptTemplate
FNDA:0,loginToPage
FNDA:0,(anonymous_45)
FNDA:0,(anonymous_46)
FNDA:5,listResponses
FNDA:3,(anonymous_48)
FNDA:16,(anonymous_49)
FNDA:0,getResponseMetadata
FNDA:1,clearResponses
FNDA:3,captureThread
FNDA:0,(anonymous_53)
FNDA:0,(anonymous_54)
FNDA:0,(anonymous_55)
FNDA:4,(anonymous_56)
FNDA:4,(anonymous_57)
FNDA:0,(anonymous_58)
FNDA:0,(anonymous_59)
FNDA:4,(anonymous_60)
FNDA:2,getDefaultThreadSelectors
DA:16,6
DA:19,4
DA:20,4
DA:24,136
DA:28,136
DA:31,6
DA:32,6
DA:33,6
DA:34,6
DA:35,6
DA:38,24
DA:42,36
DA:46,4
DA:47,4
DA:48,4
DA:52,7
DA:53,7
DA:54,7
DA:55,0
DA:58,7
DA:59,7
DA:60,1
DA:63,6
DA:64,6
DA:65,6
DA:66,6
DA:67,5
DA:76,5
DA:78,6
DA:80,6
DA:81,6
DA:82,7
DA:83,3
DA:84,3
DA:85,3
DA:86,3
DA:89,6
DA:98,5
DA:99,5
DA:100,5
DA:101,1
DA:105,1
DA:108,4
DA:109,4
DA:110,4
DA:111,4
DA:115,4
DA:116,4
DA:117,3
DA:118,3
DA:125,3
DA:127,1
DA:133,1
DA:138,2
DA:142,39
DA:146,5
DA:149,6
DA:158,6
DA:161,47
DA:162,47
DA:163,21
DA:165,26
DA:170,7
DA:174,5
DA:175,5
DA:176,5
DA:177,5
DA:178,5
DA:179,5
DA:180,5
DA:181,5
DA:185,20
DA:186,20
DA:190,2
DA:191,2
DA:192,2
DA:194,0
DA:195,0
DA:196,0
DA:198,0
DA:203,4
DA:204,4
DA:205,4
DA:207,0
DA:218,4
DA:219,4
DA:220,4
DA:222,4
DA:224,4
DA:230,4
DA:231,0
DA:232,0
DA:233,0
DA:234,0
DA:237,4
DA:238,4
DA:239,0
DA:240,0
DA:241,0
DA:246,4
DA:250,4
DA:252,4
DA:253,4
DA:254,0
DA:255,0
DA:258,4
DA:262,4
DA:263,4
DA:264,4
DA:266,4
DA:270,4
DA:273,4
DA:274,4
DA:275,4
DA:276,4
DA:277,0
DA:283,4
DA:284,4
DA:285,4
DA:297,2
DA:299,2
DA:300,2
DA:301,2
DA:303,2
DA:304,0
DA:309,0
DA:314,0
DA:324,2
DA:325,2
DA:332,2
DA:333,2
DA:334,2
DA:335,2
DA:338,2
DA:341,2
DA:342,2
DA:344,2
DA:345,2
DA:346,0
DA:351,2
DA:352,2
DA:355,2
DA:358,2
DA:359,2
DA:364,2
DA:377,2
DA:378,2
DA:379,2
DA:380,2
DA:381,2
DA:383,2
DA:386,2
DA:387,2
DA:389,0
DA:390,0
DA:393,2
DA:395,2
DA:396,2
DA:398,0
DA:407,2
DA:408,2
DA:409,2
DA:411,2
DA:418,2
DA:426,0
DA:432,0
DA:434,2
DA:435,2
DA:441,3
DA:442,3
DA:443,3
DA:445,0
DA:446,0
DA:447,0
DA:449,0
DA:454,1
DA:455,1
DA:456,1
DA:458,0
DA:459,0
DA:461,0
DA:462,0
DA:463,0
DA:475,1
DA:477,1
DA:478,1
DA:480,1
DA:481,0
DA:489,1
DA:491,1
DA:493,1
DA:495,1
DA:496,1
DA:504,1
DA:506,0
DA:515,1
DA:516,1
DA:518,1
DA:527,1
DA:528,1
DA:529,0
DA:537,1
DA:545,1
DA:547,1
DA:556,25
DA:557,25
DA:558,16
DA:561,9
DA:562,9
DA:563,9
DA:564,25
DA:566,0
DA:571,14
DA:572,14
DA:573,14
DA:574,14
DA:578,13
DA:579,13
DA:580,13
DA:581,13
DA:582,13
DA:583,11
DA:587,4
DA:588,4
DA:589,4
DA:590,2
DA:594,2
DA:595,2
DA:596,2
DA:598,2
DA:599,2
DA:600,2
DA:601,2
DA:605,2
DA:606,2
DA:607,2
DA:609,1
DA:610,1
DA:611,1
DA:615,0
DA:617,0
DA:618,0
DA:621,0
DA:622,0
DA:626,0
DA:627,0
DA:630,0
DA:638,0
DA:640,0
DA:642,0
DA:643,0
DA:650,0
DA:651,0
DA:652,0
DA:653,0
DA:659,0
DA:660,0
DA:661,0
DA:662,0
DA:664,0
DA:665,0
DA:668,0
DA:669,0
DA:670,0
DA:673,0
DA:674,0
DA:676,0
DA:677,0
DA:680,0
DA:681,0
DA:683,0
DA:688,0
DA:694,0
DA:696,0
DA:697,0
DA:703,5
DA:704,5
DA:706,5
DA:707,0
DA:710,5
DA:712,5
DA:713,3
DA:717,5
DA:718,16
DA:722,5
DA:724,5
DA:725,5
DA:728,5
DA:729,5
DA:731,5
DA:732,5
DA:733,8
DA:734,8
DA:735,8
DA:736,8
DA:737,8
DA:746,5
DA:747,5
DA:751,0
DA:752,0
DA:753,0
DA:756,0
DA:757,0
DA:759,0
DA:770,1
DA:771,1
DA:773,1
DA:774,0
DA:777,1
DA:778,1
DA:779,1
DA:781,1
DA:782,2
DA:784,2
DA:785,0
DA:788,2
DA:789,0
DA:790,0
DA:791,0
DA:792,0
DA:793,0
DA:796,2
DA:797,0
DA:798,0
DA:799,0
DA:803,1
DA:809,3
DA:810,1
DA:814,2
DA:815,2
DA:816,3
DA:818,3
DA:819,2
DA:826,2
DA:828,2
DA:829,2
DA:831,2
DA:832,2
DA:835,2
DA:838,2
DA:840,0
DA:841,0
DA:843,0
DA:845,0
DA:846,0
DA:847,0
DA:848,0
DA:850,0
DA:852,0
DA:857,2
DA:858,0
DA:861,4
DA:862,2
DA:863,0
DA:870,2
DA:871,2
DA:872,2
DA:874,3
DA:883,3
DA:884,3
DA:886,4
DA:887,4
DA:888,4
DA:892,3
DA:893,3
DA:894,2
DA:896,2
DA:898,2
DA:899,2
DA:900,2
DA:901,2
DA:903,2
DA:906,2
DA:907,2
DA:909,0
DA:910,0
DA:913,2
DA:914,2
DA:915,2
DA:916,2
DA:922,2
DA:926,0
DA:927,0
DA:929,0
DA:932,2
DA:934,4
DA:940,2
DA:945,2
DA:968,2
LF:389
LH:282
BRDA:24,0,0,136
BRDA:24,0,1,0
BRDA:48,1,0,4
BRDA:48,1,1,0
BRDA:51,2,0,7
BRDA:53,3,0,7
BRDA:53,3,1,0
BRDA:54,4,0,0
BRDA:54,4,1,7
BRDA:59,5,0,1
BRDA:59,5,1,6
BRDA:66,6,0,5
BRDA:66,6,1,1
BRDA:74,7,0,3
BRDA:74,7,1,2
BRDA:81,8,0,3
BRDA:81,8,1,3
BRDA:82,9,0,3
BRDA:82,9,1,4
BRDA:84,10,0,3
BRDA:84,10,1,2
BRDA:100,11,0,1
BRDA:100,11,1,4
BRDA:117,12,0,3
BRDA:117,12,1,0
BRDA:131,13,0,1
BRDA:131,13,1,1
BRDA:191,14,0,2
BRDA:191,14,1,0
BRDA:196,15,0,0
BRDA:196,15,1,0
BRDA:211,16,0,4
BRDA:213,17,0,4
BRDA:215,18,0,4
BRDA:216,19,0,4
BRDA:217,20,0,4
BRDA:222,21,0,0
BRDA:222,21,1,4
BRDA:230,22,0,0
BRDA:230,22,1,4
BRDA:232,23,0,0
BRDA:232,23,1,0
BRDA:232,23,2,0
BRDA:232,23,3,0
BRDA:232,23,4,0
BRDA:233,24,0,0
BRDA:233,24,1,0
BRDA:238,25,0,0
BRDA:238,25,1,4
BRDA:239,26,0,0
BRDA:239,26,1,0
BRDA:239,26,2,0
BRDA:239,26,3,0
BRDA:239,26,4,0
BRDA:240,27,0,0
BRDA:240,27,1,0
BRDA:246,28,0,4
BRDA:246,28,1,0
BRDA:253,29,0,0
BRDA:253,29,1,4
BRDA:253,30,0,4
BRDA:253,30,1,4
BRDA:259,31,0,0
BRDA:259,31,1,4
BRDA:270,32,0,0
BRDA:270,32,1,4
BRDA:273,33,0,4
BRDA:273,33,1,0
BRDA:284,34,0,4
BRDA:284,34,1,0
BRDA:293,35,0,2
BRDA:294,36,0,2
BRDA:295,37,0,2
BRDA:296,38,0,2
BRDA:299,39,0,0
BRDA:299,39,1,2
BRDA:300,40,0,0
BRDA:300,40,1,2
BRDA:303,41,0,0
BRDA:303,41,1,2
BRDA:345,42,0,0
BRDA:345,42,1,2
BRDA:402,43,0,0
BRDA:402,43,1,0
BRDA:430,44,0,0
BRDA:430,44,1,0
BRDA:434,45,0,2
BRDA:434,45,1,0
BRDA:442,46,0,3
BRDA:442,46,1,0
BRDA:447,47,0,0
BRDA:447,47,1,0
BRDA:456,48,0,1
BRDA:456,48,1,0
BRDA:461,49,0,0
BRDA:461,49,1,0
BRDA:470,50,0,1
BRDA:471,51,0,1
BRDA:472,52,0,1
BRDA:473,53,0,1
BRDA:474,54,0,1
BRDA:477,55,0,0
BRDA:477,55,1,1
BRDA:478,56,0,0
BRDA:478,56,1,1
BRDA:480,57,0,0
BRDA:480,57,1,1
BRDA:508,58,0,0
BRDA:508,58,1,0
BRDA:528,59,0,0
BRDA:528,59,1,1
BRDA:557,60,0,16
BRDA:557,60,1,9
BRDA:563,61,0,9
BRDA:563,61,1,0
BRDA:589,62,0,2
BRDA:589,62,1,2
BRDA:596,63,0,0
BRDA:596,63,1,2
BRDA:607,64,0,1
BRDA:607,64,1,1
BRDA:615,65,0,0
BRDA:615,66,0,0
BRDA:638,67,0,0
BRDA:638,68,0,0
BRDA:640,69,0,0
BRDA:640,69,1,0
BRDA:676,70,0,0
BRDA:676,70,1,0
BRDA:692,71,0,0
BRDA:692,71,1,0
BRDA:702,72,0,5
BRDA:703,73,0,5
BRDA:703,74,0,5
BRDA:706,75,0,0
BRDA:706,75,1,5
BRDA:712,76,0,2
BRDA:712,76,1,3
BRDA:717,77,0,3
BRDA:717,77,1,2
BRDA:724,78,0,5
BRDA:724,78,1,0
BRDA:736,79,0,8
BRDA:736,79,1,7
BRDA:741,80,0,8
BRDA:741,80,1,7
BRDA:742,81,0,8
BRDA:742,81,1,7
BRDA:752,82,0,0
BRDA:752,82,1,0
BRDA:769,83,0,1
BRDA:770,84,0,1
BRDA:770,85,0,1
BRDA:773,86,0,0
BRDA:773,86,1,1
BRDA:784,87,0,0
BRDA:784,87,1,2
BRDA:788,88,0,0
BRDA:788,88,1,2
BRDA:788,89,0,2
BRDA:788,89,1,0
BRDA:796,90,0,0
BRDA:796,90,1,2
BRDA:808,91,0,3
BRDA:808,92,0,3
BRDA:808,93,0,3
BRDA:808,94,0,3
BRDA:809,95,0,1
BRDA:809,95,1,2
BRDA:815,96,0,2
BRDA:815,96,1,2
BRDA:816,97,0,3
BRDA:816,97,1,2
BRDA:818,98,0,2
BRDA:818,98,1,1
BRDA:841,99,0,0
BRDA:841,99,1,0
BRDA:846,100,0,0
BRDA:846,100,1,0
BRDA:846,101,0,0
BRDA:846,101,1,0
BRDA:848,102,0,0
BRDA:848,102,1,0
BRDA:852,103,0,0
BRDA:852,103,1,0
BRDA:857,104,0,0
BRDA:857,104,1,2
BRDA:861,105,0,4
BRDA:861,105,1,0
BRDA:862,106,0,0
BRDA:862,106,1,2
BRDA:862,107,0,2
BRDA:862,107,1,2
BRDA:872,108,0,2
BRDA:872,108,1,0
BRDA:886,109,0,4
BRDA:886,109,1,0
BRDA:968,110,0,2
BRDA:968,110,1,0
BRF:199
BRH:110
end_of_record
TN:
SF:src\idea-store.js
FN:14,(anonymous_0)
FN:24,formatValidationError
FN:26,(anonymous_2)
FN:31,createIdeaInvalidError
FN:39,parseIdeaOrThrowDomainError
FN:47,slugify
FN:56,normalizeTags
FN:58,(anonymous_7)
FN:61,(anonymous_8)
FN:65,extractTitle
FN:66,(anonymous_10)
FN:71,stripTitleFromBody
FN:81,maxCharHint
FN:85,estimateTokens
FN:89,pathExists
FN:98,quarantineFile
FN:107,findGitRoot
FN:120,ensureDirectory
FN:125,getIdeaContext
FN:142,createIdea
FN:187,listIdeas
FN:231,(anonymous_21)
FN:234,findIdeaById
FN:236,(anonymous_23)
FN:243,updateIdea
FN:265,markIdeaDone
FN:269,linkIdeaToSprint
FN:273,exportIdeas
FN:282,(anonymous_28)
FN:288,(anonymous_29)
FN:292,(anonymous_30)
FNF:31
FNH:29
FNDA:113,(anonymous_0)
FNDA:3,formatValidationError
FNDA:7,(anonymous_2)
FNDA:3,createIdeaInvalidError
FNDA:114,parseIdeaOrThrowDomainError
FNDA:53,slugify
FNDA:114,normalizeTags
FNDA:83,(anonymous_7)
FNDA:3,(anonymous_8)
FNDA:59,extractTitle
FNDA:117,(anonymous_10)
FNDA:6,stripTitleFromBody
FNDA:0,maxCharHint
FNDA:6,estimateTokens
FNDA:754,pathExists
FNDA:2,quarantineFile
FNDA:104,findGitRoot
FNDA:55,ensureDirectory
FNDA:104,getIdeaContext
FNDA:55,createIdea
FNDA:44,listIdeas
FNDA:11,(anonymous_21)
FNDA:17,findIdeaById
FNDA:17,(anonymous_23)
FNDA:9,updateIdea
FNDA:1,markIdeaDone
FNDA:2,linkIdeaToSprint
FNDA:14,exportIdeas
FNDA:6,(anonymous_28)
FNDA:6,(anonymous_29)
FNDA:0,(anonymous_30)
DA:9,11
DA:10,11
DA:12,11
DA:14,113
DA:25,3
DA:26,7
DA:28,0
DA:32,3
DA:33,3
DA:40,114
DA:41,114
DA:43,3
DA:48,53
DA:53,53
DA:57,114
DA:58,98
DA:59,1
DA:61,3
DA:66,117
DA:67,59
DA:68,59
DA:72,6
DA:73,6
DA:74,6
DA:75,6
DA:76,6
DA:78,0
DA:82,0
DA:86,6
DA:90,754
DA:91,754
DA:92,42
DA:94,712
DA:99,2
DA:100,2
DA:101,2
DA:102,2
DA:103,2
DA:108,104
DA:109,104
DA:110,657
DA:111,12
DA:113,645
DA:114,645
DA:115,553
DA:117,92
DA:121,55
DA:122,55
DA:126,104
DA:127,104
DA:128,104
DA:133,104
DA:134,104
DA:151,55
DA:152,55
DA:154,55
DA:155,55
DA:156,1
DA:159,54
DA:160,54
DA:161,54
DA:170,55
DA:172,55
DA:173,55
DA:174,55
DA:175,55
DA:176,55
DA:177,0
DA:178,0
DA:181,53
DA:182,53
DA:183,53
DA:184,53
DA:188,44
DA:189,44
DA:190,44
DA:191,14
DA:192,14
DA:194,30
DA:195,30
DA:196,30
DA:197,30
DA:198,52
DA:199,52
DA:200,52
DA:201,52
DA:204,52
DA:205,52
DA:206,52
DA:212,2
DA:213,2
DA:214,2
DA:216,50
DA:222,52
DA:223,45
DA:224,38
DA:225,37
DA:227,0
DA:228,0
DA:231,30
DA:235,17
DA:236,17
DA:237,17
DA:238,1
DA:240,16
DA:244,9
DA:245,9
DA:254,9
DA:255,9
DA:260,9
DA:261,9
DA:262,8
DA:266,1
DA:270,2
DA:274,14
DA:275,14
DA:276,11
DA:279,3
DA:280,14
DA:282,14
DA:283,6
DA:284,6
DA:285,6
DA:288,14
DA:289,14
DA:291,14
DA:292,0
DA:293,0
DA:294,0
DA:295,0
DA:296,0
DA:298,0
DA:300,0
DA:303,3
DA:304,0
DA:307,3
LF:136
LH:121
BRDA:25,0,0,3
BRDA:25,0,1,0
BRDA:26,1,0,7
BRDA:26,1,1,0
BRDA:28,2,0,0
BRDA:28,2,1,0
BRDA:31,3,0,3
BRDA:39,4,0,114
BRDA:48,5,0,53
BRDA:48,5,1,0
BRDA:53,6,0,53
BRDA:53,6,1,0
BRDA:57,7,0,16
BRDA:57,7,1,98
BRDA:58,8,0,97
BRDA:58,8,1,1
BRDA:66,9,0,59
BRDA:66,9,1,0
BRDA:67,10,0,0
BRDA:67,10,1,59
BRDA:68,11,0,59
BRDA:68,11,1,0
BRDA:72,12,0,6
BRDA:72,12,1,0
BRDA:73,13,0,0
BRDA:73,13,1,6
BRDA:75,14,0,6
BRDA:75,14,1,0
BRDA:86,15,0,6
BRDA:86,15,1,0
BRDA:107,16,0,104
BRDA:110,17,0,12
BRDA:110,17,1,645
BRDA:114,18,0,92
BRDA:114,18,1,553
BRDA:125,19,0,104
BRDA:125,20,0,104
BRDA:127,21,0,104
BRDA:127,21,1,92
BRDA:128,22,0,62
BRDA:128,22,1,42
BRDA:130,23,0,2
BRDA:130,23,1,40
BRDA:132,24,0,40
BRDA:132,24,1,0
BRDA:142,25,0,55
BRDA:145,26,0,55
BRDA:146,27,0,55
BRDA:147,28,0,55
BRDA:154,29,0,55
BRDA:154,29,1,1
BRDA:155,30,0,1
BRDA:155,30,1,54
BRDA:168,31,0,4
BRDA:168,31,1,50
BRDA:176,32,0,0
BRDA:176,32,1,55
BRDA:187,33,0,44
BRDA:187,34,0,44
BRDA:190,35,0,14
BRDA:190,35,1,30
BRDA:198,36,0,0
BRDA:198,36,1,52
BRDA:209,37,0,52
BRDA:209,37,1,46
BRDA:218,38,0,50
BRDA:218,38,1,0
BRDA:222,39,0,5
BRDA:222,39,1,47
BRDA:222,40,0,52
BRDA:222,40,1,19
BRDA:223,41,0,7
BRDA:223,41,1,38
BRDA:223,42,0,45
BRDA:223,42,1,15
BRDA:224,43,0,1
BRDA:224,43,1,37
BRDA:224,44,0,38
BRDA:224,44,1,3
BRDA:234,45,0,17
BRDA:237,46,0,1
BRDA:237,46,1,16
BRDA:243,47,0,9
BRDA:243,48,0,9
BRDA:248,49,0,9
BRDA:248,49,1,9
BRDA:249,50,0,9
BRDA:249,50,1,8
BRDA:250,51,0,4
BRDA:250,51,1,5
BRDA:251,52,0,1
BRDA:251,52,1,8
BRDA:252,53,0,7
BRDA:252,53,1,2
BRDA:257,54,0,1
BRDA:257,54,1,7
BRDA:265,55,0,1
BRDA:269,56,0,2
BRDA:273,57,0,14
BRDA:273,58,0,14
BRDA:273,59,0,14
BRDA:275,60,0,11
BRDA:275,60,1,3
BRDA:279,61,0,3
BRDA:279,61,1,0
BRDA:279,61,2,0
BRDA:280,62,0,14
BRDA:280,62,1,0
BRDA:280,63,0,14
BRDA:280,63,1,0
BRDA:291,64,0,0
BRDA:291,64,1,14
BRDA:295,65,0,0
BRDA:295,65,1,0
BRDA:303,66,0,0
BRDA:303,66,1,3
BRF:116
BRH:91
end_of_record
TN:
SF:src\local-llm.js
FN:37,llmBaseDir
FN:41,modelDir
FN:45,sha256
FN:56,download
FN:57,(anonymous_4)
FN:58,(anonymous_5)
FN:70,(anonymous_6)
FN:77,getLlmStatus
FN:82,(anonymous_8)
FN:90,(anonymous_9)
FN:108,getLocalLlmStatus
FN:114,(anonymous_11)
FN:132,setupModel
FN:173,askLocalLlm
FN:178,ingestDocuments
FN:199,addMistake
FN:204,importSprints
FN:245,generatePrompt
FN:250,modulePath
FNF:19
FNH:10
FNDA:5,llmBaseDir
FNDA:3,modelDir
FNDA:1,sha256
FNDA:0,download
FNDA:0,(anonymous_4)
FNDA:0,(anonymous_5)
FNDA:0,(anonymous_6)
FNDA:1,getLlmStatus
FNDA:2,(anonymous_8)
FNDA:0,(anonymous_9)
FNDA:3,getLocalLlmStatus
FNDA:2,(anonymous_11)
FNDA:2,setupModel
FNDA:1,askLocalLlm
FNDA:1,ingestDocuments
FNDA:0,addMistake
FNDA:0,importSprints
FNDA:0,generatePrompt
FNDA:0,modulePath
DA:1,4
DA:17,4
DA:19,4
DA:32,4
DA:38,5
DA:42,3
DA:46,1
DA:47,1
DA:48,1
DA:49,1
DA:51,1
DA:53,1
DA:57,0
DA:58,0
DA:59,0
DA:60,0
DA:61,0
DA:62,0
DA:64,0
DA:65,0
DA:66,0
DA:68,0
DA:69,0
DA:70,0
DA:71,0
DA:73,0
DA:78,1
DA:79,1
DA:80,1
DA:81,1
DA:82,2
DA:84,0
DA:87,1
DA:88,1
DA:89,1
DA:90,1
DA:93,1
DA:94,1
DA:109,3
DA:110,3
DA:112,3
DA:113,3
DA:114,2
DA:116,1
DA:119,3
DA:120,1
DA:123,2
DA:124,2
DA:126,1
DA:129,1
DA:133,2
DA:134,2
DA:135,0
DA:138,0
DA:139,0
DA:141,0
DA:142,0
DA:145,2
DA:146,2
DA:147,2
DA:148,1
DA:151,1
DA:154,2
DA:156,2
DA:157,1
DA:159,0
DA:162,1
DA:163,1
DA:164,0
DA:165,0
DA:168,1
DA:169,1
DA:170,1
DA:174,1
DA:175,1
DA:179,1
DA:180,1
DA:181,1
DA:182,1
DA:183,1
DA:186,0
DA:187,1
DA:188,1
DA:190,0
DA:195,0
DA:200,0
DA:201,0
DA:205,0
DA:206,0
DA:207,0
DA:208,0
DA:209,0
DA:210,0
DA:211,0
DA:212,0
DA:213,0
DA:214,0
DA:215,0
DA:216,0
DA:217,0
DA:218,0
DA:225,0
DA:228,0
DA:229,0
DA:230,0
DA:232,0
DA:237,0
DA:239,0
DA:240,0
DA:246,0
DA:247,0
DA:251,0
LF:112
LH:59
BRDA:38,0,0,5
BRDA:38,0,1,1
BRDA:59,1,0,0
BRDA:59,1,1,0
BRDA:59,2,0,0
BRDA:59,2,1,0
BRDA:64,3,0,0
BRDA:64,3,1,0
BRDA:77,4,0,1
BRDA:89,5,0,1
BRDA:89,5,1,0
BRDA:98,6,0,1
BRDA:98,6,1,0
BRDA:100,7,0,0
BRDA:100,7,1,0
BRDA:103,8,0,1
BRDA:103,8,1,0
BRDA:103,9,0,0
BRDA:103,9,1,0
BRDA:108,10,0,3
BRDA:108,11,0,3
BRDA:119,12,0,1
BRDA:119,12,1,2
BRDA:132,13,0,2
BRDA:132,14,0,2
BRDA:134,15,0,0
BRDA:134,15,1,2
BRDA:135,16,0,0
BRDA:135,16,1,0
BRDA:137,17,0,0
BRDA:137,17,1,0
BRDA:138,18,0,0
BRDA:138,18,1,0
BRDA:147,19,0,1
BRDA:147,19,1,1
BRDA:147,20,0,2
BRDA:147,20,1,2
BRDA:151,21,0,1
BRDA:151,21,1,0
BRDA:151,22,0,1
BRDA:151,22,1,1
BRDA:153,23,0,0
BRDA:153,23,1,0
BRDA:156,24,0,1
BRDA:156,24,1,0
BRDA:163,25,0,0
BRDA:163,25,1,1
BRDA:163,26,0,1
BRDA:163,26,1,0
BRDA:173,27,0,1
BRDA:178,28,0,1
BRDA:179,29,0,1
BRDA:179,29,1,0
BRDA:180,30,0,1
BRDA:180,30,1,0
BRDA:183,31,0,1
BRDA:183,31,1,0
BRDA:186,32,0,1
BRDA:186,32,1,0
BRDA:186,33,0,0
BRDA:186,33,1,0
BRDA:193,34,0,0
BRDA:193,34,1,0
BRDA:199,35,0,0
BRDA:204,36,0,0
BRDA:205,37,0,0
BRDA:205,37,1,0
BRDA:206,38,0,0
BRDA:206,38,1,0
BRDA:217,39,0,0
BRDA:217,39,1,0
BRDA:235,40,0,0
BRDA:235,40,1,0
BRDA:239,41,0,0
BRDA:239,41,1,0
BRDA:245,42,0,0
BRF:76
BRH:29
end_of_record
TN:
SF:src\secret-store.js
FN:11,(anonymous_0)
FN:15,(anonymous_1)
FN:19,(anonymous_2)
FN:29,(anonymous_3)
FN:48,(anonymous_4)
FN:54,(anonymous_5)
FN:59,(anonymous_6)
FN:70,(anonymous_7)
FN:76,(anonymous_8)
FN:88,(anonymous_9)
FN:94,(anonymous_10)
FN:103,(anonymous_11)
FN:112,(anonymous_12)
FN:121,(anonymous_13)
FN:136,defaultProgressPath
FN:141,getSupervisorCredentials
FN:146,setSupervisorCredentials
FNF:17
FNH:15
FNDA:1,(anonymous_0)
FNDA:3,(anonymous_1)
FNDA:3,(anonymous_2)
FNDA:2,(anonymous_3)
FNDA:1,(anonymous_4)
FNDA:1,(anonymous_5)
FNDA:1,(anonymous_6)
FNDA:5,(anonymous_7)
FNDA:16,(anonymous_8)
FNDA:1,(anonymous_9)
FNDA:5,(anonymous_10)
FNDA:8,(anonymous_11)
FNDA:3,(anonymous_12)
FNDA:1,(anonymous_13)
FNDA:1,defaultProgressPath
FNDA:0,getSupervisorCredentials
FNDA:0,setSupervisorCredentials
DA:8,5
DA:12,1
DA:16,3
DA:20,3
DA:21,3
DA:22,2
DA:23,2
DA:25,1
DA:30,2
DA:31,2
DA:32,2
DA:35,2
DA:36,2
DA:38,0
DA:39,0
DA:41,0
DA:43,2
DA:44,2
DA:49,1
DA:50,1
DA:51,1
DA:55,1
DA:56,1
DA:60,1
DA:61,1
DA:62,1
DA:63,1
DA:64,1
DA:65,1
DA:71,5
DA:72,5
DA:73,5
DA:77,16
DA:78,4
DA:79,4
DA:80,4
DA:82,0
DA:83,0
DA:85,4
DA:89,1
DA:90,1
DA:91,1
DA:95,5
DA:96,5
DA:97,5
DA:99,1
DA:104,8
DA:105,8
DA:106,8
DA:108,0
DA:113,3
DA:114,3
DA:115,3
DA:117,0
DA:122,1
DA:123,1
DA:124,1
DA:125,1
DA:126,1
DA:127,1
DA:128,1
DA:129,1
DA:132,1
DA:137,1
DA:142,0
DA:143,0
DA:147,0
DA:148,0
LF:68
LH:57
BRDA:22,0,0,0
BRDA:22,0,1,2
BRDA:56,1,0,1
BRDA:56,1,1,0
BRDA:70,2,0,5
BRDA:71,3,0,5
BRDA:71,3,1,4
BRDA:72,4,0,5
BRDA:72,4,1,1
BRDA:77,5,0,12
BRDA:77,5,1,4
BRDA:121,6,0,1
BRDA:126,7,0,1
BRDA:126,7,1,0
BRDA:126,8,0,1
BRDA:126,8,1,1
BRDA:141,9,0,0
BRDA:146,10,0,0
BRF:18
BRH:13
end_of_record
